


ARM Macro Assembler    Page 1 


    1 00000000         ;/******************************************************
                       ************************
    2 00000000         ; * @file     startup_Nano100Series.s
    3 00000000         ; * @version  V1.00
    4 00000000         ; * $Revision: 4 $
    5 00000000         ; * $Date: 15/06/08 5:12p $ 
    6 00000000         ; * @brief    CMSIS ARM Cortex-M0 Core Device Startup Fi
                       le
    7 00000000         ; *
    8 00000000         ; * @note
    9 00000000         ; * Copyright (C) 2013 Nuvoton Technology Corp. All righ
                       ts reserved.
   10 00000000         ;*******************************************************
                       **********************/  
   11 00000000         
   12 00000000         
   13 00000000         ; <h> Stack Configuration
   14 00000000         ;   <o> Stack Size (in Bytes) <0x0-0xFFFFFFFF:8>
   15 00000000         ; </h>
   16 00000000                 IF               :LNOT: :DEF: Stack_Size
   18                          ENDIF
   19 00000000                 AREA             STACK, NOINIT, READWRITE, ALIGN
=3
   20 00000000         Stack_Mem
                               SPACE            Stack_Size
   21 00000500         __initial_sp
   22 00000500         
   23 00000500         
   24 00000500         ; <h> Heap Configuration
   25 00000500         ;   <o>  Heap Size (in Bytes) <0x0-0xFFFFFFFF:8>
   26 00000500         ; </h>
   27 00000500                 IF               :LNOT: :DEF: Heap_Size
   29                          ENDIF
   30 00000500                 AREA             HEAP, NOINIT, READWRITE, ALIGN=
3
   31 00000000         __heap_base
   32 00000000         Heap_Mem
                               SPACE            Heap_Size
   33 00000500         __heap_limit
   34 00000500         
   35 00000500         
   36 00000500                 PRESERVE8
   37 00000500                 THUMB
   38 00000500         
   39 00000500         
   40 00000500         ; Vector Table Mapped to Address 0 at Reset
   41 00000500         
   42 00000500                 AREA             RESET, DATA, READONLY
   43 00000000                 EXPORT           __Vectors
   44 00000000         
   45 00000000 00000000 
                       __Vectors
                               DCD              __initial_sp ; Top of Stack
   46 00000004 00000000        DCD              Reset_Handler ; Reset Handler
   47 00000008 00000000        DCD              NMI_Handler ; NMI Handler
   48 0000000C 00000000        DCD              HardFault_Handler ; Hard Fault 
                                                            Handler
   49 00000010 00000000        DCD              0           ; Reserved
   50 00000014 00000000        DCD              0           ; Reserved



ARM Macro Assembler    Page 2 


   51 00000018 00000000        DCD              0           ; Reserved
   52 0000001C 00000000        DCD              0           ; Reserved
   53 00000020 00000000        DCD              0           ; Reserved
   54 00000024 00000000        DCD              0           ; Reserved
   55 00000028 00000000        DCD              0           ; Reserved
   56 0000002C 00000000        DCD              SVC_Handler ; SVCall Handler
   57 00000030 00000000        DCD              0           ; Reserved
   58 00000034 00000000        DCD              0           ; Reserved
   59 00000038 00000000        DCD              PendSV_Handler ; PendSV Handler
                                                            
   60 0000003C 00000000        DCD              SysTick_Handler 
                                                            ; SysTick Handler
   61 00000040         
   62 00000040         ; External Interrupts
   63 00000040 00000000        DCD              BOD_IRQHandler ; Brownout low v
                                                            oltage detected int
                                                            errupt  
   64 00000044 00000000        DCD              WDT_IRQHandler ; Watch Dog Time
                                                            r interrupt  
   65 00000048 00000000        DCD              EINT0_IRQHandler ; External sig
                                                            nal interrupt from 
                                                            PB.14 pin
   66 0000004C 00000000        DCD              EINT1_IRQHandler ; External sig
                                                            nal interrupt from 
                                                            PB.15 pin
   67 00000050 00000000        DCD              GPABC_IRQHandler ; External int
                                                            errupt from PA[15:0
                                                            ]/PB[15:0]/PC[15:0]
                                                              
   68 00000054 00000000        DCD              GPDEF_IRQHandler ; External int
                                                            errupt from PD[15:0
                                                            ]/PE[15:0]/PF[7:0]
   69 00000058 00000000        DCD              PWM0_IRQHandler 
                                                            ; PWM 0 interrupt 
   70 0000005C 00000000        DCD              PWM1_IRQHandler 
                                                            ; PWM 1 interrupt  
                                                            
   71 00000060 00000000        DCD              TMR0_IRQHandler 
                                                            ; Timer 0 interrupt
                                                            
   72 00000064 00000000        DCD              TMR1_IRQHandler ; Timer 1 inter
                                                            rupt  
   73 00000068 00000000        DCD              TMR2_IRQHandler ; Timer 2 inter
                                                            rupt 
   74 0000006C 00000000        DCD              TMR3_IRQHandler ; Timer 3 inter
                                                            rupt 
   75 00000070 00000000        DCD              UART0_IRQHandler 
                                                            ; UART0 interrupt
   76 00000074 00000000        DCD              UART1_IRQHandler 
                                                            ; UART1 interrupt
   77 00000078 00000000        DCD              SPI0_IRQHandler 
                                                            ; SPI0 interrupt 
   78 0000007C 00000000        DCD              SPI1_IRQHandler 
                                                            ; SPI1 interrupt 
   79 00000080 00000000        DCD              SPI2_IRQHandler 
                                                            ; SPI2 interrupt 
   80 00000084 00000000        DCD              HIRC_IRQHandler 
                                                            ; HIRC interrupt 
   81 00000088 00000000        DCD              I2C0_IRQHandler 



ARM Macro Assembler    Page 3 


                                                            ; I2C0 interrupt 
   82 0000008C 00000000        DCD              I2C1_IRQHandler 
                                                            ; I2C1 interrupt 
   83 00000090 00000000        DCD              SC2_IRQHandler ; SC2 interrupt
   84 00000094 00000000        DCD              SC0_IRQHandler ; SC0 interrupt
   85 00000098 00000000        DCD              SC1_IRQHandler ; SC1 interrupt
   86 0000009C 00000000        DCD              USBD_IRQHandler ; USB FS Device
                                                             interrupt 
   87 000000A0 00000000        DCD              0           ; Reserved  
   88 000000A4 00000000        DCD              LCD_IRQHandler ; LCD interrupt 
                                                            
   89 000000A8 00000000        DCD              PDMA_IRQHandler 
                                                            ; PDMA interrupt
   90 000000AC 00000000        DCD              I2S_IRQHandler ; I2S interrupt 
                                                            
   91 000000B0 00000000        DCD              PDWU_IRQHandler ; Power Down Wa
                                                            ke up interrupt
   92 000000B4 00000000        DCD              ADC_IRQHandler ; ADC interrupt
   93 000000B8 00000000        DCD              DAC_IRQHandler ; DAC interrupt
   94 000000BC 00000000        DCD              RTC_IRQHandler ; Real time cloc
                                                            k interrupt
   95 000000C0                 AREA             |.text|, CODE, READONLY
   96 00000000         
   97 00000000         
   98 00000000         ; Reset Handler
   99 00000000         
  100 00000000         Reset_Handler
                               PROC
  101 00000000                 EXPORT           Reset_Handler             [WEAK
]
  102 00000000                 IMPORT           __main
  103 00000000         ; Unlock Register
  104 00000000 4809            LDR              R0, =0x50000100
  105 00000002 490A            LDR              R1, =0x59
  106 00000004 6001            STR              R1, [R0]
  107 00000006 490A            LDR              R1, =0x16
  108 00000008 6001            STR              R1, [R0]
  109 0000000A 490A            LDR              R1, =0x88
  110 0000000C 6001            STR              R1, [R0]
  111 0000000E         
  112 0000000E         ; Init POR
  113 0000000E 4A0A            LDR              R2, =0x50000060
  114 00000010 490A            LDR              R1, =0x00005AA5
  115 00000012 6011            STR              R1, [R2]
  116 00000014         
  117 00000014         ; Lock register
  118 00000014 2100            MOVS             R1, #0
  119 00000016 6001            STR              R1, [R0]
  120 00000018         
  121 00000018 4809            LDR              R0, =__main
  122 0000001A 4700            BX               R0
  123 0000001C                 ENDP
  124 0000001C         
  125 0000001C         
  126 0000001C         ; Dummy Exception Handlers (infinite loops which can be 
                       modified)                
  127 0000001C         
  128 0000001C         NMI_Handler
                               PROC



ARM Macro Assembler    Page 4 


  129 0000001C                 EXPORT           NMI_Handler               [WEAK
]
  130 0000001C E7FE            B                .
  131 0000001E                 ENDP
  133 0000001E         HardFault_Handler
                               PROC
  134 0000001E                 EXPORT           HardFault_Handler         [WEAK
]
  135 0000001E E7FE            B                .
  136 00000020                 ENDP
  137 00000020         SVC_Handler
                               PROC
  138 00000020                 EXPORT           SVC_Handler               [WEAK
]
  139 00000020 E7FE            B                .
  140 00000022                 ENDP
  141 00000022         PendSV_Handler
                               PROC
  142 00000022                 EXPORT           PendSV_Handler            [WEAK
]
  143 00000022 E7FE            B                .
  144 00000024                 ENDP
  145 00000024         SysTick_Handler
                               PROC
  146 00000024                 EXPORT           SysTick_Handler           [WEAK
]
  147 00000024 E7FE            B                .
  148 00000026                 ENDP
  149 00000026         
  150 00000026         Default_Handler
                               PROC
  151 00000026         
  152 00000026                 EXPORT           BOD_IRQHandler            [WEAK
]
  153 00000026                 EXPORT           WDT_IRQHandler            [WEAK
]
  154 00000026                 EXPORT           EINT0_IRQHandler          [WEAK
]
  155 00000026                 EXPORT           EINT1_IRQHandler          [WEAK
]
  156 00000026                 EXPORT           GPABC_IRQHandler          [WEAK
]
  157 00000026                 EXPORT           GPDEF_IRQHandler          [WEAK
]
  158 00000026                 EXPORT           PWM0_IRQHandler           [WEAK
]
  159 00000026                 EXPORT           PWM1_IRQHandler           [WEAK
]
  160 00000026                 EXPORT           TMR0_IRQHandler           [WEAK
]
  161 00000026                 EXPORT           TMR1_IRQHandler           [WEAK
]
  162 00000026                 EXPORT           TMR2_IRQHandler           [WEAK
]
  163 00000026                 EXPORT           TMR3_IRQHandler           [WEAK
]
  164 00000026                 EXPORT           UART0_IRQHandler          [WEAK
]
  165 00000026                 EXPORT           UART1_IRQHandler          [WEAK



ARM Macro Assembler    Page 5 


]
  166 00000026                 EXPORT           SPI0_IRQHandler           [WEAK
]
  167 00000026                 EXPORT           SPI1_IRQHandler           [WEAK
]
  168 00000026                 EXPORT           SPI2_IRQHandler           [WEAK
]
  169 00000026                 EXPORT           HIRC_IRQHandler           [WEAK
]
  170 00000026                 EXPORT           I2C0_IRQHandler           [WEAK
]
  171 00000026                 EXPORT           I2C1_IRQHandler           [WEAK
]
  172 00000026                 EXPORT           SC2_IRQHandler            [WEAK
]
  173 00000026                 EXPORT           SC0_IRQHandler            [WEAK
]
  174 00000026                 EXPORT           SC1_IRQHandler            [WEAK
]
  175 00000026                 EXPORT           USBD_IRQHandler           [WEAK
]
  176 00000026                 EXPORT           LCD_IRQHandler            [WEAK
]
  177 00000026                 EXPORT           PDMA_IRQHandler           [WEAK
]
  178 00000026                 EXPORT           I2S_IRQHandler            [WEAK
]
  179 00000026                 EXPORT           PDWU_IRQHandler           [WEAK
]
  180 00000026                 EXPORT           ADC_IRQHandler            [WEAK
]
  181 00000026                 EXPORT           DAC_IRQHandler            [WEAK
]
  182 00000026                 EXPORT           RTC_IRQHandler            [WEAK
]
  183 00000026         
  184 00000026         BOD_IRQHandler
  185 00000026         WDT_IRQHandler
  186 00000026         EINT0_IRQHandler
  187 00000026         EINT1_IRQHandler
  188 00000026         GPABC_IRQHandler
  189 00000026         GPDEF_IRQHandler
  190 00000026         PWM0_IRQHandler
  191 00000026         PWM1_IRQHandler
  192 00000026         TMR0_IRQHandler
  193 00000026         TMR1_IRQHandler
  194 00000026         TMR2_IRQHandler
  195 00000026         TMR3_IRQHandler
  196 00000026         UART0_IRQHandler
  197 00000026         UART1_IRQHandler
  198 00000026         SPI0_IRQHandler
  199 00000026         SPI1_IRQHandler
  200 00000026         SPI2_IRQHandler
  201 00000026         HIRC_IRQHandler
  202 00000026         I2C0_IRQHandler
  203 00000026         I2C1_IRQHandler
  204 00000026         SC2_IRQHandler
  205 00000026         SC0_IRQHandler
  206 00000026         SC1_IRQHandler



ARM Macro Assembler    Page 6 


  207 00000026         USBD_IRQHandler
  208 00000026         LCD_IRQHandler
  209 00000026         PDMA_IRQHandler
  210 00000026         I2S_IRQHandler
  211 00000026         PDWU_IRQHandler
  212 00000026         ADC_IRQHandler
  213 00000026         DAC_IRQHandler
  214 00000026         RTC_IRQHandler
  215 00000026         
  216 00000026 E7FE            B                .
  217 00000028         
  218 00000028                 ENDP
  219 00000028         
  220 00000028         
  221 00000028                 ALIGN
  222 00000028         
  223 00000028         
  224 00000028         ; User Initial Stack & Heap
  225 00000028         
  226 00000028                 IF               :DEF:__MICROLIB
  227 00000028         
  228 00000028                 EXPORT           __initial_sp
  229 00000028                 EXPORT           __heap_base
  230 00000028                 EXPORT           __heap_limit
  231 00000028         
  232 00000028                 ELSE
  246                          ENDIF
  247 00000028         
  248 00000028         
  249 00000028                 END
              50000100 
              00000059 
              00000016 
              00000088 
              50000060 
              00005AA5 
              00000000 
Command Line: --debug --xref --diag_suppress=9931 --cpu=Cortex-M0 --apcs=interw
ork --depend=.\objects\startup_nano100series_1.d -o.\objects\startup_nano100ser
ies_1.o -I.\RTE\_LiteOS -Id:\Keil_v5\ARM\PACK\ARM\CMSIS\5.0.1\CMSIS\Include -Id
:\Keil_v5\ARM\PACK\Nuvoton\NuMicro_DFP\1.0.9\Device\NANO100BN\Include --predefi
ne="__MICROLIB SETA 1" --predefine="__UVISION_VERSION SETA 523" --predefine="_R
TE_ SETA 1" --list=.\listings\startup_nano100series.lst RTE\Device\NANO130KE3BN
\startup_Nano100Series.s



ARM Macro Assembler    Page 1 Alphabetic symbol ordering
Relocatable symbols

STACK 00000000

Symbol: STACK
   Definitions
      At line 19 in file RTE\Device\NANO130KE3BN\startup_Nano100Series.s
   Uses
      None
Comment: STACK unused
Stack_Mem 00000000

Symbol: Stack_Mem
   Definitions
      At line 20 in file RTE\Device\NANO130KE3BN\startup_Nano100Series.s
   Uses
      None
Comment: Stack_Mem unused
__initial_sp 00000500

Symbol: __initial_sp
   Definitions
      At line 21 in file RTE\Device\NANO130KE3BN\startup_Nano100Series.s
   Uses
      At line 45 in file RTE\Device\NANO130KE3BN\startup_Nano100Series.s
      At line 228 in file RTE\Device\NANO130KE3BN\startup_Nano100Series.s

3 symbols



ARM Macro Assembler    Page 1 Alphabetic symbol ordering
Relocatable symbols

HEAP 00000000

Symbol: HEAP
   Definitions
      At line 30 in file RTE\Device\NANO130KE3BN\startup_Nano100Series.s
   Uses
      None
Comment: HEAP unused
Heap_Mem 00000000

Symbol: Heap_Mem
   Definitions
      At line 32 in file RTE\Device\NANO130KE3BN\startup_Nano100Series.s
   Uses
      None
Comment: Heap_Mem unused
__heap_base 00000000

Symbol: __heap_base
   Definitions
      At line 31 in file RTE\Device\NANO130KE3BN\startup_Nano100Series.s
   Uses
      At line 229 in file RTE\Device\NANO130KE3BN\startup_Nano100Series.s
Comment: __heap_base used once
__heap_limit 00000500

Symbol: __heap_limit
   Definitions
      At line 33 in file RTE\Device\NANO130KE3BN\startup_Nano100Series.s
   Uses
      At line 230 in file RTE\Device\NANO130KE3BN\startup_Nano100Series.s
Comment: __heap_limit used once
4 symbols



ARM Macro Assembler    Page 1 Alphabetic symbol ordering
Relocatable symbols

RESET 00000000

Symbol: RESET
   Definitions
      At line 42 in file RTE\Device\NANO130KE3BN\startup_Nano100Series.s
   Uses
      None
Comment: RESET unused
__Vectors 00000000

Symbol: __Vectors
   Definitions
      At line 45 in file RTE\Device\NANO130KE3BN\startup_Nano100Series.s
   Uses
      At line 43 in file RTE\Device\NANO130KE3BN\startup_Nano100Series.s
Comment: __Vectors used once
2 symbols



ARM Macro Assembler    Page 1 Alphabetic symbol ordering
Relocatable symbols

.text 00000000

Symbol: .text
   Definitions
      At line 95 in file RTE\Device\NANO130KE3BN\startup_Nano100Series.s
   Uses
      None
Comment: .text unused
ADC_IRQHandler 00000026

Symbol: ADC_IRQHandler
   Definitions
      At line 212 in file RTE\Device\NANO130KE3BN\startup_Nano100Series.s
   Uses
      At line 92 in file RTE\Device\NANO130KE3BN\startup_Nano100Series.s
      At line 180 in file RTE\Device\NANO130KE3BN\startup_Nano100Series.s

BOD_IRQHandler 00000026

Symbol: BOD_IRQHandler
   Definitions
      At line 184 in file RTE\Device\NANO130KE3BN\startup_Nano100Series.s
   Uses
      At line 63 in file RTE\Device\NANO130KE3BN\startup_Nano100Series.s
      At line 152 in file RTE\Device\NANO130KE3BN\startup_Nano100Series.s

DAC_IRQHandler 00000026

Symbol: DAC_IRQHandler
   Definitions
      At line 213 in file RTE\Device\NANO130KE3BN\startup_Nano100Series.s
   Uses
      At line 93 in file RTE\Device\NANO130KE3BN\startup_Nano100Series.s
      At line 181 in file RTE\Device\NANO130KE3BN\startup_Nano100Series.s

Default_Handler 00000026

Symbol: Default_Handler
   Definitions
      At line 150 in file RTE\Device\NANO130KE3BN\startup_Nano100Series.s
   Uses
      None
Comment: Default_Handler unused
EINT0_IRQHandler 00000026

Symbol: EINT0_IRQHandler
   Definitions
      At line 186 in file RTE\Device\NANO130KE3BN\startup_Nano100Series.s
   Uses
      At line 65 in file RTE\Device\NANO130KE3BN\startup_Nano100Series.s
      At line 154 in file RTE\Device\NANO130KE3BN\startup_Nano100Series.s

EINT1_IRQHandler 00000026

Symbol: EINT1_IRQHandler
   Definitions
      At line 187 in file RTE\Device\NANO130KE3BN\startup_Nano100Series.s
   Uses
      At line 66 in file RTE\Device\NANO130KE3BN\startup_Nano100Series.s



ARM Macro Assembler    Page 2 Alphabetic symbol ordering
Relocatable symbols

      At line 155 in file RTE\Device\NANO130KE3BN\startup_Nano100Series.s

GPABC_IRQHandler 00000026

Symbol: GPABC_IRQHandler
   Definitions
      At line 188 in file RTE\Device\NANO130KE3BN\startup_Nano100Series.s
   Uses
      At line 67 in file RTE\Device\NANO130KE3BN\startup_Nano100Series.s
      At line 156 in file RTE\Device\NANO130KE3BN\startup_Nano100Series.s

GPDEF_IRQHandler 00000026

Symbol: GPDEF_IRQHandler
   Definitions
      At line 189 in file RTE\Device\NANO130KE3BN\startup_Nano100Series.s
   Uses
      At line 68 in file RTE\Device\NANO130KE3BN\startup_Nano100Series.s
      At line 157 in file RTE\Device\NANO130KE3BN\startup_Nano100Series.s

HIRC_IRQHandler 00000026

Symbol: HIRC_IRQHandler
   Definitions
      At line 201 in file RTE\Device\NANO130KE3BN\startup_Nano100Series.s
   Uses
      At line 80 in file RTE\Device\NANO130KE3BN\startup_Nano100Series.s
      At line 169 in file RTE\Device\NANO130KE3BN\startup_Nano100Series.s

HardFault_Handler 0000001E

Symbol: HardFault_Handler
   Definitions
      At line 133 in file RTE\Device\NANO130KE3BN\startup_Nano100Series.s
   Uses
      At line 48 in file RTE\Device\NANO130KE3BN\startup_Nano100Series.s
      At line 134 in file RTE\Device\NANO130KE3BN\startup_Nano100Series.s

I2C0_IRQHandler 00000026

Symbol: I2C0_IRQHandler
   Definitions
      At line 202 in file RTE\Device\NANO130KE3BN\startup_Nano100Series.s
   Uses
      At line 81 in file RTE\Device\NANO130KE3BN\startup_Nano100Series.s
      At line 170 in file RTE\Device\NANO130KE3BN\startup_Nano100Series.s

I2C1_IRQHandler 00000026

Symbol: I2C1_IRQHandler
   Definitions
      At line 203 in file RTE\Device\NANO130KE3BN\startup_Nano100Series.s
   Uses
      At line 82 in file RTE\Device\NANO130KE3BN\startup_Nano100Series.s
      At line 171 in file RTE\Device\NANO130KE3BN\startup_Nano100Series.s

I2S_IRQHandler 00000026

Symbol: I2S_IRQHandler



ARM Macro Assembler    Page 3 Alphabetic symbol ordering
Relocatable symbols

   Definitions
      At line 210 in file RTE\Device\NANO130KE3BN\startup_Nano100Series.s
   Uses
      At line 90 in file RTE\Device\NANO130KE3BN\startup_Nano100Series.s
      At line 178 in file RTE\Device\NANO130KE3BN\startup_Nano100Series.s

LCD_IRQHandler 00000026

Symbol: LCD_IRQHandler
   Definitions
      At line 208 in file RTE\Device\NANO130KE3BN\startup_Nano100Series.s
   Uses
      At line 88 in file RTE\Device\NANO130KE3BN\startup_Nano100Series.s
      At line 176 in file RTE\Device\NANO130KE3BN\startup_Nano100Series.s

NMI_Handler 0000001C

Symbol: NMI_Handler
   Definitions
      At line 128 in file RTE\Device\NANO130KE3BN\startup_Nano100Series.s
   Uses
      At line 47 in file RTE\Device\NANO130KE3BN\startup_Nano100Series.s
      At line 129 in file RTE\Device\NANO130KE3BN\startup_Nano100Series.s

PDMA_IRQHandler 00000026

Symbol: PDMA_IRQHandler
   Definitions
      At line 209 in file RTE\Device\NANO130KE3BN\startup_Nano100Series.s
   Uses
      At line 89 in file RTE\Device\NANO130KE3BN\startup_Nano100Series.s
      At line 177 in file RTE\Device\NANO130KE3BN\startup_Nano100Series.s

PDWU_IRQHandler 00000026

Symbol: PDWU_IRQHandler
   Definitions
      At line 211 in file RTE\Device\NANO130KE3BN\startup_Nano100Series.s
   Uses
      At line 91 in file RTE\Device\NANO130KE3BN\startup_Nano100Series.s
      At line 179 in file RTE\Device\NANO130KE3BN\startup_Nano100Series.s

PWM0_IRQHandler 00000026

Symbol: PWM0_IRQHandler
   Definitions
      At line 190 in file RTE\Device\NANO130KE3BN\startup_Nano100Series.s
   Uses
      At line 69 in file RTE\Device\NANO130KE3BN\startup_Nano100Series.s
      At line 158 in file RTE\Device\NANO130KE3BN\startup_Nano100Series.s

PWM1_IRQHandler 00000026

Symbol: PWM1_IRQHandler
   Definitions
      At line 191 in file RTE\Device\NANO130KE3BN\startup_Nano100Series.s
   Uses
      At line 70 in file RTE\Device\NANO130KE3BN\startup_Nano100Series.s
      At line 159 in file RTE\Device\NANO130KE3BN\startup_Nano100Series.s



ARM Macro Assembler    Page 4 Alphabetic symbol ordering
Relocatable symbols


PendSV_Handler 00000022

Symbol: PendSV_Handler
   Definitions
      At line 141 in file RTE\Device\NANO130KE3BN\startup_Nano100Series.s
   Uses
      At line 59 in file RTE\Device\NANO130KE3BN\startup_Nano100Series.s
      At line 142 in file RTE\Device\NANO130KE3BN\startup_Nano100Series.s

RTC_IRQHandler 00000026

Symbol: RTC_IRQHandler
   Definitions
      At line 214 in file RTE\Device\NANO130KE3BN\startup_Nano100Series.s
   Uses
      At line 94 in file RTE\Device\NANO130KE3BN\startup_Nano100Series.s
      At line 182 in file RTE\Device\NANO130KE3BN\startup_Nano100Series.s

Reset_Handler 00000000

Symbol: Reset_Handler
   Definitions
      At line 100 in file RTE\Device\NANO130KE3BN\startup_Nano100Series.s
   Uses
      At line 46 in file RTE\Device\NANO130KE3BN\startup_Nano100Series.s
      At line 101 in file RTE\Device\NANO130KE3BN\startup_Nano100Series.s

SC0_IRQHandler 00000026

Symbol: SC0_IRQHandler
   Definitions
      At line 205 in file RTE\Device\NANO130KE3BN\startup_Nano100Series.s
   Uses
      At line 84 in file RTE\Device\NANO130KE3BN\startup_Nano100Series.s
      At line 173 in file RTE\Device\NANO130KE3BN\startup_Nano100Series.s

SC1_IRQHandler 00000026

Symbol: SC1_IRQHandler
   Definitions
      At line 206 in file RTE\Device\NANO130KE3BN\startup_Nano100Series.s
   Uses
      At line 85 in file RTE\Device\NANO130KE3BN\startup_Nano100Series.s
      At line 174 in file RTE\Device\NANO130KE3BN\startup_Nano100Series.s

SC2_IRQHandler 00000026

Symbol: SC2_IRQHandler
   Definitions
      At line 204 in file RTE\Device\NANO130KE3BN\startup_Nano100Series.s
   Uses
      At line 83 in file RTE\Device\NANO130KE3BN\startup_Nano100Series.s
      At line 172 in file RTE\Device\NANO130KE3BN\startup_Nano100Series.s

SPI0_IRQHandler 00000026

Symbol: SPI0_IRQHandler
   Definitions



ARM Macro Assembler    Page 5 Alphabetic symbol ordering
Relocatable symbols

      At line 198 in file RTE\Device\NANO130KE3BN\startup_Nano100Series.s
   Uses
      At line 77 in file RTE\Device\NANO130KE3BN\startup_Nano100Series.s
      At line 166 in file RTE\Device\NANO130KE3BN\startup_Nano100Series.s

SPI1_IRQHandler 00000026

Symbol: SPI1_IRQHandler
   Definitions
      At line 199 in file RTE\Device\NANO130KE3BN\startup_Nano100Series.s
   Uses
      At line 78 in file RTE\Device\NANO130KE3BN\startup_Nano100Series.s
      At line 167 in file RTE\Device\NANO130KE3BN\startup_Nano100Series.s

SPI2_IRQHandler 00000026

Symbol: SPI2_IRQHandler
   Definitions
      At line 200 in file RTE\Device\NANO130KE3BN\startup_Nano100Series.s
   Uses
      At line 79 in file RTE\Device\NANO130KE3BN\startup_Nano100Series.s
      At line 168 in file RTE\Device\NANO130KE3BN\startup_Nano100Series.s

SVC_Handler 00000020

Symbol: SVC_Handler
   Definitions
      At line 137 in file RTE\Device\NANO130KE3BN\startup_Nano100Series.s
   Uses
      At line 56 in file RTE\Device\NANO130KE3BN\startup_Nano100Series.s
      At line 138 in file RTE\Device\NANO130KE3BN\startup_Nano100Series.s

SysTick_Handler 00000024

Symbol: SysTick_Handler
   Definitions
      At line 145 in file RTE\Device\NANO130KE3BN\startup_Nano100Series.s
   Uses
      At line 60 in file RTE\Device\NANO130KE3BN\startup_Nano100Series.s
      At line 146 in file RTE\Device\NANO130KE3BN\startup_Nano100Series.s

TMR0_IRQHandler 00000026

Symbol: TMR0_IRQHandler
   Definitions
      At line 192 in file RTE\Device\NANO130KE3BN\startup_Nano100Series.s
   Uses
      At line 71 in file RTE\Device\NANO130KE3BN\startup_Nano100Series.s
      At line 160 in file RTE\Device\NANO130KE3BN\startup_Nano100Series.s

TMR1_IRQHandler 00000026

Symbol: TMR1_IRQHandler
   Definitions
      At line 193 in file RTE\Device\NANO130KE3BN\startup_Nano100Series.s
   Uses
      At line 72 in file RTE\Device\NANO130KE3BN\startup_Nano100Series.s
      At line 161 in file RTE\Device\NANO130KE3BN\startup_Nano100Series.s




ARM Macro Assembler    Page 6 Alphabetic symbol ordering
Relocatable symbols

TMR2_IRQHandler 00000026

Symbol: TMR2_IRQHandler
   Definitions
      At line 194 in file RTE\Device\NANO130KE3BN\startup_Nano100Series.s
   Uses
      At line 73 in file RTE\Device\NANO130KE3BN\startup_Nano100Series.s
      At line 162 in file RTE\Device\NANO130KE3BN\startup_Nano100Series.s

TMR3_IRQHandler 00000026

Symbol: TMR3_IRQHandler
   Definitions
      At line 195 in file RTE\Device\NANO130KE3BN\startup_Nano100Series.s
   Uses
      At line 74 in file RTE\Device\NANO130KE3BN\startup_Nano100Series.s
      At line 163 in file RTE\Device\NANO130KE3BN\startup_Nano100Series.s

UART0_IRQHandler 00000026

Symbol: UART0_IRQHandler
   Definitions
      At line 196 in file RTE\Device\NANO130KE3BN\startup_Nano100Series.s
   Uses
      At line 75 in file RTE\Device\NANO130KE3BN\startup_Nano100Series.s
      At line 164 in file RTE\Device\NANO130KE3BN\startup_Nano100Series.s

UART1_IRQHandler 00000026

Symbol: UART1_IRQHandler
   Definitions
      At line 197 in file RTE\Device\NANO130KE3BN\startup_Nano100Series.s
   Uses
      At line 76 in file RTE\Device\NANO130KE3BN\startup_Nano100Series.s
      At line 165 in file RTE\Device\NANO130KE3BN\startup_Nano100Series.s

USBD_IRQHandler 00000026

Symbol: USBD_IRQHandler
   Definitions
      At line 207 in file RTE\Device\NANO130KE3BN\startup_Nano100Series.s
   Uses
      At line 86 in file RTE\Device\NANO130KE3BN\startup_Nano100Series.s
      At line 175 in file RTE\Device\NANO130KE3BN\startup_Nano100Series.s

WDT_IRQHandler 00000026

Symbol: WDT_IRQHandler
   Definitions
      At line 185 in file RTE\Device\NANO130KE3BN\startup_Nano100Series.s
   Uses
      At line 64 in file RTE\Device\NANO130KE3BN\startup_Nano100Series.s
      At line 153 in file RTE\Device\NANO130KE3BN\startup_Nano100Series.s

39 symbols



ARM Macro Assembler    Page 1 Alphabetic symbol ordering
Absolute symbols

Heap_Size 00000500

Symbol: Heap_Size
   Definitions
      At line 28 in file RTE\Device\NANO130KE3BN\startup_Nano100Series.s
   Uses
      At line 32 in file RTE\Device\NANO130KE3BN\startup_Nano100Series.s
Comment: Heap_Size used once
Stack_Size 00000500

Symbol: Stack_Size
   Definitions
      At line 17 in file RTE\Device\NANO130KE3BN\startup_Nano100Series.s
   Uses
      At line 20 in file RTE\Device\NANO130KE3BN\startup_Nano100Series.s
Comment: Stack_Size used once
2 symbols



ARM Macro Assembler    Page 1 Alphabetic symbol ordering
External symbols

__main 00000000

Symbol: __main
   Definitions
      At line 102 in file RTE\Device\NANO130KE3BN\startup_Nano100Series.s
   Uses
      At line 121 in file RTE\Device\NANO130KE3BN\startup_Nano100Series.s
Comment: __main used once
1 symbol
388 symbols in table
