


ARM Macro Assembler    Page 1 


    1 00000000         ;/******************************************************
                       ********************//**
    2 00000000         ; * @file     startup_SAME70.s
    3 00000000         ; * @brief    CMSIS Core Device Startup File for
    4 00000000         ; *           Atmel SAME70 Device Series
    5 00000000         ; * @version  V1.00
    6 00000000         ; * @date     19. January 2015
    7 00000000         ; *
    8 00000000         ; * @note
    9 00000000         ; *
   10 00000000         ; ******************************************************
                       ************************/
   11 00000000         ;/* Copyright (c) 2011 - 2015 ARM LIMITED
   12 00000000         ;
   13 00000000         ;   All rights reserved.
   14 00000000         ;   Redistribution and use in source and binary forms, w
                       ith or without
   15 00000000         ;   modification, are permitted provided that the follow
                       ing conditions are met:
   16 00000000         ;   - Redistributions of source code must retain the abo
                       ve copyright
   17 00000000         ;     notice, this list of conditions and the following 
                       disclaimer.
   18 00000000         ;   - Redistributions in binary form must reproduce the 
                       above copyright
   19 00000000         ;     notice, this list of conditions and the following 
                       disclaimer in the
   20 00000000         ;     documentation and/or other materials provided with
                        the distribution.
   21 00000000         ;   - Neither the name of ARM nor the names of its contr
                       ibutors may be used
   22 00000000         ;     to endorse or promote products derived from this s
                       oftware without
   23 00000000         ;     specific prior written permission.
   24 00000000         ;   *
   25 00000000         ;   THIS SOFTWARE IS PROVIDED BY THE COPYRIGHT HOLDERS A
                       ND CONTRIBUTORS "AS IS"
   26 00000000         ;   AND ANY EXPRESS OR IMPLIED WARRANTIES, INCLUDING, BU
                       T NOT LIMITED TO, THE
   27 00000000         ;   IMPLIED WARRANTIES OF MERCHANTABILITY AND FITNESS FO
                       R A PARTICULAR PURPOSE
   28 00000000         ;   ARE DISCLAIMED. IN NO EVENT SHALL COPYRIGHT HOLDERS 
                       AND CONTRIBUTORS BE
   29 00000000         ;   LIABLE FOR ANY DIRECT, INDIRECT, INCIDENTAL, SPECIAL
                       , EXEMPLARY, OR
   30 00000000         ;   CONSEQUENTIAL DAMAGES (INCLUDING, BUT NOT LIMITED TO
                       , PROCUREMENT OF
   31 00000000         ;   SUBSTITUTE GOODS OR SERVICES; LOSS OF USE, DATA, OR 
                       PROFITS; OR BUSINESS
   32 00000000         ;   INTERRUPTION) HOWEVER CAUSED AND ON ANY THEORY OF LI
                       ABILITY, WHETHER IN
   33 00000000         ;   CONTRACT, STRICT LIABILITY, OR TORT (INCLUDING NEGLI
                       GENCE OR OTHERWISE)
   34 00000000         ;   ARISING IN ANY WAY OUT OF THE USE OF THIS SOFTWARE, 
                       EVEN IF ADVISED OF THE
   35 00000000         ;   POSSIBILITY OF SUCH DAMAGE.
   36 00000000         ;   ----------------------------------------------------
                       -----------------------*/
   37 00000000         ;/*



ARM Macro Assembler    Page 2 


   38 00000000         ;//-------- <<< Use Configuration Wizard in Context Menu
                        >>> ------------------
   39 00000000         ;*/
   40 00000000         
   41 00000000         
   42 00000000         ; <h> Stack Configuration
   43 00000000         ;   <o> Stack Size (in Bytes) <0x0-0xFFFFFFFF:8>
   44 00000000         ; </h>
   45 00000000         
   46 00000000 00000400 
                       Stack_Size
                               EQU              0x00000400
   47 00000000         
   48 00000000                 AREA             STACK, NOINIT, READWRITE, ALIGN
=3
   49 00000000         Stack_Mem
                               SPACE            Stack_Size
   50 00000400         __initial_sp
   51 00000400         
   52 00000400         
   53 00000400         ; <h> Heap Configuration
   54 00000400         ;   <o>  Heap Size (in Bytes) <0x0-0xFFFFFFFF:8>
   55 00000400         ; </h>
   56 00000400         
   57 00000400 00000200 
                       Heap_Size
                               EQU              0x00000200
   58 00000400         
   59 00000400                 AREA             HEAP, NOINIT, READWRITE, ALIGN=
3
   60 00000000         __heap_base
   61 00000000         Heap_Mem
                               SPACE            Heap_Size
   62 00000200         __heap_limit
   63 00000200         
   64 00000200         
   65 00000200                 PRESERVE8
   66 00000200                 THUMB
   67 00000200         
   68 00000200         
   69 00000200         ; Vector Table Mapped to Address 0 at Reset
   70 00000200         
   71 00000200                 AREA             RESET, DATA, READONLY
   72 00000000                 EXPORT           __Vectors
   73 00000000                 EXPORT           __Vectors_End
   74 00000000                 EXPORT           __Vectors_Size
   75 00000000         
   76 00000000 00000000 
                       __Vectors
                               DCD              __initial_sp ;     Top of Stack
                                                            
   77 00000004 00000000        DCD              Reset_Handler 
                                                            ;     Reset Handler
                                                            
   78 00000008 00000000        DCD              NMI_Handler ;     NMI Handler
   79 0000000C 00000000        DCD              HardFault_Handler ;     Hard Fa
                                                            ult Handler
   80 00000010 00000000        DCD              MemManage_Handler ;     MPU Fau
                                                            lt Handler



ARM Macro Assembler    Page 3 


   81 00000014 00000000        DCD              BusFault_Handler ;     Bus Faul
                                                            t Handler
   82 00000018 00000000        DCD              UsageFault_Handler ;     Usage 
                                                            Fault Handler
   83 0000001C 00000000        DCD              0           ;     Reserved
   84 00000020 00000000        DCD              0           ;     Reserved
   85 00000024 00000000        DCD              0           ;     Reserved
   86 00000028 00000000        DCD              0           ;     Reserved
   87 0000002C 00000000        DCD              SVC_Handler ;     SVCall Handle
                                                            r
   88 00000030 00000000        DCD              DebugMon_Handler ;     Debug Mo
                                                            nitor Handler
   89 00000034 00000000        DCD              0           ;     Reserved
   90 00000038 00000000        DCD              PendSV_Handler ;     PendSV Han
                                                            dler
   91 0000003C 00000000        DCD              SysTick_Handler ;     SysTick H
                                                            andler
   92 00000040         
   93 00000040         ; External Interrupts
   94 00000040 00000000        DCD              SUPC_Handler ;  0 Supply Contro
                                                            ller
   95 00000044 00000000        DCD              RSTC_Handler ;  1 Reset Control
                                                            ler
   96 00000048 00000000        DCD              RTC_Handler ;  2 Real Time Cloc
                                                            k
   97 0000004C 00000000        DCD              RTT_Handler ;  3 Real Time Time
                                                            r
   98 00000050 00000000        DCD              WDT_Handler ;  4 Watchdog Timer
                                                            
   99 00000054 00000000        DCD              PMC_Handler ;  5 Power Manageme
                                                            nt Controller
  100 00000058 00000000        DCD              EFC_Handler ;  6 Enhanced Embed
                                                            ded Flash Controlle
                                                            r
  101 0000005C 00000000        DCD              UART0_Handler ;  7 UART 0
  102 00000060 00000000        DCD              UART1_Handler ;  8 UART 1
  103 00000064 00000000        DCD              0           ;  9 Reserved
  104 00000068 00000000        DCD              PIOA_Handler ; 10 Parallel I/O 
                                                            Controller A
  105 0000006C 00000000        DCD              PIOB_Handler ; 11 Parallel I/O 
                                                            Controller B
  106 00000070 00000000        DCD              PIOC_Handler ; 12 Parallel I/O 
                                                            Controller C
  107 00000074 00000000        DCD              USART0_Handler ; 13 USART 0
  108 00000078 00000000        DCD              USART1_Handler ; 14 USART 1
  109 0000007C 00000000        DCD              USART2_Handler ; 15 USART 2
  110 00000080 00000000        DCD              PIOD_Handler ; 16 Parallel I/O 
                                                            Controller D
  111 00000084 00000000        DCD              PIOE_Handler ; 17 Parallel I/O 
                                                            Controller E
  112 00000088 00000000        DCD              HSMCI_Handler ; 18 Multimedia C
                                                            ard Interface
  113 0000008C 00000000        DCD              TWIHS0_Handler ; 19 Two Wire In
                                                            terface 0 HS
  114 00000090 00000000        DCD              TWIHS1_Handler ; 20 Two Wire In
                                                            terface 1 HS
  115 00000094 00000000        DCD              SPI0_Handler ; 21 Serial Periph
                                                            eral Interface 0
  116 00000098 00000000        DCD              SSC_Handler ; 22 Synchronous Se



ARM Macro Assembler    Page 4 


                                                            rial Controller
  117 0000009C 00000000        DCD              TC0_Handler ; 23 Timer/Counter 
                                                            0
  118 000000A0 00000000        DCD              TC1_Handler ; 24 Timer/Counter 
                                                            1
  119 000000A4 00000000        DCD              TC2_Handler ; 25 Timer/Counter 
                                                            2
  120 000000A8 00000000        DCD              TC3_Handler ; 26 Timer/Counter 
                                                            3
  121 000000AC 00000000        DCD              TC4_Handler ; 27 Timer/Counter 
                                                            4
  122 000000B0 00000000        DCD              TC5_Handler ; 28 Timer/Counter 
                                                            5
  123 000000B4 00000000        DCD              AFEC0_Handler ; 29 Analog Front
                                                             End 0
  124 000000B8 00000000        DCD              DACC_Handler ; 30 Digital To An
                                                            alog Converter
  125 000000BC 00000000        DCD              PWM0_Handler ; 31 Pulse Width M
                                                            odulation 0
  126 000000C0 00000000        DCD              ICM_Handler ; 32 Integrity Chec
                                                            k Monitor
  127 000000C4 00000000        DCD              ACC_Handler ; 33 Analog Compara
                                                            tor
  128 000000C8 00000000        DCD              USBHS_Handler ; 34 USB Host / D
                                                            evice Controller
  129 000000CC 00000000        DCD              MCAN0_Handler ; 35 MCAN Control
                                                            ler 0
  130 000000D0 00000000        DCD              0           ; 36 Reserved
  131 000000D4 00000000        DCD              MCAN1_Handler ; 37 MCAN Control
                                                            ler 1
  132 000000D8 00000000        DCD              0           ; 38 Reserved
  133 000000DC 00000000        DCD              GMAC_Handler ; 39 Ethernet MAC
  134 000000E0 00000000        DCD              AFEC1_Handler ; 40 Analog Front
                                                             End 1
  135 000000E4 00000000        DCD              TWIHS2_Handler ; 41 Two Wire In
                                                            terface 2 HS
  136 000000E8 00000000        DCD              SPI1_Handler ; 42 Serial Periph
                                                            eral Interface 1
  137 000000EC 00000000        DCD              QSPI_Handler ; 43 Quad I/O Seri
                                                            al Peripheral Inter
                                                            face
  138 000000F0 00000000        DCD              UART2_Handler ; 44 UART 2
  139 000000F4 00000000        DCD              UART3_Handler ; 45 UART 3
  140 000000F8 00000000        DCD              UART4_Handler ; 46 UART 4
  141 000000FC 00000000        DCD              TC6_Handler ; 47 Timer/Counter 
                                                            6
  142 00000100 00000000        DCD              TC7_Handler ; 48 Timer/Counter 
                                                            7
  143 00000104 00000000        DCD              TC8_Handler ; 49 Timer/Counter 
                                                            8
  144 00000108 00000000        DCD              TC9_Handler ; 50 Timer/Counter 
                                                            9
  145 0000010C 00000000        DCD              TC10_Handler ; 51 Timer/Counter
                                                             10
  146 00000110 00000000        DCD              TC11_Handler ; 52 Timer/Counter
                                                             11
  147 00000114 00000000        DCD              0           ; 53 Reserved
  148 00000118 00000000        DCD              0           ; 54 Reserved
  149 0000011C 00000000        DCD              0           ; 55 Reserved



ARM Macro Assembler    Page 5 


  150 00000120 00000000        DCD              AES_Handler ; 56 AES
  151 00000124 00000000        DCD              TRNG_Handler ; 57 True Random G
                                                            enerator
  152 00000128 00000000        DCD              XDMAC_Handler ; 58 DMA
  153 0000012C 00000000        DCD              ISI_Handler ; 59 Camera Interfa
                                                            ce
  154 00000130 00000000        DCD              PWM1_Handler ; 60 Pulse Width M
                                                            odulation 1
  155 00000134 00000000        DCD              0           ; 61 Reserved
  156 00000138 00000000        DCD              SDRAMC_Handler ; 62 SDRAM Contr
                                                            oller
  157 0000013C 00000000        DCD              RSWDT_Handler ; 63 Reinforced S
                                                            ecure Watchdog Time
                                                            r
  158 00000140         __Vectors_End
  159 00000140         
  160 00000140 00000140 
                       __Vectors_Size
                               EQU              __Vectors_End - __Vectors
  161 00000140         
  162 00000140                 AREA             |.text|, CODE, READONLY
  163 00000000         
  164 00000000         ; Reset Handler
  165 00000000         
  166 00000000         Reset_Handler
                               PROC
  167 00000000                 EXPORT           Reset_Handler             [WEAK
]
  168 00000000                 IMPORT           SystemInit
  169 00000000                 IMPORT           __main
  170 00000000 4806            LDR              R0, =SystemInit
  171 00000002 4780            BLX              R0
  172 00000004 4806            LDR              R0, =__main
  173 00000006 4700            BX               R0
  174 00000008                 ENDP
  175 00000008         
  176 00000008         
  177 00000008         ; Dummy Exception Handlers (infinite loops which can be 
                       modified)
  178 00000008         
  179 00000008         NMI_Handler
                               PROC
  180 00000008                 EXPORT           NMI_Handler               [WEAK
]
  181 00000008 E7FE            B                .
  182 0000000A                 ENDP
  184 0000000A         HardFault_Handler
                               PROC
  185 0000000A                 EXPORT           HardFault_Handler         [WEAK
]
  186 0000000A E7FE            B                .
  187 0000000C                 ENDP
  189 0000000C         MemManage_Handler
                               PROC
  190 0000000C                 EXPORT           MemManage_Handler         [WEAK
]
  191 0000000C E7FE            B                .
  192 0000000E                 ENDP
  194 0000000E         BusFault_Handler



ARM Macro Assembler    Page 6 


                               PROC
  195 0000000E                 EXPORT           BusFault_Handler          [WEAK
]
  196 0000000E E7FE            B                .
  197 00000010                 ENDP
  199 00000010         UsageFault_Handler
                               PROC
  200 00000010                 EXPORT           UsageFault_Handler        [WEAK
]
  201 00000010 E7FE            B                .
  202 00000012                 ENDP
  203 00000012         SVC_Handler
                               PROC
  204 00000012                 EXPORT           SVC_Handler               [WEAK
]
  205 00000012 E7FE            B                .
  206 00000014                 ENDP
  208 00000014         DebugMon_Handler
                               PROC
  209 00000014                 EXPORT           DebugMon_Handler          [WEAK
]
  210 00000014 E7FE            B                .
  211 00000016                 ENDP
  212 00000016         PendSV_Handler
                               PROC
  213 00000016                 EXPORT           PendSV_Handler            [WEAK
]
  214 00000016 E7FE            B                .
  215 00000018                 ENDP
  216 00000018         SysTick_Handler
                               PROC
  217 00000018                 EXPORT           SysTick_Handler           [WEAK
]
  218 00000018 E7FE            B                .
  219 0000001A                 ENDP
  220 0000001A         
  221 0000001A         Default_Handler
                               PROC
  222 0000001A                 EXPORT           SUPC_Handler              [WEAK
]
  223 0000001A                 EXPORT           RSTC_Handler              [WEAK
]
  224 0000001A                 EXPORT           RTC_Handler               [WEAK
]
  225 0000001A                 EXPORT           RTT_Handler               [WEAK
]
  226 0000001A                 EXPORT           WDT_Handler               [WEAK
]
  227 0000001A                 EXPORT           PMC_Handler               [WEAK
]
  228 0000001A                 EXPORT           EFC_Handler               [WEAK
]
  229 0000001A                 EXPORT           UART0_Handler             [WEAK
]
  230 0000001A                 EXPORT           UART1_Handler             [WEAK
]
  231 0000001A                 EXPORT           PIOA_Handler              [WEAK
]
  232 0000001A                 EXPORT           PIOB_Handler              [WEAK



ARM Macro Assembler    Page 7 


]
  233 0000001A                 EXPORT           PIOC_Handler              [WEAK
]
  234 0000001A                 EXPORT           USART0_Handler            [WEAK
]
  235 0000001A                 EXPORT           USART1_Handler            [WEAK
]
  236 0000001A                 EXPORT           USART2_Handler            [WEAK
]
  237 0000001A                 EXPORT           PIOD_Handler              [WEAK
]
  238 0000001A                 EXPORT           PIOE_Handler              [WEAK
]
  239 0000001A                 EXPORT           HSMCI_Handler             [WEAK
]
  240 0000001A                 EXPORT           TWIHS0_Handler            [WEAK
]
  241 0000001A                 EXPORT           TWIHS1_Handler            [WEAK
]
  242 0000001A                 EXPORT           SPI0_Handler              [WEAK
]
  243 0000001A                 EXPORT           SSC_Handler               [WEAK
]
  244 0000001A                 EXPORT           TC0_Handler               [WEAK
]
  245 0000001A                 EXPORT           TC1_Handler               [WEAK
]
  246 0000001A                 EXPORT           TC2_Handler               [WEAK
]
  247 0000001A                 EXPORT           TC3_Handler               [WEAK
]
  248 0000001A                 EXPORT           TC4_Handler               [WEAK
]
  249 0000001A                 EXPORT           TC5_Handler               [WEAK
]
  250 0000001A                 EXPORT           AFEC0_Handler             [WEAK
]
  251 0000001A                 EXPORT           DACC_Handler              [WEAK
]
  252 0000001A                 EXPORT           PWM0_Handler              [WEAK
]
  253 0000001A                 EXPORT           ICM_Handler               [WEAK
]
  254 0000001A                 EXPORT           ACC_Handler               [WEAK
]
  255 0000001A                 EXPORT           USBHS_Handler             [WEAK
]
  256 0000001A                 EXPORT           MCAN0_Handler             [WEAK
]
  257 0000001A                 EXPORT           MCAN1_Handler             [WEAK
]
  258 0000001A                 EXPORT           GMAC_Handler              [WEAK
]
  259 0000001A                 EXPORT           AFEC1_Handler             [WEAK
]
  260 0000001A                 EXPORT           TWIHS2_Handler            [WEAK
]
  261 0000001A                 EXPORT           SPI1_Handler              [WEAK
]



ARM Macro Assembler    Page 8 


  262 0000001A                 EXPORT           QSPI_Handler              [WEAK
]
  263 0000001A                 EXPORT           UART2_Handler             [WEAK
]
  264 0000001A                 EXPORT           UART3_Handler             [WEAK
]
  265 0000001A                 EXPORT           UART4_Handler             [WEAK
]
  266 0000001A                 EXPORT           TC6_Handler               [WEAK
]
  267 0000001A                 EXPORT           TC7_Handler               [WEAK
]
  268 0000001A                 EXPORT           TC8_Handler               [WEAK
]
  269 0000001A                 EXPORT           TC9_Handler               [WEAK
]
  270 0000001A                 EXPORT           TC10_Handler              [WEAK
]
  271 0000001A                 EXPORT           TC11_Handler              [WEAK
]
  272 0000001A                 EXPORT           AES_Handler               [WEAK
]
  273 0000001A                 EXPORT           TRNG_Handler              [WEAK
]
  274 0000001A                 EXPORT           XDMAC_Handler             [WEAK
]
  275 0000001A                 EXPORT           ISI_Handler               [WEAK
]
  276 0000001A                 EXPORT           PWM1_Handler              [WEAK
]
  277 0000001A                 EXPORT           SDRAMC_Handler            [WEAK
]
  278 0000001A                 EXPORT           RSWDT_Handler             [WEAK
]
  279 0000001A         
  280 0000001A         SUPC_Handler
  281 0000001A         RSTC_Handler
  282 0000001A         RTC_Handler
  283 0000001A         RTT_Handler
  284 0000001A         WDT_Handler
  285 0000001A         PMC_Handler
  286 0000001A         EFC_Handler
  287 0000001A         UART0_Handler
  288 0000001A         UART1_Handler
  289 0000001A         PIOA_Handler
  290 0000001A         PIOB_Handler
  291 0000001A         PIOC_Handler
  292 0000001A         USART0_Handler
  293 0000001A         USART1_Handler
  294 0000001A         USART2_Handler
  295 0000001A         PIOD_Handler
  296 0000001A         PIOE_Handler
  297 0000001A         HSMCI_Handler
  298 0000001A         TWIHS0_Handler
  299 0000001A         TWIHS1_Handler
  300 0000001A         SPI0_Handler
  301 0000001A         SSC_Handler
  302 0000001A         TC0_Handler
  303 0000001A         TC1_Handler



ARM Macro Assembler    Page 9 


  304 0000001A         TC2_Handler
  305 0000001A         TC3_Handler
  306 0000001A         TC4_Handler
  307 0000001A         TC5_Handler
  308 0000001A         AFEC0_Handler
  309 0000001A         DACC_Handler
  310 0000001A         PWM0_Handler
  311 0000001A         ICM_Handler
  312 0000001A         ACC_Handler
  313 0000001A         USBHS_Handler
  314 0000001A         MCAN0_Handler
  315 0000001A         MCAN1_Handler
  316 0000001A         GMAC_Handler
  317 0000001A         AFEC1_Handler
  318 0000001A         TWIHS2_Handler
  319 0000001A         SPI1_Handler
  320 0000001A         QSPI_Handler
  321 0000001A         UART2_Handler
  322 0000001A         UART3_Handler
  323 0000001A         UART4_Handler
  324 0000001A         TC6_Handler
  325 0000001A         TC7_Handler
  326 0000001A         TC8_Handler
  327 0000001A         TC9_Handler
  328 0000001A         TC10_Handler
  329 0000001A         TC11_Handler
  330 0000001A         AES_Handler
  331 0000001A         TRNG_Handler
  332 0000001A         XDMAC_Handler
  333 0000001A         ISI_Handler
  334 0000001A         PWM1_Handler
  335 0000001A         SDRAMC_Handler
  336 0000001A         RSWDT_Handler
  337 0000001A E7FE            B                .
  338 0000001C         
  339 0000001C                 ENDP
  340 0000001C         
  341 0000001C         
  342 0000001C                 ALIGN
  343 0000001C         
  344 0000001C         
  345 0000001C         ; User Initial Stack & Heap
  346 0000001C         
  347 0000001C                 IF               :DEF:__MICROLIB
  348 0000001C         
  349 0000001C                 EXPORT           __initial_sp
  350 0000001C                 EXPORT           __heap_base
  351 0000001C                 EXPORT           __heap_limit
  352 0000001C         
  353 0000001C                 ELSE
  368                          ENDIF
  369 0000001C         
  370 0000001C         
  371 0000001C                 END
              00000000 
              00000000 
Command Line: --debug --xref --diag_suppress=9931 --cpu=Cortex-M7.fp.dp --apcs=
interwork --depend=.\objects\startup_same70.d -o.\objects\startup_same70.o -I.\
RTE\_LiteOS -ID:\Keil_v5\ARM\PACK\Keil\SAM-E_DFP\2.1.0\include -ID:\Keil_v5\ARM



ARM Macro Assembler    Page 10 


\CMSIS\Include --predefine="__MICROLIB SETA 1" --predefine="__UVISION_VERSION S
ETA 523" --predefine="__SAME70Q21__ SETA 1" --list=.\listings\startup_same70.ls
t ..\..\platform\ATSAME70\startup_SAME70.s



ARM Macro Assembler    Page 1 Alphabetic symbol ordering
Relocatable symbols

STACK 00000000

Symbol: STACK
   Definitions
      At line 48 in file ..\..\platform\ATSAME70\startup_SAME70.s
   Uses
      None
Comment: STACK unused
Stack_Mem 00000000

Symbol: Stack_Mem
   Definitions
      At line 49 in file ..\..\platform\ATSAME70\startup_SAME70.s
   Uses
      None
Comment: Stack_Mem unused
__initial_sp 00000400

Symbol: __initial_sp
   Definitions
      At line 50 in file ..\..\platform\ATSAME70\startup_SAME70.s
   Uses
      At line 76 in file ..\..\platform\ATSAME70\startup_SAME70.s
      At line 349 in file ..\..\platform\ATSAME70\startup_SAME70.s

3 symbols



ARM Macro Assembler    Page 1 Alphabetic symbol ordering
Relocatable symbols

HEAP 00000000

Symbol: HEAP
   Definitions
      At line 59 in file ..\..\platform\ATSAME70\startup_SAME70.s
   Uses
      None
Comment: HEAP unused
Heap_Mem 00000000

Symbol: Heap_Mem
   Definitions
      At line 61 in file ..\..\platform\ATSAME70\startup_SAME70.s
   Uses
      None
Comment: Heap_Mem unused
__heap_base 00000000

Symbol: __heap_base
   Definitions
      At line 60 in file ..\..\platform\ATSAME70\startup_SAME70.s
   Uses
      At line 350 in file ..\..\platform\ATSAME70\startup_SAME70.s
Comment: __heap_base used once
__heap_limit 00000200

Symbol: __heap_limit
   Definitions
      At line 62 in file ..\..\platform\ATSAME70\startup_SAME70.s
   Uses
      At line 351 in file ..\..\platform\ATSAME70\startup_SAME70.s
Comment: __heap_limit used once
4 symbols



ARM Macro Assembler    Page 1 Alphabetic symbol ordering
Relocatable symbols

RESET 00000000

Symbol: RESET
   Definitions
      At line 71 in file ..\..\platform\ATSAME70\startup_SAME70.s
   Uses
      None
Comment: RESET unused
__Vectors 00000000

Symbol: __Vectors
   Definitions
      At line 76 in file ..\..\platform\ATSAME70\startup_SAME70.s
   Uses
      At line 72 in file ..\..\platform\ATSAME70\startup_SAME70.s
      At line 160 in file ..\..\platform\ATSAME70\startup_SAME70.s

__Vectors_End 00000140

Symbol: __Vectors_End
   Definitions
      At line 158 in file ..\..\platform\ATSAME70\startup_SAME70.s
   Uses
      At line 73 in file ..\..\platform\ATSAME70\startup_SAME70.s
      At line 160 in file ..\..\platform\ATSAME70\startup_SAME70.s

3 symbols



ARM Macro Assembler    Page 1 Alphabetic symbol ordering
Relocatable symbols

.text 00000000

Symbol: .text
   Definitions
      At line 162 in file ..\..\platform\ATSAME70\startup_SAME70.s
   Uses
      None
Comment: .text unused
ACC_Handler 0000001A

Symbol: ACC_Handler
   Definitions
      At line 312 in file ..\..\platform\ATSAME70\startup_SAME70.s
   Uses
      At line 127 in file ..\..\platform\ATSAME70\startup_SAME70.s
      At line 254 in file ..\..\platform\ATSAME70\startup_SAME70.s

AES_Handler 0000001A

Symbol: AES_Handler
   Definitions
      At line 330 in file ..\..\platform\ATSAME70\startup_SAME70.s
   Uses
      At line 150 in file ..\..\platform\ATSAME70\startup_SAME70.s
      At line 272 in file ..\..\platform\ATSAME70\startup_SAME70.s

AFEC0_Handler 0000001A

Symbol: AFEC0_Handler
   Definitions
      At line 308 in file ..\..\platform\ATSAME70\startup_SAME70.s
   Uses
      At line 123 in file ..\..\platform\ATSAME70\startup_SAME70.s
      At line 250 in file ..\..\platform\ATSAME70\startup_SAME70.s

AFEC1_Handler 0000001A

Symbol: AFEC1_Handler
   Definitions
      At line 317 in file ..\..\platform\ATSAME70\startup_SAME70.s
   Uses
      At line 134 in file ..\..\platform\ATSAME70\startup_SAME70.s
      At line 259 in file ..\..\platform\ATSAME70\startup_SAME70.s

BusFault_Handler 0000000E

Symbol: BusFault_Handler
   Definitions
      At line 194 in file ..\..\platform\ATSAME70\startup_SAME70.s
   Uses
      At line 81 in file ..\..\platform\ATSAME70\startup_SAME70.s
      At line 195 in file ..\..\platform\ATSAME70\startup_SAME70.s

DACC_Handler 0000001A

Symbol: DACC_Handler
   Definitions
      At line 309 in file ..\..\platform\ATSAME70\startup_SAME70.s
   Uses



ARM Macro Assembler    Page 2 Alphabetic symbol ordering
Relocatable symbols

      At line 124 in file ..\..\platform\ATSAME70\startup_SAME70.s
      At line 251 in file ..\..\platform\ATSAME70\startup_SAME70.s

DebugMon_Handler 00000014

Symbol: DebugMon_Handler
   Definitions
      At line 208 in file ..\..\platform\ATSAME70\startup_SAME70.s
   Uses
      At line 88 in file ..\..\platform\ATSAME70\startup_SAME70.s
      At line 209 in file ..\..\platform\ATSAME70\startup_SAME70.s

Default_Handler 0000001A

Symbol: Default_Handler
   Definitions
      At line 221 in file ..\..\platform\ATSAME70\startup_SAME70.s
   Uses
      None
Comment: Default_Handler unused
EFC_Handler 0000001A

Symbol: EFC_Handler
   Definitions
      At line 286 in file ..\..\platform\ATSAME70\startup_SAME70.s
   Uses
      At line 100 in file ..\..\platform\ATSAME70\startup_SAME70.s
      At line 228 in file ..\..\platform\ATSAME70\startup_SAME70.s

GMAC_Handler 0000001A

Symbol: GMAC_Handler
   Definitions
      At line 316 in file ..\..\platform\ATSAME70\startup_SAME70.s
   Uses
      At line 133 in file ..\..\platform\ATSAME70\startup_SAME70.s
      At line 258 in file ..\..\platform\ATSAME70\startup_SAME70.s

HSMCI_Handler 0000001A

Symbol: HSMCI_Handler
   Definitions
      At line 297 in file ..\..\platform\ATSAME70\startup_SAME70.s
   Uses
      At line 112 in file ..\..\platform\ATSAME70\startup_SAME70.s
      At line 239 in file ..\..\platform\ATSAME70\startup_SAME70.s

HardFault_Handler 0000000A

Symbol: HardFault_Handler
   Definitions
      At line 184 in file ..\..\platform\ATSAME70\startup_SAME70.s
   Uses
      At line 79 in file ..\..\platform\ATSAME70\startup_SAME70.s
      At line 185 in file ..\..\platform\ATSAME70\startup_SAME70.s

ICM_Handler 0000001A

Symbol: ICM_Handler



ARM Macro Assembler    Page 3 Alphabetic symbol ordering
Relocatable symbols

   Definitions
      At line 311 in file ..\..\platform\ATSAME70\startup_SAME70.s
   Uses
      At line 126 in file ..\..\platform\ATSAME70\startup_SAME70.s
      At line 253 in file ..\..\platform\ATSAME70\startup_SAME70.s

ISI_Handler 0000001A

Symbol: ISI_Handler
   Definitions
      At line 333 in file ..\..\platform\ATSAME70\startup_SAME70.s
   Uses
      At line 153 in file ..\..\platform\ATSAME70\startup_SAME70.s
      At line 275 in file ..\..\platform\ATSAME70\startup_SAME70.s

MCAN0_Handler 0000001A

Symbol: MCAN0_Handler
   Definitions
      At line 314 in file ..\..\platform\ATSAME70\startup_SAME70.s
   Uses
      At line 129 in file ..\..\platform\ATSAME70\startup_SAME70.s
      At line 256 in file ..\..\platform\ATSAME70\startup_SAME70.s

MCAN1_Handler 0000001A

Symbol: MCAN1_Handler
   Definitions
      At line 315 in file ..\..\platform\ATSAME70\startup_SAME70.s
   Uses
      At line 131 in file ..\..\platform\ATSAME70\startup_SAME70.s
      At line 257 in file ..\..\platform\ATSAME70\startup_SAME70.s

MemManage_Handler 0000000C

Symbol: MemManage_Handler
   Definitions
      At line 189 in file ..\..\platform\ATSAME70\startup_SAME70.s
   Uses
      At line 80 in file ..\..\platform\ATSAME70\startup_SAME70.s
      At line 190 in file ..\..\platform\ATSAME70\startup_SAME70.s

NMI_Handler 00000008

Symbol: NMI_Handler
   Definitions
      At line 179 in file ..\..\platform\ATSAME70\startup_SAME70.s
   Uses
      At line 78 in file ..\..\platform\ATSAME70\startup_SAME70.s
      At line 180 in file ..\..\platform\ATSAME70\startup_SAME70.s

PIOA_Handler 0000001A

Symbol: PIOA_Handler
   Definitions
      At line 289 in file ..\..\platform\ATSAME70\startup_SAME70.s
   Uses
      At line 104 in file ..\..\platform\ATSAME70\startup_SAME70.s
      At line 231 in file ..\..\platform\ATSAME70\startup_SAME70.s



ARM Macro Assembler    Page 4 Alphabetic symbol ordering
Relocatable symbols


PIOB_Handler 0000001A

Symbol: PIOB_Handler
   Definitions
      At line 290 in file ..\..\platform\ATSAME70\startup_SAME70.s
   Uses
      At line 105 in file ..\..\platform\ATSAME70\startup_SAME70.s
      At line 232 in file ..\..\platform\ATSAME70\startup_SAME70.s

PIOC_Handler 0000001A

Symbol: PIOC_Handler
   Definitions
      At line 291 in file ..\..\platform\ATSAME70\startup_SAME70.s
   Uses
      At line 106 in file ..\..\platform\ATSAME70\startup_SAME70.s
      At line 233 in file ..\..\platform\ATSAME70\startup_SAME70.s

PIOD_Handler 0000001A

Symbol: PIOD_Handler
   Definitions
      At line 295 in file ..\..\platform\ATSAME70\startup_SAME70.s
   Uses
      At line 110 in file ..\..\platform\ATSAME70\startup_SAME70.s
      At line 237 in file ..\..\platform\ATSAME70\startup_SAME70.s

PIOE_Handler 0000001A

Symbol: PIOE_Handler
   Definitions
      At line 296 in file ..\..\platform\ATSAME70\startup_SAME70.s
   Uses
      At line 111 in file ..\..\platform\ATSAME70\startup_SAME70.s
      At line 238 in file ..\..\platform\ATSAME70\startup_SAME70.s

PMC_Handler 0000001A

Symbol: PMC_Handler
   Definitions
      At line 285 in file ..\..\platform\ATSAME70\startup_SAME70.s
   Uses
      At line 99 in file ..\..\platform\ATSAME70\startup_SAME70.s
      At line 227 in file ..\..\platform\ATSAME70\startup_SAME70.s

PWM0_Handler 0000001A

Symbol: PWM0_Handler
   Definitions
      At line 310 in file ..\..\platform\ATSAME70\startup_SAME70.s
   Uses
      At line 125 in file ..\..\platform\ATSAME70\startup_SAME70.s
      At line 252 in file ..\..\platform\ATSAME70\startup_SAME70.s

PWM1_Handler 0000001A

Symbol: PWM1_Handler
   Definitions



ARM Macro Assembler    Page 5 Alphabetic symbol ordering
Relocatable symbols

      At line 334 in file ..\..\platform\ATSAME70\startup_SAME70.s
   Uses
      At line 154 in file ..\..\platform\ATSAME70\startup_SAME70.s
      At line 276 in file ..\..\platform\ATSAME70\startup_SAME70.s

PendSV_Handler 00000016

Symbol: PendSV_Handler
   Definitions
      At line 212 in file ..\..\platform\ATSAME70\startup_SAME70.s
   Uses
      At line 90 in file ..\..\platform\ATSAME70\startup_SAME70.s
      At line 213 in file ..\..\platform\ATSAME70\startup_SAME70.s

QSPI_Handler 0000001A

Symbol: QSPI_Handler
   Definitions
      At line 320 in file ..\..\platform\ATSAME70\startup_SAME70.s
   Uses
      At line 137 in file ..\..\platform\ATSAME70\startup_SAME70.s
      At line 262 in file ..\..\platform\ATSAME70\startup_SAME70.s

RSTC_Handler 0000001A

Symbol: RSTC_Handler
   Definitions
      At line 281 in file ..\..\platform\ATSAME70\startup_SAME70.s
   Uses
      At line 95 in file ..\..\platform\ATSAME70\startup_SAME70.s
      At line 223 in file ..\..\platform\ATSAME70\startup_SAME70.s

RSWDT_Handler 0000001A

Symbol: RSWDT_Handler
   Definitions
      At line 336 in file ..\..\platform\ATSAME70\startup_SAME70.s
   Uses
      At line 157 in file ..\..\platform\ATSAME70\startup_SAME70.s
      At line 278 in file ..\..\platform\ATSAME70\startup_SAME70.s

RTC_Handler 0000001A

Symbol: RTC_Handler
   Definitions
      At line 282 in file ..\..\platform\ATSAME70\startup_SAME70.s
   Uses
      At line 96 in file ..\..\platform\ATSAME70\startup_SAME70.s
      At line 224 in file ..\..\platform\ATSAME70\startup_SAME70.s

RTT_Handler 0000001A

Symbol: RTT_Handler
   Definitions
      At line 283 in file ..\..\platform\ATSAME70\startup_SAME70.s
   Uses
      At line 97 in file ..\..\platform\ATSAME70\startup_SAME70.s
      At line 225 in file ..\..\platform\ATSAME70\startup_SAME70.s




ARM Macro Assembler    Page 6 Alphabetic symbol ordering
Relocatable symbols

Reset_Handler 00000000

Symbol: Reset_Handler
   Definitions
      At line 166 in file ..\..\platform\ATSAME70\startup_SAME70.s
   Uses
      At line 77 in file ..\..\platform\ATSAME70\startup_SAME70.s
      At line 167 in file ..\..\platform\ATSAME70\startup_SAME70.s

SDRAMC_Handler 0000001A

Symbol: SDRAMC_Handler
   Definitions
      At line 335 in file ..\..\platform\ATSAME70\startup_SAME70.s
   Uses
      At line 156 in file ..\..\platform\ATSAME70\startup_SAME70.s
      At line 277 in file ..\..\platform\ATSAME70\startup_SAME70.s

SPI0_Handler 0000001A

Symbol: SPI0_Handler
   Definitions
      At line 300 in file ..\..\platform\ATSAME70\startup_SAME70.s
   Uses
      At line 115 in file ..\..\platform\ATSAME70\startup_SAME70.s
      At line 242 in file ..\..\platform\ATSAME70\startup_SAME70.s

SPI1_Handler 0000001A

Symbol: SPI1_Handler
   Definitions
      At line 319 in file ..\..\platform\ATSAME70\startup_SAME70.s
   Uses
      At line 136 in file ..\..\platform\ATSAME70\startup_SAME70.s
      At line 261 in file ..\..\platform\ATSAME70\startup_SAME70.s

SSC_Handler 0000001A

Symbol: SSC_Handler
   Definitions
      At line 301 in file ..\..\platform\ATSAME70\startup_SAME70.s
   Uses
      At line 116 in file ..\..\platform\ATSAME70\startup_SAME70.s
      At line 243 in file ..\..\platform\ATSAME70\startup_SAME70.s

SUPC_Handler 0000001A

Symbol: SUPC_Handler
   Definitions
      At line 280 in file ..\..\platform\ATSAME70\startup_SAME70.s
   Uses
      At line 94 in file ..\..\platform\ATSAME70\startup_SAME70.s
      At line 222 in file ..\..\platform\ATSAME70\startup_SAME70.s

SVC_Handler 00000012

Symbol: SVC_Handler
   Definitions
      At line 203 in file ..\..\platform\ATSAME70\startup_SAME70.s



ARM Macro Assembler    Page 7 Alphabetic symbol ordering
Relocatable symbols

   Uses
      At line 87 in file ..\..\platform\ATSAME70\startup_SAME70.s
      At line 204 in file ..\..\platform\ATSAME70\startup_SAME70.s

SysTick_Handler 00000018

Symbol: SysTick_Handler
   Definitions
      At line 216 in file ..\..\platform\ATSAME70\startup_SAME70.s
   Uses
      At line 91 in file ..\..\platform\ATSAME70\startup_SAME70.s
      At line 217 in file ..\..\platform\ATSAME70\startup_SAME70.s

TC0_Handler 0000001A

Symbol: TC0_Handler
   Definitions
      At line 302 in file ..\..\platform\ATSAME70\startup_SAME70.s
   Uses
      At line 117 in file ..\..\platform\ATSAME70\startup_SAME70.s
      At line 244 in file ..\..\platform\ATSAME70\startup_SAME70.s

TC10_Handler 0000001A

Symbol: TC10_Handler
   Definitions
      At line 328 in file ..\..\platform\ATSAME70\startup_SAME70.s
   Uses
      At line 145 in file ..\..\platform\ATSAME70\startup_SAME70.s
      At line 270 in file ..\..\platform\ATSAME70\startup_SAME70.s

TC11_Handler 0000001A

Symbol: TC11_Handler
   Definitions
      At line 329 in file ..\..\platform\ATSAME70\startup_SAME70.s
   Uses
      At line 146 in file ..\..\platform\ATSAME70\startup_SAME70.s
      At line 271 in file ..\..\platform\ATSAME70\startup_SAME70.s

TC1_Handler 0000001A

Symbol: TC1_Handler
   Definitions
      At line 303 in file ..\..\platform\ATSAME70\startup_SAME70.s
   Uses
      At line 118 in file ..\..\platform\ATSAME70\startup_SAME70.s
      At line 245 in file ..\..\platform\ATSAME70\startup_SAME70.s

TC2_Handler 0000001A

Symbol: TC2_Handler
   Definitions
      At line 304 in file ..\..\platform\ATSAME70\startup_SAME70.s
   Uses
      At line 119 in file ..\..\platform\ATSAME70\startup_SAME70.s
      At line 246 in file ..\..\platform\ATSAME70\startup_SAME70.s

TC3_Handler 0000001A



ARM Macro Assembler    Page 8 Alphabetic symbol ordering
Relocatable symbols


Symbol: TC3_Handler
   Definitions
      At line 305 in file ..\..\platform\ATSAME70\startup_SAME70.s
   Uses
      At line 120 in file ..\..\platform\ATSAME70\startup_SAME70.s
      At line 247 in file ..\..\platform\ATSAME70\startup_SAME70.s

TC4_Handler 0000001A

Symbol: TC4_Handler
   Definitions
      At line 306 in file ..\..\platform\ATSAME70\startup_SAME70.s
   Uses
      At line 121 in file ..\..\platform\ATSAME70\startup_SAME70.s
      At line 248 in file ..\..\platform\ATSAME70\startup_SAME70.s

TC5_Handler 0000001A

Symbol: TC5_Handler
   Definitions
      At line 307 in file ..\..\platform\ATSAME70\startup_SAME70.s
   Uses
      At line 122 in file ..\..\platform\ATSAME70\startup_SAME70.s
      At line 249 in file ..\..\platform\ATSAME70\startup_SAME70.s

TC6_Handler 0000001A

Symbol: TC6_Handler
   Definitions
      At line 324 in file ..\..\platform\ATSAME70\startup_SAME70.s
   Uses
      At line 141 in file ..\..\platform\ATSAME70\startup_SAME70.s
      At line 266 in file ..\..\platform\ATSAME70\startup_SAME70.s

TC7_Handler 0000001A

Symbol: TC7_Handler
   Definitions
      At line 325 in file ..\..\platform\ATSAME70\startup_SAME70.s
   Uses
      At line 142 in file ..\..\platform\ATSAME70\startup_SAME70.s
      At line 267 in file ..\..\platform\ATSAME70\startup_SAME70.s

TC8_Handler 0000001A

Symbol: TC8_Handler
   Definitions
      At line 326 in file ..\..\platform\ATSAME70\startup_SAME70.s
   Uses
      At line 143 in file ..\..\platform\ATSAME70\startup_SAME70.s
      At line 268 in file ..\..\platform\ATSAME70\startup_SAME70.s

TC9_Handler 0000001A

Symbol: TC9_Handler
   Definitions
      At line 327 in file ..\..\platform\ATSAME70\startup_SAME70.s
   Uses



ARM Macro Assembler    Page 9 Alphabetic symbol ordering
Relocatable symbols

      At line 144 in file ..\..\platform\ATSAME70\startup_SAME70.s
      At line 269 in file ..\..\platform\ATSAME70\startup_SAME70.s

TRNG_Handler 0000001A

Symbol: TRNG_Handler
   Definitions
      At line 331 in file ..\..\platform\ATSAME70\startup_SAME70.s
   Uses
      At line 151 in file ..\..\platform\ATSAME70\startup_SAME70.s
      At line 273 in file ..\..\platform\ATSAME70\startup_SAME70.s

TWIHS0_Handler 0000001A

Symbol: TWIHS0_Handler
   Definitions
      At line 298 in file ..\..\platform\ATSAME70\startup_SAME70.s
   Uses
      At line 113 in file ..\..\platform\ATSAME70\startup_SAME70.s
      At line 240 in file ..\..\platform\ATSAME70\startup_SAME70.s

TWIHS1_Handler 0000001A

Symbol: TWIHS1_Handler
   Definitions
      At line 299 in file ..\..\platform\ATSAME70\startup_SAME70.s
   Uses
      At line 114 in file ..\..\platform\ATSAME70\startup_SAME70.s
      At line 241 in file ..\..\platform\ATSAME70\startup_SAME70.s

TWIHS2_Handler 0000001A

Symbol: TWIHS2_Handler
   Definitions
      At line 318 in file ..\..\platform\ATSAME70\startup_SAME70.s
   Uses
      At line 135 in file ..\..\platform\ATSAME70\startup_SAME70.s
      At line 260 in file ..\..\platform\ATSAME70\startup_SAME70.s

UART0_Handler 0000001A

Symbol: UART0_Handler
   Definitions
      At line 287 in file ..\..\platform\ATSAME70\startup_SAME70.s
   Uses
      At line 101 in file ..\..\platform\ATSAME70\startup_SAME70.s
      At line 229 in file ..\..\platform\ATSAME70\startup_SAME70.s

UART1_Handler 0000001A

Symbol: UART1_Handler
   Definitions
      At line 288 in file ..\..\platform\ATSAME70\startup_SAME70.s
   Uses
      At line 102 in file ..\..\platform\ATSAME70\startup_SAME70.s
      At line 230 in file ..\..\platform\ATSAME70\startup_SAME70.s

UART2_Handler 0000001A




ARM Macro Assembler    Page 10 Alphabetic symbol ordering
Relocatable symbols

Symbol: UART2_Handler
   Definitions
      At line 321 in file ..\..\platform\ATSAME70\startup_SAME70.s
   Uses
      At line 138 in file ..\..\platform\ATSAME70\startup_SAME70.s
      At line 263 in file ..\..\platform\ATSAME70\startup_SAME70.s

UART3_Handler 0000001A

Symbol: UART3_Handler
   Definitions
      At line 322 in file ..\..\platform\ATSAME70\startup_SAME70.s
   Uses
      At line 139 in file ..\..\platform\ATSAME70\startup_SAME70.s
      At line 264 in file ..\..\platform\ATSAME70\startup_SAME70.s

UART4_Handler 0000001A

Symbol: UART4_Handler
   Definitions
      At line 323 in file ..\..\platform\ATSAME70\startup_SAME70.s
   Uses
      At line 140 in file ..\..\platform\ATSAME70\startup_SAME70.s
      At line 265 in file ..\..\platform\ATSAME70\startup_SAME70.s

USART0_Handler 0000001A

Symbol: USART0_Handler
   Definitions
      At line 292 in file ..\..\platform\ATSAME70\startup_SAME70.s
   Uses
      At line 107 in file ..\..\platform\ATSAME70\startup_SAME70.s
      At line 234 in file ..\..\platform\ATSAME70\startup_SAME70.s

USART1_Handler 0000001A

Symbol: USART1_Handler
   Definitions
      At line 293 in file ..\..\platform\ATSAME70\startup_SAME70.s
   Uses
      At line 108 in file ..\..\platform\ATSAME70\startup_SAME70.s
      At line 235 in file ..\..\platform\ATSAME70\startup_SAME70.s

USART2_Handler 0000001A

Symbol: USART2_Handler
   Definitions
      At line 294 in file ..\..\platform\ATSAME70\startup_SAME70.s
   Uses
      At line 109 in file ..\..\platform\ATSAME70\startup_SAME70.s
      At line 236 in file ..\..\platform\ATSAME70\startup_SAME70.s

USBHS_Handler 0000001A

Symbol: USBHS_Handler
   Definitions
      At line 313 in file ..\..\platform\ATSAME70\startup_SAME70.s
   Uses
      At line 128 in file ..\..\platform\ATSAME70\startup_SAME70.s



ARM Macro Assembler    Page 11 Alphabetic symbol ordering
Relocatable symbols

      At line 255 in file ..\..\platform\ATSAME70\startup_SAME70.s

UsageFault_Handler 00000010

Symbol: UsageFault_Handler
   Definitions
      At line 199 in file ..\..\platform\ATSAME70\startup_SAME70.s
   Uses
      At line 82 in file ..\..\platform\ATSAME70\startup_SAME70.s
      At line 200 in file ..\..\platform\ATSAME70\startup_SAME70.s

WDT_Handler 0000001A

Symbol: WDT_Handler
   Definitions
      At line 284 in file ..\..\platform\ATSAME70\startup_SAME70.s
   Uses
      At line 98 in file ..\..\platform\ATSAME70\startup_SAME70.s
      At line 226 in file ..\..\platform\ATSAME70\startup_SAME70.s

XDMAC_Handler 0000001A

Symbol: XDMAC_Handler
   Definitions
      At line 332 in file ..\..\platform\ATSAME70\startup_SAME70.s
   Uses
      At line 152 in file ..\..\platform\ATSAME70\startup_SAME70.s
      At line 274 in file ..\..\platform\ATSAME70\startup_SAME70.s

69 symbols



ARM Macro Assembler    Page 1 Alphabetic symbol ordering
Absolute symbols

Heap_Size 00000200

Symbol: Heap_Size
   Definitions
      At line 57 in file ..\..\platform\ATSAME70\startup_SAME70.s
   Uses
      At line 61 in file ..\..\platform\ATSAME70\startup_SAME70.s
Comment: Heap_Size used once
Stack_Size 00000400

Symbol: Stack_Size
   Definitions
      At line 46 in file ..\..\platform\ATSAME70\startup_SAME70.s
   Uses
      At line 49 in file ..\..\platform\ATSAME70\startup_SAME70.s
Comment: Stack_Size used once
__Vectors_Size 00000140

Symbol: __Vectors_Size
   Definitions
      At line 160 in file ..\..\platform\ATSAME70\startup_SAME70.s
   Uses
      At line 74 in file ..\..\platform\ATSAME70\startup_SAME70.s
Comment: __Vectors_Size used once
3 symbols



ARM Macro Assembler    Page 1 Alphabetic symbol ordering
External symbols

SystemInit 00000000

Symbol: SystemInit
   Definitions
      At line 168 in file ..\..\platform\ATSAME70\startup_SAME70.s
   Uses
      At line 170 in file ..\..\platform\ATSAME70\startup_SAME70.s
Comment: SystemInit used once
__main 00000000

Symbol: __main
   Definitions
      At line 169 in file ..\..\platform\ATSAME70\startup_SAME70.s
   Uses
      At line 172 in file ..\..\platform\ATSAME70\startup_SAME70.s
Comment: __main used once
2 symbols
420 symbols in table
