


ARM Macro Assembler    Page 1 


    1 00000000                 PRESERVE8
    2 00000000         
    3 00000000 00000400 
                       Stack_Size
                               EQU              0x00000400
    4 00000000 00000200 
                       Heap_Size
                               EQU              0x00000200
    5 00000000         
    6 00000000                 AREA             STACK, NOINIT, READWRITE, ALIGN
=3
    7 00000000         Stack_Mem
                               SPACE            Stack_Size
    8 00000400         __initial_sp
    9 00000400         
   10 00000400                 AREA             HEAP, NOINIT, READWRITE, ALIGN=
3
   11 00000000         __heap_base
   12 00000000         Heap_Mem
                               SPACE            Heap_Size
   13 00000200         __heap_limit
   14 00000200         
   15 00000200                 AREA             RESET, CODE, READONLY
   16 00000000                 THUMB
   17 00000000         
   18 00000000         ;IMPORT  ||Image$$ARM_LIB_STACKHEAP$$ZI$$Limit||
   19 00000000                 IMPORT           PendSV_Handler
   20 00000000                 IMPORT           SysTick_Handler 
                                                            ;SysTick_Handler
   21 00000000         
   22 00000000                 EXPORT           _BootVectors
   23 00000000                 EXPORT           Reset_Handler
   24 00000000         
   25 00000000         _BootVectors
   26 00000000 00000000        DCD              __initial_sp
   27 00000004 00000000        DCD              Reset_Handler
   28 00000008 00000000        DCD              0           ; NMI Handler
   29 0000000C 00000000        DCD              0           ; Hard Fault Handle
                                                            r
   30 00000010 00000000        DCD              0           ; MPU Fault Handler
                                                            
   31 00000014 00000000        DCD              0           ; Bus Fault Handler
                                                            
   32 00000018 00000000        DCD              0           ; Usage Fault Handl
                                                            er
   33 0000001C 00000000        DCD              0           ; Reserved
   34 00000020 00000000        DCD              0           ; Reserved
   35 00000024 00000000        DCD              0           ; Reserved
   36 00000028 00000000        DCD              0           ; Reserved
   37 0000002C 00000000        DCD              0           ; SVCall Handler
   38 00000030 00000000        DCD              0           ; Debug Monitor Han
                                                            dler
   39 00000034 00000000        DCD              0           ; Reserved
   40 00000038 00000000        DCD              PendSV_Handler ; PendSV Handler
                                                            
   41 0000003C 00000000        DCD              SysTick_Handler ;SysTick_Handle
                                                            r            ; SysT
                                                            ick Handler
   42 00000040         



ARM Macro Assembler    Page 2 


   43 00000040         Reset_Handler
   44 00000040 F8DF 0018       LDR.W            R0, =0xE000ED88
   45 00000044 6801            LDR              R1, [R0]
   46 00000046 F441 0170       ORR              R1, R1, #(0xF << 20)
   47 0000004A 6001            STR              R1, [R0]
   48 0000004C F3BF 8F4F       DSB
   49 00000050 F3BF 8F6F       ISB                          ;Reset pipeline now
                                                             the FPU is enabled
                                                            .
   50 00000054 B672            CPSID            I
   51 00000056         
   52 00000056                 IMPORT           __main
   53 00000056 4802            LDR              R0, =__main
   54 00000058 4700            BX               R0
   55 0000005A         
   56 0000005A         
   57 0000005A 00 00           ALIGN
   58 0000005C         
   59 0000005C                 IF               :DEF:__MICROLIB
   60 0000005C         
   61 0000005C                 EXPORT           __initial_sp
   62 0000005C                 EXPORT           __heap_base
   63 0000005C                 EXPORT           __heap_limit
   64 0000005C         
   65 0000005C                 ELSE
   79                          ENDIF
   80 0000005C         
   81 0000005C         
   82 0000005C                 END
              E000ED88 
              00000000 
Command Line: --debug --xref --diag_suppress=9931 --cpu=Cortex-M7.fp.sp --apcs=
interwork --depend=.\objects\los_startup_keil.d -o.\objects\los_startup_keil.o 
-IL:\huawei\work\LiteOS_Kernel\projects\STM32F746ZG-NUCLEO-KEIL\RTE\_HuaweiLite
OS -Id:\Keil_v5\ARM\CMSIS\Include -IDrivers\CMSIS\Device\ST\STM32F7xx\Include -
-predefine="__MICROLIB SETA 1" --predefine="__UVISION_VERSION SETA 522" --list=
.\listings\los_startup_keil.lst ..\..\platform\STM32F746ZG_NUCLEO\los_startup_k
eil.s



ARM Macro Assembler    Page 1 Alphabetic symbol ordering
Relocatable symbols

STACK 00000000

Symbol: STACK
   Definitions
      At line 6 in file ..\..\platform\STM32F746ZG_NUCLEO\los_startup_keil.s
   Uses
      None
Comment: STACK unused
Stack_Mem 00000000

Symbol: Stack_Mem
   Definitions
      At line 7 in file ..\..\platform\STM32F746ZG_NUCLEO\los_startup_keil.s
   Uses
      None
Comment: Stack_Mem unused
__initial_sp 00000400

Symbol: __initial_sp
   Definitions
      At line 8 in file ..\..\platform\STM32F746ZG_NUCLEO\los_startup_keil.s
   Uses
      At line 26 in file ..\..\platform\STM32F746ZG_NUCLEO\los_startup_keil.s
      At line 61 in file ..\..\platform\STM32F746ZG_NUCLEO\los_startup_keil.s

3 symbols



ARM Macro Assembler    Page 1 Alphabetic symbol ordering
Relocatable symbols

HEAP 00000000

Symbol: HEAP
   Definitions
      At line 10 in file ..\..\platform\STM32F746ZG_NUCLEO\los_startup_keil.s
   Uses
      None
Comment: HEAP unused
Heap_Mem 00000000

Symbol: Heap_Mem
   Definitions
      At line 12 in file ..\..\platform\STM32F746ZG_NUCLEO\los_startup_keil.s
   Uses
      None
Comment: Heap_Mem unused
__heap_base 00000000

Symbol: __heap_base
   Definitions
      At line 11 in file ..\..\platform\STM32F746ZG_NUCLEO\los_startup_keil.s
   Uses
      At line 62 in file ..\..\platform\STM32F746ZG_NUCLEO\los_startup_keil.s
Comment: __heap_base used once
__heap_limit 00000200

Symbol: __heap_limit
   Definitions
      At line 13 in file ..\..\platform\STM32F746ZG_NUCLEO\los_startup_keil.s
   Uses
      At line 63 in file ..\..\platform\STM32F746ZG_NUCLEO\los_startup_keil.s
Comment: __heap_limit used once
4 symbols



ARM Macro Assembler    Page 1 Alphabetic symbol ordering
Relocatable symbols

RESET 00000000

Symbol: RESET
   Definitions
      At line 15 in file ..\..\platform\STM32F746ZG_NUCLEO\los_startup_keil.s
   Uses
      None
Comment: RESET unused
Reset_Handler 00000040

Symbol: Reset_Handler
   Definitions
      At line 43 in file ..\..\platform\STM32F746ZG_NUCLEO\los_startup_keil.s
   Uses
      At line 23 in file ..\..\platform\STM32F746ZG_NUCLEO\los_startup_keil.s
      At line 27 in file ..\..\platform\STM32F746ZG_NUCLEO\los_startup_keil.s

_BootVectors 00000000

Symbol: _BootVectors
   Definitions
      At line 25 in file ..\..\platform\STM32F746ZG_NUCLEO\los_startup_keil.s
   Uses
      At line 22 in file ..\..\platform\STM32F746ZG_NUCLEO\los_startup_keil.s
Comment: _BootVectors used once
3 symbols



ARM Macro Assembler    Page 1 Alphabetic symbol ordering
Absolute symbols

Heap_Size 00000200

Symbol: Heap_Size
   Definitions
      At line 4 in file ..\..\platform\STM32F746ZG_NUCLEO\los_startup_keil.s
   Uses
      At line 12 in file ..\..\platform\STM32F746ZG_NUCLEO\los_startup_keil.s
Comment: Heap_Size used once
Stack_Size 00000400

Symbol: Stack_Size
   Definitions
      At line 3 in file ..\..\platform\STM32F746ZG_NUCLEO\los_startup_keil.s
   Uses
      At line 7 in file ..\..\platform\STM32F746ZG_NUCLEO\los_startup_keil.s
Comment: Stack_Size used once
2 symbols



ARM Macro Assembler    Page 1 Alphabetic symbol ordering
External symbols

PendSV_Handler 00000000

Symbol: PendSV_Handler
   Definitions
      At line 19 in file ..\..\platform\STM32F746ZG_NUCLEO\los_startup_keil.s
   Uses
      At line 40 in file ..\..\platform\STM32F746ZG_NUCLEO\los_startup_keil.s
Comment: PendSV_Handler used once
SysTick_Handler 00000000

Symbol: SysTick_Handler
   Definitions
      At line 20 in file ..\..\platform\STM32F746ZG_NUCLEO\los_startup_keil.s
   Uses
      At line 41 in file ..\..\platform\STM32F746ZG_NUCLEO\los_startup_keil.s
Comment: SysTick_Handler used once
__main 00000000

Symbol: __main
   Definitions
      At line 52 in file ..\..\platform\STM32F746ZG_NUCLEO\los_startup_keil.s
   Uses
      At line 53 in file ..\..\platform\STM32F746ZG_NUCLEO\los_startup_keil.s
Comment: __main used once
3 symbols
350 symbols in table
