


ARM Macro Assembler    Page 1 


    1 00000000         ;/******************************************************
                       ************************
    2 00000000         ; * @file     startup_NUC472_442.s
    3 00000000         ; * @version  V1.00
    4 00000000         ; * $Revision: 12 $
    5 00000000         ; * $Date: 15/09/22 10:25a $ 
    6 00000000         ; * @brief    CMSIS ARM Cortex-M4 Core Device Startup Fi
                       le
    7 00000000         ; *
    8 00000000         ; * @note
    9 00000000         ; * Copyright (C) 2013 Nuvoton Technology Corp. All righ
                       ts reserved.
   10 00000000         ;*******************************************************
                       **********************/  
   11 00000000         ;/*
   12 00000000         ;//-------- <<< Use Configuration Wizard in Context Menu
                        >>> ------------------
   13 00000000         ;*/
   14 00000000         
   15 00000000         
   16 00000000         ; <h> Stack Configuration
   17 00000000         ;   <o> Stack Size (in Bytes) <0x0-0xFFFFFFFF:8>
   18 00000000         ; </h>
   19 00000000         
   20 00000000                 IF               :LNOT: :DEF: Stack_Size
   22                          ENDIF
   23 00000000         
   24 00000000                 AREA             STACK, NOINIT, READWRITE, ALIGN
=3
   25 00000000         Stack_Mem
                               SPACE            Stack_Size
   26 00001000         __initial_sp
   27 00001000         
   28 00001000         
   29 00001000         ; <h> Heap Configuration
   30 00001000         ;   <o>  Heap Size (in Bytes) <0x0-0xFFFFFFFF:8>
   31 00001000         ; </h>
   32 00001000         
   33 00001000                 IF               :LNOT: :DEF: Heap_Size
   35                          ENDIF
   36 00001000         
   37 00001000                 AREA             HEAP, NOINIT, READWRITE, ALIGN=
3
   38 00000000         __heap_base
   39 00000000         Heap_Mem
                               SPACE            Heap_Size
   40 00000200         __heap_limit
   41 00000200         
   42 00000200         
   43 00000200                 PRESERVE8
   44 00000200                 THUMB
   45 00000200         
   46 00000200         
   47 00000200         ; Vector Table Mapped to Address 0 at Reset
   48 00000200         
   49 00000200                 AREA             RESET, DATA, READONLY
   50 00000000                 EXPORT           __Vectors
   51 00000000                 EXPORT           __Vectors_End
   52 00000000                 EXPORT           __Vectors_Size



ARM Macro Assembler    Page 2 


   53 00000000         
   54 00000000 00000000 
                       __Vectors
                               DCD              __initial_sp ; Top of Stack
   55 00000004 00000000        DCD              Reset_Handler ; Reset Handler
   56 00000008 00000000        DCD              NMI_Handler ; NMI Handler
   57 0000000C 00000000        DCD              HardFault_Handler ; Hard Fault 
                                                            Handler
   58 00000010 00000000        DCD              MemManage_Handler 
                                                            ; MPU Fault Handler
                                                            
   59 00000014 00000000        DCD              BusFault_Handler 
                                                            ; Bus Fault Handler
                                                            
   60 00000018 00000000        DCD              UsageFault_Handler ; Usage Faul
                                                            t Handler
   61 0000001C 00000000        DCD              0           ; Reserved
   62 00000020 00000000        DCD              0           ; Reserved
   63 00000024 00000000        DCD              0           ; Reserved
   64 00000028 00000000        DCD              0           ; Reserved
   65 0000002C 00000000        DCD              SVC_Handler ; SVCall Handler
   66 00000030 00000000        DCD              DebugMon_Handler ; Debug Monito
                                                            r Handler
   67 00000034 00000000        DCD              0           ; Reserved
   68 00000038 00000000        DCD              PendSV_Handler ; PendSV Handler
                                                            
   69 0000003C 00000000        DCD              SysTick_Handler 
                                                            ; SysTick Handler
   70 00000040         
   71 00000040         ; External Interrupts
   72 00000040 00000000        DCD              BOD_IRQHandler ; 0: Brown Out d
                                                            etection
   73 00000044 00000000        DCD              IRC_IRQHandler ; 1: Internal RC
                                                            
   74 00000048 00000000        DCD              PWRWU_IRQHandler ; 2: Power Dow
                                                            n Wake Up 
   75 0000004C 00000000        DCD              SRAMF_IRQHandler ; 3: Reserved.
                                                            
   76 00000050 00000000        DCD              CLKF_IRQHandler ; 4: CLKF
   77 00000054 00000000        DCD              Default_Handler ; 5: Reserved.
   78 00000058 00000000        DCD              RTC_IRQHandler ; 6: Real Time C
                                                            lock 
   79 0000005C 00000000        DCD              TAMPER_IRQHandler ; 7: Tamper d
                                                            etection
   80 00000060 00000000        DCD              EINT0_IRQHandler ; 8: External 
                                                            Input 0
   81 00000064 00000000        DCD              EINT1_IRQHandler ; 9: External 
                                                            Input 1
   82 00000068 00000000        DCD              EINT2_IRQHandler ; 10: External
                                                             Input 2
   83 0000006C 00000000        DCD              EINT3_IRQHandler ; 11: External
                                                             Input 3
   84 00000070 00000000        DCD              EINT4_IRQHandler ; 12: External
                                                             Input 4
   85 00000074 00000000        DCD              EINT5_IRQHandler ; 13: External
                                                             Input 5
   86 00000078 00000000        DCD              EINT6_IRQHandler ; 14: External
                                                             Input 6
   87 0000007C 00000000        DCD              EINT7_IRQHandler ; 15: External



ARM Macro Assembler    Page 3 


                                                             Input 7 
   88 00000080 00000000        DCD              GPA_IRQHandler 
                                                            ; 16: GPIO Port A
   89 00000084 00000000        DCD              GPB_IRQHandler 
                                                            ; 17: GPIO Port B
   90 00000088 00000000        DCD              GPC_IRQHandler 
                                                            ; 18: GPIO Port C
   91 0000008C 00000000        DCD              GPD_IRQHandler 
                                                            ; 19: GPIO Port D
   92 00000090 00000000        DCD              GPE_IRQHandler 
                                                            ; 20: GPIO Port E
   93 00000094 00000000        DCD              GPF_IRQHandler 
                                                            ; 21: GPIO Port F
   94 00000098 00000000        DCD              GPG_IRQHandler 
                                                            ; 22: GPIO Port G
   95 0000009C 00000000        DCD              GPH_IRQHandler 
                                                            ; 23: GPIO Port H
   96 000000A0 00000000        DCD              GPI_IRQHandler 
                                                            ; 24: GPIO Port I
   97 000000A4 00000000        DCD              Default_Handler ; 25: Reserved.
                                                            
   98 000000A8 00000000        DCD              Default_Handler ; 26: Reserved.
                                                            
   99 000000AC 00000000        DCD              Default_Handler ; 27: Reserved.
                                                            
  100 000000B0 00000000        DCD              Default_Handler ; 28: Reserved.
                                                            
  101 000000B4 00000000        DCD              Default_Handler ; 29: Reserved.
                                                            
  102 000000B8 00000000        DCD              Default_Handler ; 30: Reserved.
                                                            
  103 000000BC 00000000        DCD              Default_Handler ; 31: Reserved.
                                                            
  104 000000C0 00000000        DCD              TMR0_IRQHandler ; 32: Timer 0
  105 000000C4 00000000        DCD              TMR1_IRQHandler ; 33: Timer 1
  106 000000C8 00000000        DCD              TMR2_IRQHandler ; 34: Timer 2
  107 000000CC 00000000        DCD              TMR3_IRQHandler ; 35: Timer 3
  108 000000D0 00000000        DCD              Default_Handler ; 36: Reserved.
                                                            
  109 000000D4 00000000        DCD              Default_Handler ; 37: Reserved.
                                                            
  110 000000D8 00000000        DCD              Default_Handler ; 38: Reserved.
                                                            
  111 000000DC 00000000        DCD              Default_Handler ; 39: Reserved.
                                                            
  112 000000E0 00000000        DCD              PDMA_IRQHandler ; 40: Periphera
                                                            l DMA
  113 000000E4 00000000        DCD              Default_Handler ; 41: Reserved.
                                                            
  114 000000E8 00000000        DCD              ADC_IRQHandler ; 42: ADC
  115 000000EC 00000000        DCD              Default_Handler ; 43: Reserved.
                                                            
  116 000000F0 00000000        DCD              Default_Handler ; 44: Reserved.
                                                            
  117 000000F4 00000000        DCD              Default_Handler ; 45: Reserved.
                                                            
  118 000000F8 00000000        DCD              WDT_IRQHandler ; 46: Watch Dog 
                                                            Timer
  119 000000FC 00000000        DCD              WWDT_IRQHandler ; 47: Window Wa



ARM Macro Assembler    Page 4 


                                                            tch Dog Timer
  120 00000100 00000000        DCD              EADC0_IRQHandler ; 48: EDAC 0
  121 00000104 00000000        DCD              EADC1_IRQHandler ; 49: EDAC 1
  122 00000108 00000000        DCD              EADC2_IRQHandler ; 50: EDAC 2
  123 0000010C 00000000        DCD              EADC3_IRQHandler ; 51: EDAC 3
  124 00000110 00000000        DCD              Default_Handler ; 52: Reserved.
                                                            
  125 00000114 00000000        DCD              Default_Handler ; 53: Reserved.
                                                            
  126 00000118 00000000        DCD              Default_Handler ; 54: Reserved.
                                                            
  127 0000011C 00000000        DCD              Default_Handler ; 55: Reserved.
                                                            
  128 00000120 00000000        DCD              ACMP_IRQHandler ; 56: Analog Co
                                                            mparator
  129 00000124 00000000        DCD              Default_Handler ; 57: Reserved.
                                                            
  130 00000128 00000000        DCD              Default_Handler ; 58: Reserved.
                                                            
  131 0000012C 00000000        DCD              Default_Handler ; 59: Reserved.
                                                            
  132 00000130 00000000        DCD              OPA0_IRQHandler ; 60: OPA 0
  133 00000134 00000000        DCD              OPA1_IRQHandler ; 61: OPA 1
  134 00000138 00000000        DCD              ICAP0_IRQHandler ; 62: ICAP 0
  135 0000013C 00000000        DCD              ICAP1_IRQHandler ; 63: ICAP 1
  136 00000140 00000000        DCD              PWM0CH0_IRQHandler 
                                                            ; 64: PWM0 CH0
  137 00000144 00000000        DCD              PWM0CH1_IRQHandler 
                                                            ; 65: PWM0 CH1
  138 00000148 00000000        DCD              PWM0CH2_IRQHandler 
                                                            ; 66: PWM0 CH2
  139 0000014C 00000000        DCD              PWM0CH3_IRQHandler 
                                                            ; 67: PWM0 CH3
  140 00000150 00000000        DCD              PWM0CH4_IRQHandler 
                                                            ; 68: PWM0 CH4
  141 00000154 00000000        DCD              PWM0CH5_IRQHandler 
                                                            ; 69: PWM0 CH5
  142 00000158 00000000        DCD              PWM0_BRK_IRQHandler 
                                                            ; 70: PWM0 Brake
  143 0000015C 00000000        DCD              QEI0_IRQHandler ; 71: QEI 0
  144 00000160 00000000        DCD              PWM1CH0_IRQHandler 
                                                            ; 72: PWM1 CH0
  145 00000164 00000000        DCD              PWM1CH1_IRQHandler 
                                                            ; 73: PWM1 CH1
  146 00000168 00000000        DCD              PWM1CH2_IRQHandler 
                                                            ; 74: PWM1 CH2
  147 0000016C 00000000        DCD              PWM1CH3_IRQHandler 
                                                            ; 75: PWM1 CH3
  148 00000170 00000000        DCD              PWM1CH4_IRQHandler 
                                                            ; 76: PWM1 CH4
  149 00000174 00000000        DCD              PWM1CH5_IRQHandler 
                                                            ; 77: PWM1 CH5
  150 00000178 00000000        DCD              PWM1_BRK_IRQHandler 
                                                            ; 78: PWM1 Brake
  151 0000017C 00000000        DCD              QEI1_IRQHandler ; 79: QEI 1
  152 00000180 00000000        DCD              EPWM0_IRQHandler ; 80: EPWM0
  153 00000184 00000000        DCD              EPWM0BRK_IRQHandler 
                                                            ; 81: EPWM0 Brake
  154 00000188 00000000        DCD              EPWM1_IRQHandler ; 82: EPWM1



ARM Macro Assembler    Page 5 


  155 0000018C 00000000        DCD              EPWM1BRK_IRQHandler 
                                                            ; 83: EPWM1 Brake
  156 00000190 00000000        DCD              Default_Handler ; 84: Reserved.
                                                            
  157 00000194 00000000        DCD              Default_Handler ; 85: Reserved.
                                                            
  158 00000198 00000000        DCD              Default_Handler ; 86: Reserved.
                                                            
  159 0000019C 00000000        DCD              Default_Handler ; 87: Reserved.
                                                            
  160 000001A0 00000000        DCD              USBD_IRQHandler 
                                                            ; 88: USB Device
  161 000001A4 00000000        DCD              USBH_IRQHandler ; 89: USB Host
  162 000001A8 00000000        DCD              USB_OTG_IRQHandler 
                                                            ; 90: USB OTG
  163 000001AC 00000000        DCD              Default_Handler ; 91: Reserved.
                                                            
  164 000001B0 00000000        DCD              EMAC_TX_IRQHandler ; 92: Ethern
                                                            et MAC TX
  165 000001B4 00000000        DCD              EMAC_RX_IRQHandler ; 93: Ethern
                                                            et MAC RX
  166 000001B8 00000000        DCD              Default_Handler ; 94: Reserved.
                                                            
  167 000001BC 00000000        DCD              Default_Handler ; 95: Reserved.
                                                            
  168 000001C0 00000000        DCD              SPI0_IRQHandler ; 96: SPI 0
  169 000001C4 00000000        DCD              SPI1_IRQHandler ; 97: SPI 1
  170 000001C8 00000000        DCD              SPI2_IRQHandler ; 98: SPI 2
  171 000001CC 00000000        DCD              SPI3_IRQHandler ; 99: SPI 3
  172 000001D0 00000000        DCD              Default_Handler 
                                                            ; 100: Reserved.
  173 000001D4 00000000        DCD              Default_Handler 
                                                            ; 101: Reserved.
  174 000001D8 00000000        DCD              Default_Handler 
                                                            ; 102: Reserved.
  175 000001DC 00000000        DCD              Default_Handler 
                                                            ; 103: Reserved.
  176 000001E0 00000000        DCD              UART0_IRQHandler ; 104: UART 0
  177 000001E4 00000000        DCD              UART1_IRQHandler ; 105: UART 1
  178 000001E8 00000000        DCD              UART2_IRQHandler ; 106: UART 2
  179 000001EC 00000000        DCD              UART3_IRQHandler ; 107: UART 3
  180 000001F0 00000000        DCD              UART4_IRQHandler ; 108: UART 4
  181 000001F4 00000000        DCD              UART5_IRQHandler ; 109: UART 5
  182 000001F8 00000000        DCD              Default_Handler 
                                                            ; 110: Reserved.
  183 000001FC 00000000        DCD              Default_Handler 
                                                            ; 111: Reserved.
  184 00000200 00000000        DCD              I2C0_IRQHandler ; 112: I2C 0
  185 00000204 00000000        DCD              I2C1_IRQHandler ; 113: I2C 1
  186 00000208 00000000        DCD              I2C2_IRQHandler ; 114: I2C 2
  187 0000020C 00000000        DCD              I2C3_IRQHandler ; 115: I2C 3
  188 00000210 00000000        DCD              I2C4_IRQHandler ; 116: I2C 4
  189 00000214 00000000        DCD              Default_Handler 
                                                            ; 117: Reserved.
  190 00000218 00000000        DCD              Default_Handler 
                                                            ; 118: Reserved.
  191 0000021C 00000000        DCD              Default_Handler 
                                                            ; 119: Reserved.
  192 00000220 00000000        DCD              SC0_IRQHandler 



ARM Macro Assembler    Page 6 


                                                            ; 120: Smart Card 0
                                                            
  193 00000224 00000000        DCD              SC1_IRQHandler 
                                                            ; 121: Smart Card 1
                                                            
  194 00000228 00000000        DCD              SC2_IRQHandler 
                                                            ; 122: Smart Card 2
                                                            
  195 0000022C 00000000        DCD              SC3_IRQHandler 
                                                            ; 123: Smart Card 3
                                                            
  196 00000230 00000000        DCD              SC4_IRQHandler 
                                                            ; 124: Smart Card 4
                                                            
  197 00000234 00000000        DCD              SC5_IRQHandler 
                                                            ; 125: Smart Card 5
                                                            
  198 00000238 00000000        DCD              Default_Handler 
                                                            ; 126: Reserved.
  199 0000023C 00000000        DCD              Default_Handler 
                                                            ; 127: Reserved.
  200 00000240 00000000        DCD              CAN0_IRQHandler ; 128: CAN 0
  201 00000244 00000000        DCD              CAN1_IRQHandler ; 129: CAN 1
  202 00000248 00000000        DCD              Default_Handler 
                                                            ; 130: Reserved.
  203 0000024C 00000000        DCD              Default_Handler 
                                                            ; 131: Reserved.
  204 00000250 00000000        DCD              I2S0_IRQHandler ; 132: I2S 0
  205 00000254 00000000        DCD              I2S1_IRQHandler ; 133: I2S 1
  206 00000258 00000000        DCD              Default_Handler 
                                                            ; 134: Reserved.
  207 0000025C 00000000        DCD              Default_Handler 
                                                            ; 135: Reserved.
  208 00000260 00000000        DCD              SD_IRQHandler ; 136: SD card
  209 00000264 00000000        DCD              Default_Handler 
                                                            ; 137: Reserved.
  210 00000268 00000000        DCD              PS2D_IRQHandler 
                                                            ; 138: PS/2 device
  211 0000026C 00000000        DCD              CAP_IRQHandler ; 139: VIN
  212 00000270 00000000        DCD              CRYPTO_IRQHandler ; 140: CRYPTO
                                                            
  213 00000274 00000000        DCD              CRC_IRQHandler ; 141: CRC    
  214 00000278         
  215 00000278         __Vectors_End
  216 00000278         
  217 00000278 00000278 
                       __Vectors_Size
                               EQU              __Vectors_End - __Vectors
  218 00000278         
  219 00000278                 AREA             |.text|, CODE, READONLY
  220 00000000         
  221 00000000         
  222 00000000         ; Reset Handler
  223 00000000         
  224 00000000         Reset_Handler
                               PROC
  225 00000000                 EXPORT           Reset_Handler             [WEAK
]
  226 00000000                 IMPORT           SystemInit



ARM Macro Assembler    Page 7 


  227 00000000                 IMPORT           __main
  228 00000000         ; Unlock Register
  229 00000000 4813            LDR              R0, =0x40000100
  230 00000002 F04F 0159       LDR              R1, =0x59
  231 00000006 6001            STR              R1, [R0]
  232 00000008 F04F 0116       LDR              R1, =0x16
  233 0000000C 6001            STR              R1, [R0]
  234 0000000E F04F 0188       LDR              R1, =0x88
  235 00000012 6001            STR              R1, [R0]
  236 00000014         
  237 00000014         ; Disable branch buffer if VCID is 0
  238 00000014 4A0F            LDR              R2, =0x40000020
  239 00000016 6811            LDR              R1, [R2]
  240 00000018 2900            CMP              R1, #0
  241 0000001A D104            BNE              Lock
  242 0000001C 4A0E            LDR              R2, =0x4000C018
  243 0000001E 6811            LDR              R1, [R2]
  244 00000020 F041 0180       ORR              R1, #0x80
  245 00000024 6011            STR              R1, [R2]
  246 00000026         
  247 00000026         Lock
  248 00000026         ; Init POR
  249 00000026 4A0D            LDR              R2, =0x40000024
  250 00000028 F645 21A5       LDR              R1, =0x00005AA5
  251 0000002C 6011            STR              R1, [R2]
  252 0000002E         
  253 0000002E         ; Lock register
  254 0000002E 2100            MOVS             R1, #0
  255 00000030 6001            STR              R1, [R0]
  256 00000032         
  257 00000032 480B            LDR              R0, =SystemInit
  258 00000034 4780            BLX              R0
  259 00000036 480B            LDR              R0, =__main
  260 00000038 4700            BX               R0
  261 0000003A                 ENDP
  262 0000003A         
  263 0000003A         
  264 0000003A         ; Dummy Exception Handlers (infinite loops which can be 
                       modified)
  265 0000003A         
  266 0000003A         NMI_Handler
                               PROC
  267 0000003A                 EXPORT           NMI_Handler               [WEAK
]
  268 0000003A E7FE            B                .
  269 0000003C                 ENDP
  271 0000003C         HardFault_Handler
                               PROC
  272 0000003C                 EXPORT           HardFault_Handler         [WEAK
]
  273 0000003C E7FE            B                .
  274 0000003E                 ENDP
  276 0000003E         MemManage_Handler
                               PROC
  277 0000003E                 EXPORT           MemManage_Handler         [WEAK
]
  278 0000003E E7FE            B                .
  279 00000040                 ENDP
  281 00000040         BusFault_Handler



ARM Macro Assembler    Page 8 


                               PROC
  282 00000040                 EXPORT           BusFault_Handler          [WEAK
]
  283 00000040 E7FE            B                .
  284 00000042                 ENDP
  286 00000042         UsageFault_Handler
                               PROC
  287 00000042                 EXPORT           UsageFault_Handler        [WEAK
]
  288 00000042 E7FE            B                .
  289 00000044                 ENDP
  290 00000044         SVC_Handler
                               PROC
  291 00000044                 EXPORT           SVC_Handler               [WEAK
]
  292 00000044 E7FE            B                .
  293 00000046                 ENDP
  295 00000046         DebugMon_Handler
                               PROC
  296 00000046                 EXPORT           DebugMon_Handler          [WEAK
]
  297 00000046 E7FE            B                .
  298 00000048                 ENDP
  300 00000048         PendSV_Handler
                               PROC
  301 00000048                 EXPORT           PendSV_Handler            [WEAK
]
  302 00000048 E7FE            B                .
  303 0000004A                 ENDP
  305 0000004A         SysTick_Handler
                               PROC
  306 0000004A                 EXPORT           SysTick_Handler           [WEAK
]
  307 0000004A E7FE            B                .
  308 0000004C                 ENDP
  309 0000004C         
  310 0000004C         Default_Handler
                               PROC
  311 0000004C         
  312 0000004C                 EXPORT           BOD_IRQHandler            [WEAK
]
  313 0000004C                 EXPORT           IRC_IRQHandler            [WEAK
]
  314 0000004C                 EXPORT           PWRWU_IRQHandler          [WEAK
]
  315 0000004C                 EXPORT           SRAMF_IRQHandler          [WEAK
]
  316 0000004C                 EXPORT           CLKF_IRQHandler              [W
EAK]
  317 0000004C                 EXPORT           RTC_IRQHandler            [WEAK
]
  318 0000004C                 EXPORT           TAMPER_IRQHandler         [WEAK
]
  319 0000004C                 EXPORT           EINT0_IRQHandler          [WEAK
]
  320 0000004C                 EXPORT           EINT1_IRQHandler          [WEAK
]
  321 0000004C                 EXPORT           EINT2_IRQHandler          [WEAK
]



ARM Macro Assembler    Page 9 


  322 0000004C                 EXPORT           EINT3_IRQHandler          [WEAK
]
  323 0000004C                 EXPORT           EINT4_IRQHandler          [WEAK
]
  324 0000004C                 EXPORT           EINT5_IRQHandler          [WEAK
]
  325 0000004C                 EXPORT           EINT6_IRQHandler          [WEAK
]
  326 0000004C                 EXPORT           EINT7_IRQHandler          [WEAK
]
  327 0000004C                 EXPORT           GPA_IRQHandler            [WEAK
]
  328 0000004C                 EXPORT           GPB_IRQHandler            [WEAK
]
  329 0000004C                 EXPORT           GPC_IRQHandler            [WEAK
]
  330 0000004C                 EXPORT           GPD_IRQHandler            [WEAK
]
  331 0000004C                 EXPORT           GPE_IRQHandler            [WEAK
]
  332 0000004C                 EXPORT           GPF_IRQHandler            [WEAK
]
  333 0000004C                 EXPORT           GPG_IRQHandler            [WEAK
]
  334 0000004C                 EXPORT           GPH_IRQHandler            [WEAK
]
  335 0000004C                 EXPORT           GPI_IRQHandler            [WEAK
]
  336 0000004C                 EXPORT           TMR0_IRQHandler           [WEAK
]
  337 0000004C                 EXPORT           TMR1_IRQHandler           [WEAK
]
  338 0000004C                 EXPORT           TMR2_IRQHandler           [WEAK
]
  339 0000004C                 EXPORT           TMR3_IRQHandler           [WEAK
]
  340 0000004C                 EXPORT           PDMA_IRQHandler           [WEAK
]
  341 0000004C                 EXPORT           ADC_IRQHandler            [WEAK
]
  342 0000004C                 EXPORT           WDT_IRQHandler            [WEAK
]
  343 0000004C                 EXPORT           WWDT_IRQHandler           [WEAK
]
  344 0000004C                 EXPORT           EADC0_IRQHandler          [WEAK
]
  345 0000004C                 EXPORT           EADC1_IRQHandler          [WEAK
]
  346 0000004C                 EXPORT           EADC2_IRQHandler          [WEAK
]
  347 0000004C                 EXPORT           EADC3_IRQHandler          [WEAK
]
  348 0000004C                 EXPORT           ACMP_IRQHandler           [WEAK
]
  349 0000004C                 EXPORT           OPA0_IRQHandler           [WEAK
]
  350 0000004C                 EXPORT           OPA1_IRQHandler           [WEAK
]
  351 0000004C                 EXPORT           ICAP0_IRQHandler          [WEAK



ARM Macro Assembler    Page 10 


]
  352 0000004C                 EXPORT           ICAP1_IRQHandler          [WEAK
]
  353 0000004C                 EXPORT           PWM0CH0_IRQHandler        [WEAK
]
  354 0000004C                 EXPORT           PWM0CH1_IRQHandler        [WEAK
]
  355 0000004C                 EXPORT           PWM0CH2_IRQHandler        [WEAK
]
  356 0000004C                 EXPORT           PWM0CH3_IRQHandler        [WEAK
]
  357 0000004C                 EXPORT           PWM0CH4_IRQHandler        [WEAK
]
  358 0000004C                 EXPORT           PWM0CH5_IRQHandler        [WEAK
]
  359 0000004C                 EXPORT           PWM0_BRK_IRQHandler       [WEAK
]
  360 0000004C                 EXPORT           QEI0_IRQHandler           [WEAK
]
  361 0000004C                 EXPORT           PWM1CH0_IRQHandler        [WEAK
]
  362 0000004C                 EXPORT           PWM1CH1_IRQHandler        [WEAK
]
  363 0000004C                 EXPORT           PWM1CH2_IRQHandler        [WEAK
]
  364 0000004C                 EXPORT           PWM1CH3_IRQHandler        [WEAK
]
  365 0000004C                 EXPORT           PWM1CH4_IRQHandler        [WEAK
]
  366 0000004C                 EXPORT           PWM1CH5_IRQHandler        [WEAK
]
  367 0000004C                 EXPORT           PWM1_BRK_IRQHandler       [WEAK
]
  368 0000004C                 EXPORT           QEI1_IRQHandler           [WEAK
]
  369 0000004C                 EXPORT           EPWM0_IRQHandler          [WEAK
]
  370 0000004C                 EXPORT           EPWM0BRK_IRQHandler       [WEAK
]
  371 0000004C                 EXPORT           EPWM1_IRQHandler          [WEAK
]
  372 0000004C                 EXPORT           EPWM1BRK_IRQHandler       [WEAK
]
  373 0000004C                 EXPORT           USBD_IRQHandler           [WEAK
]
  374 0000004C                 EXPORT           USBH_IRQHandler           [WEAK
]
  375 0000004C                 EXPORT           USB_OTG_IRQHandler        [WEAK
]
  376 0000004C                 EXPORT           EMAC_TX_IRQHandler        [WEAK
]
  377 0000004C                 EXPORT           EMAC_RX_IRQHandler        [WEAK
]
  378 0000004C                 EXPORT           SPI0_IRQHandler           [WEAK
]
  379 0000004C                 EXPORT           SPI1_IRQHandler           [WEAK
]
  380 0000004C                 EXPORT           SPI2_IRQHandler           [WEAK
]



ARM Macro Assembler    Page 11 


  381 0000004C                 EXPORT           SPI3_IRQHandler           [WEAK
]
  382 0000004C                 EXPORT           UART0_IRQHandler          [WEAK
]
  383 0000004C                 EXPORT           UART1_IRQHandler          [WEAK
]
  384 0000004C                 EXPORT           UART2_IRQHandler          [WEAK
]
  385 0000004C                 EXPORT           UART3_IRQHandler          [WEAK
]
  386 0000004C                 EXPORT           UART4_IRQHandler          [WEAK
]
  387 0000004C                 EXPORT           UART5_IRQHandler          [WEAK
]
  388 0000004C                 EXPORT           I2C0_IRQHandler           [WEAK
]
  389 0000004C                 EXPORT           I2C1_IRQHandler           [WEAK
]
  390 0000004C                 EXPORT           I2C2_IRQHandler           [WEAK
]
  391 0000004C                 EXPORT           I2C3_IRQHandler           [WEAK
]
  392 0000004C                 EXPORT           I2C4_IRQHandler           [WEAK
]
  393 0000004C                 EXPORT           SC0_IRQHandler            [WEAK
]
  394 0000004C                 EXPORT           SC1_IRQHandler            [WEAK
]
  395 0000004C                 EXPORT           SC2_IRQHandler            [WEAK
]
  396 0000004C                 EXPORT           SC3_IRQHandler            [WEAK
]
  397 0000004C                 EXPORT           SC4_IRQHandler            [WEAK
]
  398 0000004C                 EXPORT           SC5_IRQHandler            [WEAK
]
  399 0000004C                 EXPORT           CAN0_IRQHandler           [WEAK
]
  400 0000004C                 EXPORT           CAN1_IRQHandler           [WEAK
]
  401 0000004C                 EXPORT           I2S0_IRQHandler           [WEAK
]
  402 0000004C                 EXPORT           I2S1_IRQHandler           [WEAK
]
  403 0000004C                 EXPORT           SD_IRQHandler             [WEAK
]
  404 0000004C                 EXPORT           PS2D_IRQHandler           [WEAK
]
  405 0000004C                 EXPORT           CAP_IRQHandler            [WEAK
]
  406 0000004C                 EXPORT           CRYPTO_IRQHandler         [WEAK
]
  407 0000004C                 EXPORT           CRC_IRQHandler            [WEAK
]
  408 0000004C         
  409 0000004C         Default__IRQHandler
  410 0000004C         BOD_IRQHandler
  411 0000004C         IRC_IRQHandler
  412 0000004C         PWRWU_IRQHandler



ARM Macro Assembler    Page 12 


  413 0000004C         SRAMF_IRQHandler
  414 0000004C         CLKF_IRQHandler
  415 0000004C         RTC_IRQHandler
  416 0000004C         TAMPER_IRQHandler
  417 0000004C         EINT0_IRQHandler
  418 0000004C         EINT1_IRQHandler
  419 0000004C         EINT2_IRQHandler
  420 0000004C         EINT3_IRQHandler
  421 0000004C         EINT4_IRQHandler
  422 0000004C         EINT5_IRQHandler
  423 0000004C         EINT6_IRQHandler
  424 0000004C         EINT7_IRQHandler
  425 0000004C         GPA_IRQHandler
  426 0000004C         GPB_IRQHandler
  427 0000004C         GPC_IRQHandler
  428 0000004C         GPD_IRQHandler
  429 0000004C         GPE_IRQHandler
  430 0000004C         GPF_IRQHandler
  431 0000004C         GPG_IRQHandler
  432 0000004C         GPH_IRQHandler
  433 0000004C         GPI_IRQHandler
  434 0000004C         TMR0_IRQHandler
  435 0000004C         TMR1_IRQHandler
  436 0000004C         TMR2_IRQHandler
  437 0000004C         TMR3_IRQHandler
  438 0000004C         PDMA_IRQHandler
  439 0000004C         ADC_IRQHandler
  440 0000004C         WDT_IRQHandler
  441 0000004C         WWDT_IRQHandler
  442 0000004C         EADC0_IRQHandler
  443 0000004C         EADC1_IRQHandler
  444 0000004C         EADC2_IRQHandler
  445 0000004C         EADC3_IRQHandler
  446 0000004C         ACMP_IRQHandler
  447 0000004C         OPA0_IRQHandler
  448 0000004C         OPA1_IRQHandler
  449 0000004C         ICAP0_IRQHandler
  450 0000004C         ICAP1_IRQHandler
  451 0000004C         PWM0CH0_IRQHandler
  452 0000004C         PWM0CH1_IRQHandler
  453 0000004C         PWM0CH2_IRQHandler
  454 0000004C         PWM0CH3_IRQHandler
  455 0000004C         PWM0CH4_IRQHandler
  456 0000004C         PWM0CH5_IRQHandler
  457 0000004C         PWM0_BRK_IRQHandler
  458 0000004C         QEI0_IRQHandler
  459 0000004C         PWM1CH0_IRQHandler
  460 0000004C         PWM1CH1_IRQHandler
  461 0000004C         PWM1CH2_IRQHandler
  462 0000004C         PWM1CH3_IRQHandler
  463 0000004C         PWM1CH4_IRQHandler
  464 0000004C         PWM1CH5_IRQHandler
  465 0000004C         PWM1_BRK_IRQHandler
  466 0000004C         QEI1_IRQHandler
  467 0000004C         EPWM0_IRQHandler
  468 0000004C         EPWM0BRK_IRQHandler
  469 0000004C         EPWM1_IRQHandler
  470 0000004C         EPWM1BRK_IRQHandler
  471 0000004C         USBD_IRQHandler



ARM Macro Assembler    Page 13 


  472 0000004C         USBH_IRQHandler
  473 0000004C         USB_OTG_IRQHandler
  474 0000004C         EMAC_TX_IRQHandler
  475 0000004C         EMAC_RX_IRQHandler
  476 0000004C         SPI0_IRQHandler
  477 0000004C         SPI1_IRQHandler
  478 0000004C         SPI2_IRQHandler
  479 0000004C         SPI3_IRQHandler
  480 0000004C         UART0_IRQHandler
  481 0000004C         UART1_IRQHandler
  482 0000004C         UART2_IRQHandler
  483 0000004C         UART3_IRQHandler
  484 0000004C         UART4_IRQHandler
  485 0000004C         UART5_IRQHandler
  486 0000004C         I2C0_IRQHandler
  487 0000004C         I2C1_IRQHandler
  488 0000004C         I2C2_IRQHandler
  489 0000004C         I2C3_IRQHandler
  490 0000004C         I2C4_IRQHandler
  491 0000004C         SC0_IRQHandler
  492 0000004C         SC1_IRQHandler
  493 0000004C         SC2_IRQHandler
  494 0000004C         SC3_IRQHandler
  495 0000004C         SC4_IRQHandler
  496 0000004C         SC5_IRQHandler
  497 0000004C         CAN0_IRQHandler
  498 0000004C         CAN1_IRQHandler
  499 0000004C         I2S0_IRQHandler
  500 0000004C         I2S1_IRQHandler
  501 0000004C         SD_IRQHandler
  502 0000004C         PS2D_IRQHandler
  503 0000004C         CAP_IRQHandler
  504 0000004C         CRYPTO_IRQHandler
  505 0000004C         CRC_IRQHandler
  506 0000004C         
  507 0000004C E7FE            B                .
  508 0000004E                 ENDP
  509 0000004E         
  510 0000004E         
  511 0000004E 00 00           ALIGN
  512 00000050         
  513 00000050         
  514 00000050         ; User Initial Stack & Heap
  515 00000050         
  516 00000050                 IF               :DEF:__MICROLIB
  517 00000050         
  518 00000050                 EXPORT           __initial_sp
  519 00000050                 EXPORT           __heap_base
  520 00000050                 EXPORT           __heap_limit
  521 00000050         
  522 00000050                 ELSE
  537                          ENDIF
  538 00000050         
  539 00000050         
  540 00000050         
  541 00000050                 END
              40000100 
              40000020 
              4000C018 



ARM Macro Assembler    Page 14 


              40000024 
              00000000 
              00000000 
Command Line: --debug --xref --diag_suppress=9931 --cpu=Cortex-M4.fp --apcs=int
erwork --depend=.\objects\los_startup_keil.d -o.\objects\los_startup_keil.o -I.
\RTE\_LiteOS -I"C:\Program Files (x86)\Keil_v5_MDK\ARM\PACK\Nuvoton\NuMicro_DFP
\1.0.9\Device\NUC400\Include" -I"C:\Program Files (x86)\Keil_v5_MDK\ARM\CMSIS\I
nclude" --predefine="__MICROLIB SETA 1" --predefine="__UVISION_VERSION SETA 523
" --list=.\listings\los_startup_keil.lst ..\..\platform\NUTINY-NUC472H\los_star
tup_keil.s



ARM Macro Assembler    Page 1 Alphabetic symbol ordering
Relocatable symbols

STACK 00000000

Symbol: STACK
   Definitions
      At line 24 in file ..\..\platform\NUTINY-NUC472H\los_startup_keil.s
   Uses
      None
Comment: STACK unused
Stack_Mem 00000000

Symbol: Stack_Mem
   Definitions
      At line 25 in file ..\..\platform\NUTINY-NUC472H\los_startup_keil.s
   Uses
      None
Comment: Stack_Mem unused
__initial_sp 00001000

Symbol: __initial_sp
   Definitions
      At line 26 in file ..\..\platform\NUTINY-NUC472H\los_startup_keil.s
   Uses
      At line 54 in file ..\..\platform\NUTINY-NUC472H\los_startup_keil.s
      At line 518 in file ..\..\platform\NUTINY-NUC472H\los_startup_keil.s

3 symbols



ARM Macro Assembler    Page 1 Alphabetic symbol ordering
Relocatable symbols

HEAP 00000000

Symbol: HEAP
   Definitions
      At line 37 in file ..\..\platform\NUTINY-NUC472H\los_startup_keil.s
   Uses
      None
Comment: HEAP unused
Heap_Mem 00000000

Symbol: Heap_Mem
   Definitions
      At line 39 in file ..\..\platform\NUTINY-NUC472H\los_startup_keil.s
   Uses
      None
Comment: Heap_Mem unused
__heap_base 00000000

Symbol: __heap_base
   Definitions
      At line 38 in file ..\..\platform\NUTINY-NUC472H\los_startup_keil.s
   Uses
      At line 519 in file ..\..\platform\NUTINY-NUC472H\los_startup_keil.s
Comment: __heap_base used once
__heap_limit 00000200

Symbol: __heap_limit
   Definitions
      At line 40 in file ..\..\platform\NUTINY-NUC472H\los_startup_keil.s
   Uses
      At line 520 in file ..\..\platform\NUTINY-NUC472H\los_startup_keil.s
Comment: __heap_limit used once
4 symbols



ARM Macro Assembler    Page 1 Alphabetic symbol ordering
Relocatable symbols

RESET 00000000

Symbol: RESET
   Definitions
      At line 49 in file ..\..\platform\NUTINY-NUC472H\los_startup_keil.s
   Uses
      None
Comment: RESET unused
__Vectors 00000000

Symbol: __Vectors
   Definitions
      At line 54 in file ..\..\platform\NUTINY-NUC472H\los_startup_keil.s
   Uses
      At line 50 in file ..\..\platform\NUTINY-NUC472H\los_startup_keil.s
      At line 217 in file ..\..\platform\NUTINY-NUC472H\los_startup_keil.s

__Vectors_End 00000278

Symbol: __Vectors_End
   Definitions
      At line 215 in file ..\..\platform\NUTINY-NUC472H\los_startup_keil.s
   Uses
      At line 51 in file ..\..\platform\NUTINY-NUC472H\los_startup_keil.s
      At line 217 in file ..\..\platform\NUTINY-NUC472H\los_startup_keil.s

3 symbols



ARM Macro Assembler    Page 1 Alphabetic symbol ordering
Relocatable symbols

.text 00000000

Symbol: .text
   Definitions
      At line 219 in file ..\..\platform\NUTINY-NUC472H\los_startup_keil.s
   Uses
      None
Comment: .text unused
ACMP_IRQHandler 0000004C

Symbol: ACMP_IRQHandler
   Definitions
      At line 446 in file ..\..\platform\NUTINY-NUC472H\los_startup_keil.s
   Uses
      At line 128 in file ..\..\platform\NUTINY-NUC472H\los_startup_keil.s
      At line 348 in file ..\..\platform\NUTINY-NUC472H\los_startup_keil.s

ADC_IRQHandler 0000004C

Symbol: ADC_IRQHandler
   Definitions
      At line 439 in file ..\..\platform\NUTINY-NUC472H\los_startup_keil.s
   Uses
      At line 114 in file ..\..\platform\NUTINY-NUC472H\los_startup_keil.s
      At line 341 in file ..\..\platform\NUTINY-NUC472H\los_startup_keil.s

BOD_IRQHandler 0000004C

Symbol: BOD_IRQHandler
   Definitions
      At line 410 in file ..\..\platform\NUTINY-NUC472H\los_startup_keil.s
   Uses
      At line 72 in file ..\..\platform\NUTINY-NUC472H\los_startup_keil.s
      At line 312 in file ..\..\platform\NUTINY-NUC472H\los_startup_keil.s

BusFault_Handler 00000040

Symbol: BusFault_Handler
   Definitions
      At line 281 in file ..\..\platform\NUTINY-NUC472H\los_startup_keil.s
   Uses
      At line 59 in file ..\..\platform\NUTINY-NUC472H\los_startup_keil.s
      At line 282 in file ..\..\platform\NUTINY-NUC472H\los_startup_keil.s

CAN0_IRQHandler 0000004C

Symbol: CAN0_IRQHandler
   Definitions
      At line 497 in file ..\..\platform\NUTINY-NUC472H\los_startup_keil.s
   Uses
      At line 200 in file ..\..\platform\NUTINY-NUC472H\los_startup_keil.s
      At line 399 in file ..\..\platform\NUTINY-NUC472H\los_startup_keil.s

CAN1_IRQHandler 0000004C

Symbol: CAN1_IRQHandler
   Definitions
      At line 498 in file ..\..\platform\NUTINY-NUC472H\los_startup_keil.s
   Uses



ARM Macro Assembler    Page 2 Alphabetic symbol ordering
Relocatable symbols

      At line 201 in file ..\..\platform\NUTINY-NUC472H\los_startup_keil.s
      At line 400 in file ..\..\platform\NUTINY-NUC472H\los_startup_keil.s

CAP_IRQHandler 0000004C

Symbol: CAP_IRQHandler
   Definitions
      At line 503 in file ..\..\platform\NUTINY-NUC472H\los_startup_keil.s
   Uses
      At line 211 in file ..\..\platform\NUTINY-NUC472H\los_startup_keil.s
      At line 405 in file ..\..\platform\NUTINY-NUC472H\los_startup_keil.s

CLKF_IRQHandler 0000004C

Symbol: CLKF_IRQHandler
   Definitions
      At line 414 in file ..\..\platform\NUTINY-NUC472H\los_startup_keil.s
   Uses
      At line 76 in file ..\..\platform\NUTINY-NUC472H\los_startup_keil.s
      At line 316 in file ..\..\platform\NUTINY-NUC472H\los_startup_keil.s

CRC_IRQHandler 0000004C

Symbol: CRC_IRQHandler
   Definitions
      At line 505 in file ..\..\platform\NUTINY-NUC472H\los_startup_keil.s
   Uses
      At line 213 in file ..\..\platform\NUTINY-NUC472H\los_startup_keil.s
      At line 407 in file ..\..\platform\NUTINY-NUC472H\los_startup_keil.s

CRYPTO_IRQHandler 0000004C

Symbol: CRYPTO_IRQHandler
   Definitions
      At line 504 in file ..\..\platform\NUTINY-NUC472H\los_startup_keil.s
   Uses
      At line 212 in file ..\..\platform\NUTINY-NUC472H\los_startup_keil.s
      At line 406 in file ..\..\platform\NUTINY-NUC472H\los_startup_keil.s

DebugMon_Handler 00000046

Symbol: DebugMon_Handler
   Definitions
      At line 295 in file ..\..\platform\NUTINY-NUC472H\los_startup_keil.s
   Uses
      At line 66 in file ..\..\platform\NUTINY-NUC472H\los_startup_keil.s
      At line 296 in file ..\..\platform\NUTINY-NUC472H\los_startup_keil.s

Default_Handler 0000004C

Symbol: Default_Handler
   Definitions
      At line 310 in file ..\..\platform\NUTINY-NUC472H\los_startup_keil.s
   Uses
      At line 77 in file ..\..\platform\NUTINY-NUC472H\los_startup_keil.s
      At line 97 in file ..\..\platform\NUTINY-NUC472H\los_startup_keil.s
      At line 98 in file ..\..\platform\NUTINY-NUC472H\los_startup_keil.s
      At line 99 in file ..\..\platform\NUTINY-NUC472H\los_startup_keil.s
      At line 100 in file ..\..\platform\NUTINY-NUC472H\los_startup_keil.s



ARM Macro Assembler    Page 3 Alphabetic symbol ordering
Relocatable symbols

      At line 101 in file ..\..\platform\NUTINY-NUC472H\los_startup_keil.s
      At line 102 in file ..\..\platform\NUTINY-NUC472H\los_startup_keil.s
      At line 103 in file ..\..\platform\NUTINY-NUC472H\los_startup_keil.s
      At line 108 in file ..\..\platform\NUTINY-NUC472H\los_startup_keil.s
      At line 109 in file ..\..\platform\NUTINY-NUC472H\los_startup_keil.s
      At line 110 in file ..\..\platform\NUTINY-NUC472H\los_startup_keil.s
      At line 111 in file ..\..\platform\NUTINY-NUC472H\los_startup_keil.s
      At line 113 in file ..\..\platform\NUTINY-NUC472H\los_startup_keil.s
      At line 115 in file ..\..\platform\NUTINY-NUC472H\los_startup_keil.s
      At line 116 in file ..\..\platform\NUTINY-NUC472H\los_startup_keil.s
      At line 117 in file ..\..\platform\NUTINY-NUC472H\los_startup_keil.s
      At line 124 in file ..\..\platform\NUTINY-NUC472H\los_startup_keil.s
      At line 125 in file ..\..\platform\NUTINY-NUC472H\los_startup_keil.s
      At line 126 in file ..\..\platform\NUTINY-NUC472H\los_startup_keil.s
      At line 127 in file ..\..\platform\NUTINY-NUC472H\los_startup_keil.s
      At line 129 in file ..\..\platform\NUTINY-NUC472H\los_startup_keil.s
      At line 130 in file ..\..\platform\NUTINY-NUC472H\los_startup_keil.s
      At line 131 in file ..\..\platform\NUTINY-NUC472H\los_startup_keil.s
      At line 156 in file ..\..\platform\NUTINY-NUC472H\los_startup_keil.s
      At line 157 in file ..\..\platform\NUTINY-NUC472H\los_startup_keil.s
      At line 158 in file ..\..\platform\NUTINY-NUC472H\los_startup_keil.s
      At line 159 in file ..\..\platform\NUTINY-NUC472H\los_startup_keil.s
      At line 163 in file ..\..\platform\NUTINY-NUC472H\los_startup_keil.s
      At line 166 in file ..\..\platform\NUTINY-NUC472H\los_startup_keil.s
      At line 167 in file ..\..\platform\NUTINY-NUC472H\los_startup_keil.s
      At line 172 in file ..\..\platform\NUTINY-NUC472H\los_startup_keil.s
      At line 173 in file ..\..\platform\NUTINY-NUC472H\los_startup_keil.s
      At line 174 in file ..\..\platform\NUTINY-NUC472H\los_startup_keil.s
      At line 175 in file ..\..\platform\NUTINY-NUC472H\los_startup_keil.s
      At line 182 in file ..\..\platform\NUTINY-NUC472H\los_startup_keil.s
      At line 183 in file ..\..\platform\NUTINY-NUC472H\los_startup_keil.s
      At line 189 in file ..\..\platform\NUTINY-NUC472H\los_startup_keil.s
      At line 190 in file ..\..\platform\NUTINY-NUC472H\los_startup_keil.s
      At line 191 in file ..\..\platform\NUTINY-NUC472H\los_startup_keil.s
      At line 198 in file ..\..\platform\NUTINY-NUC472H\los_startup_keil.s
      At line 199 in file ..\..\platform\NUTINY-NUC472H\los_startup_keil.s
      At line 202 in file ..\..\platform\NUTINY-NUC472H\los_startup_keil.s
      At line 203 in file ..\..\platform\NUTINY-NUC472H\los_startup_keil.s
      At line 206 in file ..\..\platform\NUTINY-NUC472H\los_startup_keil.s
      At line 207 in file ..\..\platform\NUTINY-NUC472H\los_startup_keil.s
      At line 209 in file ..\..\platform\NUTINY-NUC472H\los_startup_keil.s

Default__IRQHandler 0000004C

Symbol: Default__IRQHandler
   Definitions
      At line 409 in file ..\..\platform\NUTINY-NUC472H\los_startup_keil.s
   Uses
      None
Comment: Default__IRQHandler unused
EADC0_IRQHandler 0000004C

Symbol: EADC0_IRQHandler
   Definitions
      At line 442 in file ..\..\platform\NUTINY-NUC472H\los_startup_keil.s
   Uses
      At line 120 in file ..\..\platform\NUTINY-NUC472H\los_startup_keil.s
      At line 344 in file ..\..\platform\NUTINY-NUC472H\los_startup_keil.s




ARM Macro Assembler    Page 4 Alphabetic symbol ordering
Relocatable symbols

EADC1_IRQHandler 0000004C

Symbol: EADC1_IRQHandler
   Definitions
      At line 443 in file ..\..\platform\NUTINY-NUC472H\los_startup_keil.s
   Uses
      At line 121 in file ..\..\platform\NUTINY-NUC472H\los_startup_keil.s
      At line 345 in file ..\..\platform\NUTINY-NUC472H\los_startup_keil.s

EADC2_IRQHandler 0000004C

Symbol: EADC2_IRQHandler
   Definitions
      At line 444 in file ..\..\platform\NUTINY-NUC472H\los_startup_keil.s
   Uses
      At line 122 in file ..\..\platform\NUTINY-NUC472H\los_startup_keil.s
      At line 346 in file ..\..\platform\NUTINY-NUC472H\los_startup_keil.s

EADC3_IRQHandler 0000004C

Symbol: EADC3_IRQHandler
   Definitions
      At line 445 in file ..\..\platform\NUTINY-NUC472H\los_startup_keil.s
   Uses
      At line 123 in file ..\..\platform\NUTINY-NUC472H\los_startup_keil.s
      At line 347 in file ..\..\platform\NUTINY-NUC472H\los_startup_keil.s

EINT0_IRQHandler 0000004C

Symbol: EINT0_IRQHandler
   Definitions
      At line 417 in file ..\..\platform\NUTINY-NUC472H\los_startup_keil.s
   Uses
      At line 80 in file ..\..\platform\NUTINY-NUC472H\los_startup_keil.s
      At line 319 in file ..\..\platform\NUTINY-NUC472H\los_startup_keil.s

EINT1_IRQHandler 0000004C

Symbol: EINT1_IRQHandler
   Definitions
      At line 418 in file ..\..\platform\NUTINY-NUC472H\los_startup_keil.s
   Uses
      At line 81 in file ..\..\platform\NUTINY-NUC472H\los_startup_keil.s
      At line 320 in file ..\..\platform\NUTINY-NUC472H\los_startup_keil.s

EINT2_IRQHandler 0000004C

Symbol: EINT2_IRQHandler
   Definitions
      At line 419 in file ..\..\platform\NUTINY-NUC472H\los_startup_keil.s
   Uses
      At line 82 in file ..\..\platform\NUTINY-NUC472H\los_startup_keil.s
      At line 321 in file ..\..\platform\NUTINY-NUC472H\los_startup_keil.s

EINT3_IRQHandler 0000004C

Symbol: EINT3_IRQHandler
   Definitions
      At line 420 in file ..\..\platform\NUTINY-NUC472H\los_startup_keil.s



ARM Macro Assembler    Page 5 Alphabetic symbol ordering
Relocatable symbols

   Uses
      At line 83 in file ..\..\platform\NUTINY-NUC472H\los_startup_keil.s
      At line 322 in file ..\..\platform\NUTINY-NUC472H\los_startup_keil.s

EINT4_IRQHandler 0000004C

Symbol: EINT4_IRQHandler
   Definitions
      At line 421 in file ..\..\platform\NUTINY-NUC472H\los_startup_keil.s
   Uses
      At line 84 in file ..\..\platform\NUTINY-NUC472H\los_startup_keil.s
      At line 323 in file ..\..\platform\NUTINY-NUC472H\los_startup_keil.s

EINT5_IRQHandler 0000004C

Symbol: EINT5_IRQHandler
   Definitions
      At line 422 in file ..\..\platform\NUTINY-NUC472H\los_startup_keil.s
   Uses
      At line 85 in file ..\..\platform\NUTINY-NUC472H\los_startup_keil.s
      At line 324 in file ..\..\platform\NUTINY-NUC472H\los_startup_keil.s

EINT6_IRQHandler 0000004C

Symbol: EINT6_IRQHandler
   Definitions
      At line 423 in file ..\..\platform\NUTINY-NUC472H\los_startup_keil.s
   Uses
      At line 86 in file ..\..\platform\NUTINY-NUC472H\los_startup_keil.s
      At line 325 in file ..\..\platform\NUTINY-NUC472H\los_startup_keil.s

EINT7_IRQHandler 0000004C

Symbol: EINT7_IRQHandler
   Definitions
      At line 424 in file ..\..\platform\NUTINY-NUC472H\los_startup_keil.s
   Uses
      At line 87 in file ..\..\platform\NUTINY-NUC472H\los_startup_keil.s
      At line 326 in file ..\..\platform\NUTINY-NUC472H\los_startup_keil.s

EMAC_RX_IRQHandler 0000004C

Symbol: EMAC_RX_IRQHandler
   Definitions
      At line 475 in file ..\..\platform\NUTINY-NUC472H\los_startup_keil.s
   Uses
      At line 165 in file ..\..\platform\NUTINY-NUC472H\los_startup_keil.s
      At line 377 in file ..\..\platform\NUTINY-NUC472H\los_startup_keil.s

EMAC_TX_IRQHandler 0000004C

Symbol: EMAC_TX_IRQHandler
   Definitions
      At line 474 in file ..\..\platform\NUTINY-NUC472H\los_startup_keil.s
   Uses
      At line 164 in file ..\..\platform\NUTINY-NUC472H\los_startup_keil.s
      At line 376 in file ..\..\platform\NUTINY-NUC472H\los_startup_keil.s

EPWM0BRK_IRQHandler 0000004C



ARM Macro Assembler    Page 6 Alphabetic symbol ordering
Relocatable symbols


Symbol: EPWM0BRK_IRQHandler
   Definitions
      At line 468 in file ..\..\platform\NUTINY-NUC472H\los_startup_keil.s
   Uses
      At line 153 in file ..\..\platform\NUTINY-NUC472H\los_startup_keil.s
      At line 370 in file ..\..\platform\NUTINY-NUC472H\los_startup_keil.s

EPWM0_IRQHandler 0000004C

Symbol: EPWM0_IRQHandler
   Definitions
      At line 467 in file ..\..\platform\NUTINY-NUC472H\los_startup_keil.s
   Uses
      At line 152 in file ..\..\platform\NUTINY-NUC472H\los_startup_keil.s
      At line 369 in file ..\..\platform\NUTINY-NUC472H\los_startup_keil.s

EPWM1BRK_IRQHandler 0000004C

Symbol: EPWM1BRK_IRQHandler
   Definitions
      At line 470 in file ..\..\platform\NUTINY-NUC472H\los_startup_keil.s
   Uses
      At line 155 in file ..\..\platform\NUTINY-NUC472H\los_startup_keil.s
      At line 372 in file ..\..\platform\NUTINY-NUC472H\los_startup_keil.s

EPWM1_IRQHandler 0000004C

Symbol: EPWM1_IRQHandler
   Definitions
      At line 469 in file ..\..\platform\NUTINY-NUC472H\los_startup_keil.s
   Uses
      At line 154 in file ..\..\platform\NUTINY-NUC472H\los_startup_keil.s
      At line 371 in file ..\..\platform\NUTINY-NUC472H\los_startup_keil.s

GPA_IRQHandler 0000004C

Symbol: GPA_IRQHandler
   Definitions
      At line 425 in file ..\..\platform\NUTINY-NUC472H\los_startup_keil.s
   Uses
      At line 88 in file ..\..\platform\NUTINY-NUC472H\los_startup_keil.s
      At line 327 in file ..\..\platform\NUTINY-NUC472H\los_startup_keil.s

GPB_IRQHandler 0000004C

Symbol: GPB_IRQHandler
   Definitions
      At line 426 in file ..\..\platform\NUTINY-NUC472H\los_startup_keil.s
   Uses
      At line 89 in file ..\..\platform\NUTINY-NUC472H\los_startup_keil.s
      At line 328 in file ..\..\platform\NUTINY-NUC472H\los_startup_keil.s

GPC_IRQHandler 0000004C

Symbol: GPC_IRQHandler
   Definitions
      At line 427 in file ..\..\platform\NUTINY-NUC472H\los_startup_keil.s
   Uses



ARM Macro Assembler    Page 7 Alphabetic symbol ordering
Relocatable symbols

      At line 90 in file ..\..\platform\NUTINY-NUC472H\los_startup_keil.s
      At line 329 in file ..\..\platform\NUTINY-NUC472H\los_startup_keil.s

GPD_IRQHandler 0000004C

Symbol: GPD_IRQHandler
   Definitions
      At line 428 in file ..\..\platform\NUTINY-NUC472H\los_startup_keil.s
   Uses
      At line 91 in file ..\..\platform\NUTINY-NUC472H\los_startup_keil.s
      At line 330 in file ..\..\platform\NUTINY-NUC472H\los_startup_keil.s

GPE_IRQHandler 0000004C

Symbol: GPE_IRQHandler
   Definitions
      At line 429 in file ..\..\platform\NUTINY-NUC472H\los_startup_keil.s
   Uses
      At line 92 in file ..\..\platform\NUTINY-NUC472H\los_startup_keil.s
      At line 331 in file ..\..\platform\NUTINY-NUC472H\los_startup_keil.s

GPF_IRQHandler 0000004C

Symbol: GPF_IRQHandler
   Definitions
      At line 430 in file ..\..\platform\NUTINY-NUC472H\los_startup_keil.s
   Uses
      At line 93 in file ..\..\platform\NUTINY-NUC472H\los_startup_keil.s
      At line 332 in file ..\..\platform\NUTINY-NUC472H\los_startup_keil.s

GPG_IRQHandler 0000004C

Symbol: GPG_IRQHandler
   Definitions
      At line 431 in file ..\..\platform\NUTINY-NUC472H\los_startup_keil.s
   Uses
      At line 94 in file ..\..\platform\NUTINY-NUC472H\los_startup_keil.s
      At line 333 in file ..\..\platform\NUTINY-NUC472H\los_startup_keil.s

GPH_IRQHandler 0000004C

Symbol: GPH_IRQHandler
   Definitions
      At line 432 in file ..\..\platform\NUTINY-NUC472H\los_startup_keil.s
   Uses
      At line 95 in file ..\..\platform\NUTINY-NUC472H\los_startup_keil.s
      At line 334 in file ..\..\platform\NUTINY-NUC472H\los_startup_keil.s

GPI_IRQHandler 0000004C

Symbol: GPI_IRQHandler
   Definitions
      At line 433 in file ..\..\platform\NUTINY-NUC472H\los_startup_keil.s
   Uses
      At line 96 in file ..\..\platform\NUTINY-NUC472H\los_startup_keil.s
      At line 335 in file ..\..\platform\NUTINY-NUC472H\los_startup_keil.s

HardFault_Handler 0000003C




ARM Macro Assembler    Page 8 Alphabetic symbol ordering
Relocatable symbols

Symbol: HardFault_Handler
   Definitions
      At line 271 in file ..\..\platform\NUTINY-NUC472H\los_startup_keil.s
   Uses
      At line 57 in file ..\..\platform\NUTINY-NUC472H\los_startup_keil.s
      At line 272 in file ..\..\platform\NUTINY-NUC472H\los_startup_keil.s

I2C0_IRQHandler 0000004C

Symbol: I2C0_IRQHandler
   Definitions
      At line 486 in file ..\..\platform\NUTINY-NUC472H\los_startup_keil.s
   Uses
      At line 184 in file ..\..\platform\NUTINY-NUC472H\los_startup_keil.s
      At line 388 in file ..\..\platform\NUTINY-NUC472H\los_startup_keil.s

I2C1_IRQHandler 0000004C

Symbol: I2C1_IRQHandler
   Definitions
      At line 487 in file ..\..\platform\NUTINY-NUC472H\los_startup_keil.s
   Uses
      At line 185 in file ..\..\platform\NUTINY-NUC472H\los_startup_keil.s
      At line 389 in file ..\..\platform\NUTINY-NUC472H\los_startup_keil.s

I2C2_IRQHandler 0000004C

Symbol: I2C2_IRQHandler
   Definitions
      At line 488 in file ..\..\platform\NUTINY-NUC472H\los_startup_keil.s
   Uses
      At line 186 in file ..\..\platform\NUTINY-NUC472H\los_startup_keil.s
      At line 390 in file ..\..\platform\NUTINY-NUC472H\los_startup_keil.s

I2C3_IRQHandler 0000004C

Symbol: I2C3_IRQHandler
   Definitions
      At line 489 in file ..\..\platform\NUTINY-NUC472H\los_startup_keil.s
   Uses
      At line 187 in file ..\..\platform\NUTINY-NUC472H\los_startup_keil.s
      At line 391 in file ..\..\platform\NUTINY-NUC472H\los_startup_keil.s

I2C4_IRQHandler 0000004C

Symbol: I2C4_IRQHandler
   Definitions
      At line 490 in file ..\..\platform\NUTINY-NUC472H\los_startup_keil.s
   Uses
      At line 188 in file ..\..\platform\NUTINY-NUC472H\los_startup_keil.s
      At line 392 in file ..\..\platform\NUTINY-NUC472H\los_startup_keil.s

I2S0_IRQHandler 0000004C

Symbol: I2S0_IRQHandler
   Definitions
      At line 499 in file ..\..\platform\NUTINY-NUC472H\los_startup_keil.s
   Uses
      At line 204 in file ..\..\platform\NUTINY-NUC472H\los_startup_keil.s



ARM Macro Assembler    Page 9 Alphabetic symbol ordering
Relocatable symbols

      At line 401 in file ..\..\platform\NUTINY-NUC472H\los_startup_keil.s

I2S1_IRQHandler 0000004C

Symbol: I2S1_IRQHandler
   Definitions
      At line 500 in file ..\..\platform\NUTINY-NUC472H\los_startup_keil.s
   Uses
      At line 205 in file ..\..\platform\NUTINY-NUC472H\los_startup_keil.s
      At line 402 in file ..\..\platform\NUTINY-NUC472H\los_startup_keil.s

ICAP0_IRQHandler 0000004C

Symbol: ICAP0_IRQHandler
   Definitions
      At line 449 in file ..\..\platform\NUTINY-NUC472H\los_startup_keil.s
   Uses
      At line 134 in file ..\..\platform\NUTINY-NUC472H\los_startup_keil.s
      At line 351 in file ..\..\platform\NUTINY-NUC472H\los_startup_keil.s

ICAP1_IRQHandler 0000004C

Symbol: ICAP1_IRQHandler
   Definitions
      At line 450 in file ..\..\platform\NUTINY-NUC472H\los_startup_keil.s
   Uses
      At line 135 in file ..\..\platform\NUTINY-NUC472H\los_startup_keil.s
      At line 352 in file ..\..\platform\NUTINY-NUC472H\los_startup_keil.s

IRC_IRQHandler 0000004C

Symbol: IRC_IRQHandler
   Definitions
      At line 411 in file ..\..\platform\NUTINY-NUC472H\los_startup_keil.s
   Uses
      At line 73 in file ..\..\platform\NUTINY-NUC472H\los_startup_keil.s
      At line 313 in file ..\..\platform\NUTINY-NUC472H\los_startup_keil.s

Lock 00000026

Symbol: Lock
   Definitions
      At line 247 in file ..\..\platform\NUTINY-NUC472H\los_startup_keil.s
   Uses
      At line 241 in file ..\..\platform\NUTINY-NUC472H\los_startup_keil.s
Comment: Lock used once
MemManage_Handler 0000003E

Symbol: MemManage_Handler
   Definitions
      At line 276 in file ..\..\platform\NUTINY-NUC472H\los_startup_keil.s
   Uses
      At line 58 in file ..\..\platform\NUTINY-NUC472H\los_startup_keil.s
      At line 277 in file ..\..\platform\NUTINY-NUC472H\los_startup_keil.s

NMI_Handler 0000003A

Symbol: NMI_Handler
   Definitions



ARM Macro Assembler    Page 10 Alphabetic symbol ordering
Relocatable symbols

      At line 266 in file ..\..\platform\NUTINY-NUC472H\los_startup_keil.s
   Uses
      At line 56 in file ..\..\platform\NUTINY-NUC472H\los_startup_keil.s
      At line 267 in file ..\..\platform\NUTINY-NUC472H\los_startup_keil.s

OPA0_IRQHandler 0000004C

Symbol: OPA0_IRQHandler
   Definitions
      At line 447 in file ..\..\platform\NUTINY-NUC472H\los_startup_keil.s
   Uses
      At line 132 in file ..\..\platform\NUTINY-NUC472H\los_startup_keil.s
      At line 349 in file ..\..\platform\NUTINY-NUC472H\los_startup_keil.s

OPA1_IRQHandler 0000004C

Symbol: OPA1_IRQHandler
   Definitions
      At line 448 in file ..\..\platform\NUTINY-NUC472H\los_startup_keil.s
   Uses
      At line 133 in file ..\..\platform\NUTINY-NUC472H\los_startup_keil.s
      At line 350 in file ..\..\platform\NUTINY-NUC472H\los_startup_keil.s

PDMA_IRQHandler 0000004C

Symbol: PDMA_IRQHandler
   Definitions
      At line 438 in file ..\..\platform\NUTINY-NUC472H\los_startup_keil.s
   Uses
      At line 112 in file ..\..\platform\NUTINY-NUC472H\los_startup_keil.s
      At line 340 in file ..\..\platform\NUTINY-NUC472H\los_startup_keil.s

PS2D_IRQHandler 0000004C

Symbol: PS2D_IRQHandler
   Definitions
      At line 502 in file ..\..\platform\NUTINY-NUC472H\los_startup_keil.s
   Uses
      At line 210 in file ..\..\platform\NUTINY-NUC472H\los_startup_keil.s
      At line 404 in file ..\..\platform\NUTINY-NUC472H\los_startup_keil.s

PWM0CH0_IRQHandler 0000004C

Symbol: PWM0CH0_IRQHandler
   Definitions
      At line 451 in file ..\..\platform\NUTINY-NUC472H\los_startup_keil.s
   Uses
      At line 136 in file ..\..\platform\NUTINY-NUC472H\los_startup_keil.s
      At line 353 in file ..\..\platform\NUTINY-NUC472H\los_startup_keil.s

PWM0CH1_IRQHandler 0000004C

Symbol: PWM0CH1_IRQHandler
   Definitions
      At line 452 in file ..\..\platform\NUTINY-NUC472H\los_startup_keil.s
   Uses
      At line 137 in file ..\..\platform\NUTINY-NUC472H\los_startup_keil.s
      At line 354 in file ..\..\platform\NUTINY-NUC472H\los_startup_keil.s




ARM Macro Assembler    Page 11 Alphabetic symbol ordering
Relocatable symbols

PWM0CH2_IRQHandler 0000004C

Symbol: PWM0CH2_IRQHandler
   Definitions
      At line 453 in file ..\..\platform\NUTINY-NUC472H\los_startup_keil.s
   Uses
      At line 138 in file ..\..\platform\NUTINY-NUC472H\los_startup_keil.s
      At line 355 in file ..\..\platform\NUTINY-NUC472H\los_startup_keil.s

PWM0CH3_IRQHandler 0000004C

Symbol: PWM0CH3_IRQHandler
   Definitions
      At line 454 in file ..\..\platform\NUTINY-NUC472H\los_startup_keil.s
   Uses
      At line 139 in file ..\..\platform\NUTINY-NUC472H\los_startup_keil.s
      At line 356 in file ..\..\platform\NUTINY-NUC472H\los_startup_keil.s

PWM0CH4_IRQHandler 0000004C

Symbol: PWM0CH4_IRQHandler
   Definitions
      At line 455 in file ..\..\platform\NUTINY-NUC472H\los_startup_keil.s
   Uses
      At line 140 in file ..\..\platform\NUTINY-NUC472H\los_startup_keil.s
      At line 357 in file ..\..\platform\NUTINY-NUC472H\los_startup_keil.s

PWM0CH5_IRQHandler 0000004C

Symbol: PWM0CH5_IRQHandler
   Definitions
      At line 456 in file ..\..\platform\NUTINY-NUC472H\los_startup_keil.s
   Uses
      At line 141 in file ..\..\platform\NUTINY-NUC472H\los_startup_keil.s
      At line 358 in file ..\..\platform\NUTINY-NUC472H\los_startup_keil.s

PWM0_BRK_IRQHandler 0000004C

Symbol: PWM0_BRK_IRQHandler
   Definitions
      At line 457 in file ..\..\platform\NUTINY-NUC472H\los_startup_keil.s
   Uses
      At line 142 in file ..\..\platform\NUTINY-NUC472H\los_startup_keil.s
      At line 359 in file ..\..\platform\NUTINY-NUC472H\los_startup_keil.s

PWM1CH0_IRQHandler 0000004C

Symbol: PWM1CH0_IRQHandler
   Definitions
      At line 459 in file ..\..\platform\NUTINY-NUC472H\los_startup_keil.s
   Uses
      At line 144 in file ..\..\platform\NUTINY-NUC472H\los_startup_keil.s
      At line 361 in file ..\..\platform\NUTINY-NUC472H\los_startup_keil.s

PWM1CH1_IRQHandler 0000004C

Symbol: PWM1CH1_IRQHandler
   Definitions
      At line 460 in file ..\..\platform\NUTINY-NUC472H\los_startup_keil.s



ARM Macro Assembler    Page 12 Alphabetic symbol ordering
Relocatable symbols

   Uses
      At line 145 in file ..\..\platform\NUTINY-NUC472H\los_startup_keil.s
      At line 362 in file ..\..\platform\NUTINY-NUC472H\los_startup_keil.s

PWM1CH2_IRQHandler 0000004C

Symbol: PWM1CH2_IRQHandler
   Definitions
      At line 461 in file ..\..\platform\NUTINY-NUC472H\los_startup_keil.s
   Uses
      At line 146 in file ..\..\platform\NUTINY-NUC472H\los_startup_keil.s
      At line 363 in file ..\..\platform\NUTINY-NUC472H\los_startup_keil.s

PWM1CH3_IRQHandler 0000004C

Symbol: PWM1CH3_IRQHandler
   Definitions
      At line 462 in file ..\..\platform\NUTINY-NUC472H\los_startup_keil.s
   Uses
      At line 147 in file ..\..\platform\NUTINY-NUC472H\los_startup_keil.s
      At line 364 in file ..\..\platform\NUTINY-NUC472H\los_startup_keil.s

PWM1CH4_IRQHandler 0000004C

Symbol: PWM1CH4_IRQHandler
   Definitions
      At line 463 in file ..\..\platform\NUTINY-NUC472H\los_startup_keil.s
   Uses
      At line 148 in file ..\..\platform\NUTINY-NUC472H\los_startup_keil.s
      At line 365 in file ..\..\platform\NUTINY-NUC472H\los_startup_keil.s

PWM1CH5_IRQHandler 0000004C

Symbol: PWM1CH5_IRQHandler
   Definitions
      At line 464 in file ..\..\platform\NUTINY-NUC472H\los_startup_keil.s
   Uses
      At line 149 in file ..\..\platform\NUTINY-NUC472H\los_startup_keil.s
      At line 366 in file ..\..\platform\NUTINY-NUC472H\los_startup_keil.s

PWM1_BRK_IRQHandler 0000004C

Symbol: PWM1_BRK_IRQHandler
   Definitions
      At line 465 in file ..\..\platform\NUTINY-NUC472H\los_startup_keil.s
   Uses
      At line 150 in file ..\..\platform\NUTINY-NUC472H\los_startup_keil.s
      At line 367 in file ..\..\platform\NUTINY-NUC472H\los_startup_keil.s

PWRWU_IRQHandler 0000004C

Symbol: PWRWU_IRQHandler
   Definitions
      At line 412 in file ..\..\platform\NUTINY-NUC472H\los_startup_keil.s
   Uses
      At line 74 in file ..\..\platform\NUTINY-NUC472H\los_startup_keil.s
      At line 314 in file ..\..\platform\NUTINY-NUC472H\los_startup_keil.s

PendSV_Handler 00000048



ARM Macro Assembler    Page 13 Alphabetic symbol ordering
Relocatable symbols


Symbol: PendSV_Handler
   Definitions
      At line 300 in file ..\..\platform\NUTINY-NUC472H\los_startup_keil.s
   Uses
      At line 68 in file ..\..\platform\NUTINY-NUC472H\los_startup_keil.s
      At line 301 in file ..\..\platform\NUTINY-NUC472H\los_startup_keil.s

QEI0_IRQHandler 0000004C

Symbol: QEI0_IRQHandler
   Definitions
      At line 458 in file ..\..\platform\NUTINY-NUC472H\los_startup_keil.s
   Uses
      At line 143 in file ..\..\platform\NUTINY-NUC472H\los_startup_keil.s
      At line 360 in file ..\..\platform\NUTINY-NUC472H\los_startup_keil.s

QEI1_IRQHandler 0000004C

Symbol: QEI1_IRQHandler
   Definitions
      At line 466 in file ..\..\platform\NUTINY-NUC472H\los_startup_keil.s
   Uses
      At line 151 in file ..\..\platform\NUTINY-NUC472H\los_startup_keil.s
      At line 368 in file ..\..\platform\NUTINY-NUC472H\los_startup_keil.s

RTC_IRQHandler 0000004C

Symbol: RTC_IRQHandler
   Definitions
      At line 415 in file ..\..\platform\NUTINY-NUC472H\los_startup_keil.s
   Uses
      At line 78 in file ..\..\platform\NUTINY-NUC472H\los_startup_keil.s
      At line 317 in file ..\..\platform\NUTINY-NUC472H\los_startup_keil.s

Reset_Handler 00000000

Symbol: Reset_Handler
   Definitions
      At line 224 in file ..\..\platform\NUTINY-NUC472H\los_startup_keil.s
   Uses
      At line 55 in file ..\..\platform\NUTINY-NUC472H\los_startup_keil.s
      At line 225 in file ..\..\platform\NUTINY-NUC472H\los_startup_keil.s

SC0_IRQHandler 0000004C

Symbol: SC0_IRQHandler
   Definitions
      At line 491 in file ..\..\platform\NUTINY-NUC472H\los_startup_keil.s
   Uses
      At line 192 in file ..\..\platform\NUTINY-NUC472H\los_startup_keil.s
      At line 393 in file ..\..\platform\NUTINY-NUC472H\los_startup_keil.s

SC1_IRQHandler 0000004C

Symbol: SC1_IRQHandler
   Definitions
      At line 492 in file ..\..\platform\NUTINY-NUC472H\los_startup_keil.s
   Uses



ARM Macro Assembler    Page 14 Alphabetic symbol ordering
Relocatable symbols

      At line 193 in file ..\..\platform\NUTINY-NUC472H\los_startup_keil.s
      At line 394 in file ..\..\platform\NUTINY-NUC472H\los_startup_keil.s

SC2_IRQHandler 0000004C

Symbol: SC2_IRQHandler
   Definitions
      At line 493 in file ..\..\platform\NUTINY-NUC472H\los_startup_keil.s
   Uses
      At line 194 in file ..\..\platform\NUTINY-NUC472H\los_startup_keil.s
      At line 395 in file ..\..\platform\NUTINY-NUC472H\los_startup_keil.s

SC3_IRQHandler 0000004C

Symbol: SC3_IRQHandler
   Definitions
      At line 494 in file ..\..\platform\NUTINY-NUC472H\los_startup_keil.s
   Uses
      At line 195 in file ..\..\platform\NUTINY-NUC472H\los_startup_keil.s
      At line 396 in file ..\..\platform\NUTINY-NUC472H\los_startup_keil.s

SC4_IRQHandler 0000004C

Symbol: SC4_IRQHandler
   Definitions
      At line 495 in file ..\..\platform\NUTINY-NUC472H\los_startup_keil.s
   Uses
      At line 196 in file ..\..\platform\NUTINY-NUC472H\los_startup_keil.s
      At line 397 in file ..\..\platform\NUTINY-NUC472H\los_startup_keil.s

SC5_IRQHandler 0000004C

Symbol: SC5_IRQHandler
   Definitions
      At line 496 in file ..\..\platform\NUTINY-NUC472H\los_startup_keil.s
   Uses
      At line 197 in file ..\..\platform\NUTINY-NUC472H\los_startup_keil.s
      At line 398 in file ..\..\platform\NUTINY-NUC472H\los_startup_keil.s

SD_IRQHandler 0000004C

Symbol: SD_IRQHandler
   Definitions
      At line 501 in file ..\..\platform\NUTINY-NUC472H\los_startup_keil.s
   Uses
      At line 208 in file ..\..\platform\NUTINY-NUC472H\los_startup_keil.s
      At line 403 in file ..\..\platform\NUTINY-NUC472H\los_startup_keil.s

SPI0_IRQHandler 0000004C

Symbol: SPI0_IRQHandler
   Definitions
      At line 476 in file ..\..\platform\NUTINY-NUC472H\los_startup_keil.s
   Uses
      At line 168 in file ..\..\platform\NUTINY-NUC472H\los_startup_keil.s
      At line 378 in file ..\..\platform\NUTINY-NUC472H\los_startup_keil.s

SPI1_IRQHandler 0000004C




ARM Macro Assembler    Page 15 Alphabetic symbol ordering
Relocatable symbols

Symbol: SPI1_IRQHandler
   Definitions
      At line 477 in file ..\..\platform\NUTINY-NUC472H\los_startup_keil.s
   Uses
      At line 169 in file ..\..\platform\NUTINY-NUC472H\los_startup_keil.s
      At line 379 in file ..\..\platform\NUTINY-NUC472H\los_startup_keil.s

SPI2_IRQHandler 0000004C

Symbol: SPI2_IRQHandler
   Definitions
      At line 478 in file ..\..\platform\NUTINY-NUC472H\los_startup_keil.s
   Uses
      At line 170 in file ..\..\platform\NUTINY-NUC472H\los_startup_keil.s
      At line 380 in file ..\..\platform\NUTINY-NUC472H\los_startup_keil.s

SPI3_IRQHandler 0000004C

Symbol: SPI3_IRQHandler
   Definitions
      At line 479 in file ..\..\platform\NUTINY-NUC472H\los_startup_keil.s
   Uses
      At line 171 in file ..\..\platform\NUTINY-NUC472H\los_startup_keil.s
      At line 381 in file ..\..\platform\NUTINY-NUC472H\los_startup_keil.s

SRAMF_IRQHandler 0000004C

Symbol: SRAMF_IRQHandler
   Definitions
      At line 413 in file ..\..\platform\NUTINY-NUC472H\los_startup_keil.s
   Uses
      At line 75 in file ..\..\platform\NUTINY-NUC472H\los_startup_keil.s
      At line 315 in file ..\..\platform\NUTINY-NUC472H\los_startup_keil.s

SVC_Handler 00000044

Symbol: SVC_Handler
   Definitions
      At line 290 in file ..\..\platform\NUTINY-NUC472H\los_startup_keil.s
   Uses
      At line 65 in file ..\..\platform\NUTINY-NUC472H\los_startup_keil.s
      At line 291 in file ..\..\platform\NUTINY-NUC472H\los_startup_keil.s

SysTick_Handler 0000004A

Symbol: SysTick_Handler
   Definitions
      At line 305 in file ..\..\platform\NUTINY-NUC472H\los_startup_keil.s
   Uses
      At line 69 in file ..\..\platform\NUTINY-NUC472H\los_startup_keil.s
      At line 306 in file ..\..\platform\NUTINY-NUC472H\los_startup_keil.s

TAMPER_IRQHandler 0000004C

Symbol: TAMPER_IRQHandler
   Definitions
      At line 416 in file ..\..\platform\NUTINY-NUC472H\los_startup_keil.s
   Uses
      At line 79 in file ..\..\platform\NUTINY-NUC472H\los_startup_keil.s



ARM Macro Assembler    Page 16 Alphabetic symbol ordering
Relocatable symbols

      At line 318 in file ..\..\platform\NUTINY-NUC472H\los_startup_keil.s

TMR0_IRQHandler 0000004C

Symbol: TMR0_IRQHandler
   Definitions
      At line 434 in file ..\..\platform\NUTINY-NUC472H\los_startup_keil.s
   Uses
      At line 104 in file ..\..\platform\NUTINY-NUC472H\los_startup_keil.s
      At line 336 in file ..\..\platform\NUTINY-NUC472H\los_startup_keil.s

TMR1_IRQHandler 0000004C

Symbol: TMR1_IRQHandler
   Definitions
      At line 435 in file ..\..\platform\NUTINY-NUC472H\los_startup_keil.s
   Uses
      At line 105 in file ..\..\platform\NUTINY-NUC472H\los_startup_keil.s
      At line 337 in file ..\..\platform\NUTINY-NUC472H\los_startup_keil.s

TMR2_IRQHandler 0000004C

Symbol: TMR2_IRQHandler
   Definitions
      At line 436 in file ..\..\platform\NUTINY-NUC472H\los_startup_keil.s
   Uses
      At line 106 in file ..\..\platform\NUTINY-NUC472H\los_startup_keil.s
      At line 338 in file ..\..\platform\NUTINY-NUC472H\los_startup_keil.s

TMR3_IRQHandler 0000004C

Symbol: TMR3_IRQHandler
   Definitions
      At line 437 in file ..\..\platform\NUTINY-NUC472H\los_startup_keil.s
   Uses
      At line 107 in file ..\..\platform\NUTINY-NUC472H\los_startup_keil.s
      At line 339 in file ..\..\platform\NUTINY-NUC472H\los_startup_keil.s

UART0_IRQHandler 0000004C

Symbol: UART0_IRQHandler
   Definitions
      At line 480 in file ..\..\platform\NUTINY-NUC472H\los_startup_keil.s
   Uses
      At line 176 in file ..\..\platform\NUTINY-NUC472H\los_startup_keil.s
      At line 382 in file ..\..\platform\NUTINY-NUC472H\los_startup_keil.s

UART1_IRQHandler 0000004C

Symbol: UART1_IRQHandler
   Definitions
      At line 481 in file ..\..\platform\NUTINY-NUC472H\los_startup_keil.s
   Uses
      At line 177 in file ..\..\platform\NUTINY-NUC472H\los_startup_keil.s
      At line 383 in file ..\..\platform\NUTINY-NUC472H\los_startup_keil.s

UART2_IRQHandler 0000004C

Symbol: UART2_IRQHandler



ARM Macro Assembler    Page 17 Alphabetic symbol ordering
Relocatable symbols

   Definitions
      At line 482 in file ..\..\platform\NUTINY-NUC472H\los_startup_keil.s
   Uses
      At line 178 in file ..\..\platform\NUTINY-NUC472H\los_startup_keil.s
      At line 384 in file ..\..\platform\NUTINY-NUC472H\los_startup_keil.s

UART3_IRQHandler 0000004C

Symbol: UART3_IRQHandler
   Definitions
      At line 483 in file ..\..\platform\NUTINY-NUC472H\los_startup_keil.s
   Uses
      At line 179 in file ..\..\platform\NUTINY-NUC472H\los_startup_keil.s
      At line 385 in file ..\..\platform\NUTINY-NUC472H\los_startup_keil.s

UART4_IRQHandler 0000004C

Symbol: UART4_IRQHandler
   Definitions
      At line 484 in file ..\..\platform\NUTINY-NUC472H\los_startup_keil.s
   Uses
      At line 180 in file ..\..\platform\NUTINY-NUC472H\los_startup_keil.s
      At line 386 in file ..\..\platform\NUTINY-NUC472H\los_startup_keil.s

UART5_IRQHandler 0000004C

Symbol: UART5_IRQHandler
   Definitions
      At line 485 in file ..\..\platform\NUTINY-NUC472H\los_startup_keil.s
   Uses
      At line 181 in file ..\..\platform\NUTINY-NUC472H\los_startup_keil.s
      At line 387 in file ..\..\platform\NUTINY-NUC472H\los_startup_keil.s

USBD_IRQHandler 0000004C

Symbol: USBD_IRQHandler
   Definitions
      At line 471 in file ..\..\platform\NUTINY-NUC472H\los_startup_keil.s
   Uses
      At line 160 in file ..\..\platform\NUTINY-NUC472H\los_startup_keil.s
      At line 373 in file ..\..\platform\NUTINY-NUC472H\los_startup_keil.s

USBH_IRQHandler 0000004C

Symbol: USBH_IRQHandler
   Definitions
      At line 472 in file ..\..\platform\NUTINY-NUC472H\los_startup_keil.s
   Uses
      At line 161 in file ..\..\platform\NUTINY-NUC472H\los_startup_keil.s
      At line 374 in file ..\..\platform\NUTINY-NUC472H\los_startup_keil.s

USB_OTG_IRQHandler 0000004C

Symbol: USB_OTG_IRQHandler
   Definitions
      At line 473 in file ..\..\platform\NUTINY-NUC472H\los_startup_keil.s
   Uses
      At line 162 in file ..\..\platform\NUTINY-NUC472H\los_startup_keil.s
      At line 375 in file ..\..\platform\NUTINY-NUC472H\los_startup_keil.s



ARM Macro Assembler    Page 18 Alphabetic symbol ordering
Relocatable symbols


UsageFault_Handler 00000042

Symbol: UsageFault_Handler
   Definitions
      At line 286 in file ..\..\platform\NUTINY-NUC472H\los_startup_keil.s
   Uses
      At line 60 in file ..\..\platform\NUTINY-NUC472H\los_startup_keil.s
      At line 287 in file ..\..\platform\NUTINY-NUC472H\los_startup_keil.s

WDT_IRQHandler 0000004C

Symbol: WDT_IRQHandler
   Definitions
      At line 440 in file ..\..\platform\NUTINY-NUC472H\los_startup_keil.s
   Uses
      At line 118 in file ..\..\platform\NUTINY-NUC472H\los_startup_keil.s
      At line 342 in file ..\..\platform\NUTINY-NUC472H\los_startup_keil.s

WWDT_IRQHandler 0000004C

Symbol: WWDT_IRQHandler
   Definitions
      At line 441 in file ..\..\platform\NUTINY-NUC472H\los_startup_keil.s
   Uses
      At line 119 in file ..\..\platform\NUTINY-NUC472H\los_startup_keil.s
      At line 343 in file ..\..\platform\NUTINY-NUC472H\los_startup_keil.s

110 symbols



ARM Macro Assembler    Page 1 Alphabetic symbol ordering
Absolute symbols

Heap_Size 00000200

Symbol: Heap_Size
   Definitions
      At line 34 in file ..\..\platform\NUTINY-NUC472H\los_startup_keil.s
   Uses
      At line 39 in file ..\..\platform\NUTINY-NUC472H\los_startup_keil.s
Comment: Heap_Size used once
Stack_Size 00001000

Symbol: Stack_Size
   Definitions
      At line 21 in file ..\..\platform\NUTINY-NUC472H\los_startup_keil.s
   Uses
      At line 25 in file ..\..\platform\NUTINY-NUC472H\los_startup_keil.s
Comment: Stack_Size used once
__Vectors_Size 00000278

Symbol: __Vectors_Size
   Definitions
      At line 217 in file ..\..\platform\NUTINY-NUC472H\los_startup_keil.s
   Uses
      At line 52 in file ..\..\platform\NUTINY-NUC472H\los_startup_keil.s
Comment: __Vectors_Size used once
3 symbols



ARM Macro Assembler    Page 1 Alphabetic symbol ordering
External symbols

SystemInit 00000000

Symbol: SystemInit
   Definitions
      At line 226 in file ..\..\platform\NUTINY-NUC472H\los_startup_keil.s
   Uses
      At line 257 in file ..\..\platform\NUTINY-NUC472H\los_startup_keil.s
Comment: SystemInit used once
__main 00000000

Symbol: __main
   Definitions
      At line 227 in file ..\..\platform\NUTINY-NUC472H\los_startup_keil.s
   Uses
      At line 259 in file ..\..\platform\NUTINY-NUC472H\los_startup_keil.s
Comment: __main used once
2 symbols
462 symbols in table
