


ARM Macro Assembler    Page 1 


    1 00000000         ;/******************************************************
                       ***********************
    2 00000000         ; * @file:    startup_MKL25Z4.s
    3 00000000         ; * @purpose: CMSIS Cortex-M0plus Core Device Startup Fi
                       le for the
    4 00000000         ; *           MKL25Z4
    5 00000000         ; * @version: 1.3
    6 00000000         ; * @date:    2012-10-4
    7 00000000         ; *
    8 00000000         ; * Copyright: 1997 - 2012 Freescale Semiconductor, Inc.
                        All Rights Reserved.
    9 00000000         ;*
   10 00000000         ; *------- <<< Use Configuration Wizard in Context Menu 
                       >>> ------------------
   11 00000000         ; *
   12 00000000         ; ******************************************************
                       ***********************/
   13 00000000         
   14 00000000         
   15 00000000         ; <h> Stack Configuration
   16 00000000         ;   <o> Stack Size (in Bytes) <0x0-0xFFFFFFFF:8>
   17 00000000         ; </h>
   18 00000000         
   19 00000000 00000400 
                       Stack_Size
                               EQU              0x00000400
   20 00000000         
   21 00000000                 AREA             STACK, NOINIT, READWRITE, ALIGN
=3
   22 00000000         Stack_Mem
                               SPACE            Stack_Size
   23 00000400         __initial_sp
   24 00000400         
   25 00000400         
   26 00000400         ; <h> Heap Configuration
   27 00000400         ;   <o>  Heap Size (in Bytes) <0x0-0xFFFFFFFF:8>
   28 00000400         ; </h>
   29 00000400         
   30 00000400 00000000 
                       Heap_Size
                               EQU              0x00000000
   31 00000400         
   32 00000400                 AREA             HEAP, NOINIT, READWRITE, ALIGN=
3
   33 00000000         __heap_base
   34 00000000         Heap_Mem
                               SPACE            Heap_Size
   35 00000000         __heap_limit
   36 00000000         
   37 00000000         
   38 00000000                 PRESERVE8
   39 00000000                 THUMB
   40 00000000         
   41 00000000         
   42 00000000         ; Vector Table Mapped to Address 0 at Reset
   43 00000000         
   44 00000000                 AREA             RESET, DATA, READONLY
   45 00000000                 EXPORT           __Vectors
   46 00000000                 EXPORT           __Vectors_End



ARM Macro Assembler    Page 2 


   47 00000000                 EXPORT           __Vectors_Size
   48 00000000         
   49 00000000 00000000 
                       __Vectors
                               DCD              __initial_sp ; Top of Stack
   50 00000004 00000000        DCD              Reset_Handler ; Reset Handler
   51 00000008 00000000        DCD              NMI_Handler ; NMI Handler
   52 0000000C 00000000        DCD              HardFault_Handler ; Hard Fault 
                                                            Handler
   53 00000010 00000000        DCD              0           ; Reserved
   54 00000014 00000000        DCD              0           ; Reserved
   55 00000018 00000000        DCD              0           ; Reserved
   56 0000001C 00000000        DCD              0           ; Reserved
   57 00000020 00000000        DCD              0           ; Reserved
   58 00000024 00000000        DCD              0           ; Reserved
   59 00000028 00000000        DCD              0           ; Reserved
   60 0000002C 00000000        DCD              SVC_Handler ; SVCall Handler
   61 00000030 00000000        DCD              0           ; Reserved
   62 00000034 00000000        DCD              0           ; Reserved
   63 00000038 00000000        DCD              PendSV_Handler ; PendSV Handler
                                                            
   64 0000003C 00000000        DCD              SysTick_Handler 
                                                            ; SysTick Handler
   65 00000040         
   66 00000040         ; External Interrupts
   67 00000040 00000000        DCD              DMA0_IRQHandler ; DMA channel 0
                                                             transfer complete/
                                                            error interrupt
   68 00000044 00000000        DCD              DMA1_IRQHandler ; DMA channel 1
                                                             transfer complete/
                                                            error interrupt
   69 00000048 00000000        DCD              DMA2_IRQHandler ; DMA channel 2
                                                             transfer complete/
                                                            error interrupt
   70 0000004C 00000000        DCD              DMA3_IRQHandler ; DMA channel 3
                                                             transfer complete/
                                                            error interrupt
   71 00000050 00000000        DCD              Reserved20_IRQHandler ; Reserve
                                                            d interrupt 20
   72 00000054 00000000        DCD              FTFA_IRQHandler ; FTFA command 
                                                            complete/read colli
                                                            sion interrupt
   73 00000058 00000000        DCD              LVD_LVW_IRQHandler ; Low Voltag
                                                            e Detect, Low Volta
                                                            ge Warning
   74 0000005C 00000000        DCD              LLW_IRQHandler ; Low Leakage Wa
                                                            keup
   75 00000060 00000000        DCD              I2C0_IRQHandler 
                                                            ; I2C0 interrupt
   76 00000064 00000000        DCD              I2C1_IRQHandler 
                                                            ; I2C0 interrupt 25
                                                            
   77 00000068 00000000        DCD              SPI0_IRQHandler 
                                                            ; SPI0 interrupt
   78 0000006C 00000000        DCD              SPI1_IRQHandler 
                                                            ; SPI1 interrupt
   79 00000070 00000000        DCD              UART0_IRQHandler ; UART0 status
                                                            /error interrupt
   80 00000074 00000000        DCD              UART1_IRQHandler ; UART1 status



ARM Macro Assembler    Page 3 


                                                            /error interrupt
   81 00000078 00000000        DCD              UART2_IRQHandler ; UART2 status
                                                            /error interrupt
   82 0000007C 00000000        DCD              ADC0_IRQHandler 
                                                            ; ADC0 interrupt
   83 00000080 00000000        DCD              CMP0_IRQHandler 
                                                            ; CMP0 interrupt
   84 00000084 00000000        DCD              TPM0_IRQHandler ; TPM0 fault, o
                                                            verflow and channel
                                                            s interrupt
   85 00000088 00000000        DCD              TPM1_IRQHandler ; TPM1 fault, o
                                                            verflow and channel
                                                            s interrupt
   86 0000008C 00000000        DCD              TPM2_IRQHandler ; TPM2 fault, o
                                                            verflow and channel
                                                            s interrupt
   87 00000090 00000000        DCD              RTC_IRQHandler ; RTC interrupt
   88 00000094 00000000        DCD              RTC_Seconds_IRQHandler ; RTC se
                                                            conds interrupt
   89 00000098 00000000        DCD              PIT_IRQHandler ; PIT timer inte
                                                            rrupt
   90 0000009C 00000000        DCD              Reserved39_IRQHandler ; Reserve
                                                            d interrupt 39
   91 000000A0 00000000        DCD              USB0_IRQHandler 
                                                            ; USB0 interrupt
   92 000000A4 00000000        DCD              DAC0_IRQHandler 
                                                            ; DAC0 interrupt
   93 000000A8 00000000        DCD              TSI0_IRQHandler 
                                                            ; TSI0 interrupt
   94 000000AC 00000000        DCD              MCG_IRQHandler ; MCG interrupt
   95 000000B0 00000000        DCD              LPTimer_IRQHandler 
                                                            ; LPTimer interrupt
                                                            
   96 000000B4 00000000        DCD              Reserved45_IRQHandler ; Reserve
                                                            d interrupt 45
   97 000000B8 00000000        DCD              PORTA_IRQHandler 
                                                            ; Port A interrupt
   98 000000BC 00000000        DCD              PORTD_IRQHandler 
                                                            ; Port D interrupt
   99 000000C0         __Vectors_End
  100 000000C0         
  101 000000C0 000000C0 
                       __Vectors_Size
                               EQU              __Vectors_End - __Vectors
  102 000000C0         
  103 000000C0         ; <h> Flash Configuration
  104 000000C0         ;   <i> 16-byte flash configuration field that stores de
                       fault protection settings (loaded on reset)
  105 000000C0         ;   <i> and security information that allows the MCU to 
                       restrict acces to the FTFL module.
  106 000000C0         ;   <h> Backdoor Comparison Key
  107 000000C0         ;     <o0>  Backdoor Key 0  <0x0-0xFF:2>
  108 000000C0         ;     <o1>  Backdoor Key 1  <0x0-0xFF:2>
  109 000000C0         ;     <o2>  Backdoor Key 2  <0x0-0xFF:2>
  110 000000C0         ;     <o3>  Backdoor Key 3  <0x0-0xFF:2>
  111 000000C0         ;     <o4>  Backdoor Key 4  <0x0-0xFF:2>
  112 000000C0         ;     <o5>  Backdoor Key 5  <0x0-0xFF:2>
  113 000000C0         ;     <o6>  Backdoor Key 6  <0x0-0xFF:2>
  114 000000C0         ;     <o7>  Backdoor Key 7  <0x0-0xFF:2>



ARM Macro Assembler    Page 4 


  115 000000C0 000000FF 
                       BackDoorK0
                               EQU              0xFF
  116 000000C0 000000FF 
                       BackDoorK1
                               EQU              0xFF
  117 000000C0 000000FF 
                       BackDoorK2
                               EQU              0xFF
  118 000000C0 000000FF 
                       BackDoorK3
                               EQU              0xFF
  119 000000C0 000000FF 
                       BackDoorK4
                               EQU              0xFF
  120 000000C0 000000FF 
                       BackDoorK5
                               EQU              0xFF
  121 000000C0 000000FF 
                       BackDoorK6
                               EQU              0xFF
  122 000000C0 000000FF 
                       BackDoorK7
                               EQU              0xFF
  123 000000C0         ;   </h>
  124 000000C0         ;   <h> Program flash protection bytes (FPROT)
  125 000000C0         ;     <i> Each program flash region can be protected fro
                       m program and erase operation by setting the associated 
                       PROT bit.
  126 000000C0         ;     <i> Each bit protects a 1/32 region of the program
                        flash memory.
  127 000000C0         ;     <h> FPROT0
  128 000000C0         ;       <i> Program flash protection bytes
  129 000000C0         ;       <i> 1/32 - 8/32 region
  130 000000C0         ;       <o.0>   FPROT0.0
  131 000000C0         ;       <o.1>   FPROT0.1
  132 000000C0         ;       <o.2>   FPROT0.2
  133 000000C0         ;       <o.3>   FPROT0.3
  134 000000C0         ;       <o.4>   FPROT0.4
  135 000000C0         ;       <o.5>   FPROT0.5
  136 000000C0         ;       <o.6>   FPROT0.6
  137 000000C0         ;       <o.7>   FPROT0.7
  138 000000C0 00000000 
                       nFPROT0 EQU              0x00
  139 000000C0 000000FF 
                       FPROT0  EQU              nFPROT0:EOR:0xFF
  140 000000C0         ;     </h>
  141 000000C0         ;     <h> FPROT1
  142 000000C0         ;       <i> Program Flash Region Protect Register 1
  143 000000C0         ;       <i> 9/32 - 16/32 region
  144 000000C0         ;       <o.0>   FPROT1.0
  145 000000C0         ;       <o.1>   FPROT1.1
  146 000000C0         ;       <o.2>   FPROT1.2
  147 000000C0         ;       <o.3>   FPROT1.3
  148 000000C0         ;       <o.4>   FPROT1.4
  149 000000C0         ;       <o.5>   FPROT1.5
  150 000000C0         ;       <o.6>   FPROT1.6
  151 000000C0         ;       <o.7>   FPROT1.7
  152 000000C0 00000000 



ARM Macro Assembler    Page 5 


                       nFPROT1 EQU              0x00
  153 000000C0 000000FF 
                       FPROT1  EQU              nFPROT1:EOR:0xFF
  154 000000C0         ;     </h>
  155 000000C0         ;     <h> FPROT2
  156 000000C0         ;       <i> Program Flash Region Protect Register 2
  157 000000C0         ;       <i> 17/32 - 24/32 region
  158 000000C0         ;       <o.0>   FPROT2.0
  159 000000C0         ;       <o.1>   FPROT2.1
  160 000000C0         ;       <o.2>   FPROT2.2
  161 000000C0         ;       <o.3>   FPROT2.3
  162 000000C0         ;       <o.4>   FPROT2.4
  163 000000C0         ;       <o.5>   FPROT2.5
  164 000000C0         ;       <o.6>   FPROT2.6
  165 000000C0         ;       <o.7>   FPROT2.7
  166 000000C0 00000000 
                       nFPROT2 EQU              0x00
  167 000000C0 000000FF 
                       FPROT2  EQU              nFPROT2:EOR:0xFF
  168 000000C0         ;     </h>
  169 000000C0         ;     <h> FPROT3
  170 000000C0         ;       <i> Program Flash Region Protect Register 3
  171 000000C0         ;       <i> 25/32 - 32/32 region
  172 000000C0         ;       <o.0>   FPROT3.0
  173 000000C0         ;       <o.1>   FPROT3.1
  174 000000C0         ;       <o.2>   FPROT3.2
  175 000000C0         ;       <o.3>   FPROT3.3
  176 000000C0         ;       <o.4>   FPROT3.4
  177 000000C0         ;       <o.5>   FPROT3.5
  178 000000C0         ;       <o.6>   FPROT3.6
  179 000000C0         ;       <o.7>   FPROT3.7
  180 000000C0 00000000 
                       nFPROT3 EQU              0x00
  181 000000C0 000000FF 
                       FPROT3  EQU              nFPROT3:EOR:0xFF
  182 000000C0         ;     </h>
  183 000000C0         ;   </h>
  184 000000C0         ;   </h>
  185 000000C0         ;   <h> Flash nonvolatile option byte (FOPT)
  186 000000C0         ;     <i> Allows the user to customize the operation of 
                       the MCU at boot time.
  187 000000C0         ;     <o.0>  LPBOOT0
  188 000000C0         ;       <0=> Core and system clock divider (OUTDIV1) is 
                       0x7 (divide by 8) or 0x3 (divide by 4)
  189 000000C0         ;       <1=> Core and system clock divider (OUTDIV1) is 
                       0x1 (divide by 2) or 0x0 (divide by 1)
  190 000000C0         ;     <o.4>  LPBOOT1
  191 000000C0         ;       <0=> Core and system clock divider (OUTDIV1) is 
                       0x7 (divide by 8) or 0x1 (divide by 2)
  192 000000C0         ;       <1=> Core and system clock divider (OUTDIV1) is 
                       0x3 (divide by 4) or 0x0 (divide by 1)
  193 000000C0         ;     <o.2>  NMI_DIS
  194 000000C0         ;       <0=> NMI interrupts are always blocked
  195 000000C0         ;       <1=> NMI pin/interrupts reset default to enabled
                       
  196 000000C0         ;     <o.3>  RESET_PIN_CFG
  197 000000C0         ;       <0=> RESET pin is disabled following a POR and c
                       annot be enabled as RESET function
  198 000000C0         ;       <1=> RESET pin is dedicated



ARM Macro Assembler    Page 6 


  199 000000C0         ;     <o.3>  FAST_INIT
  200 000000C0         ;       <0=> Slower initialization
  201 000000C0         ;       <1=> Fast Initialization
  202 000000C0 000000FF 
                       FOPT    EQU              0xFF
  203 000000C0         ;   </h>
  204 000000C0         ;   <h> Flash security byte (FSEC)
  205 000000C0         ;     <i> WARNING: If SEC field is configured as "MCU se
                       curity status is secure" and MEEN field is configured as
                        "Mass erase is disabled",
  206 000000C0         ;     <i> MCU's security status cannot be set back to un
                       secure state since Mass erase via the debugger is blocke
                       d !!!
  207 000000C0         ;     <o.0..1> SEC
  208 000000C0         ;       <2=> MCU security status is unsecure
  209 000000C0         ;       <3=> MCU security status is secure
  210 000000C0         ;         <i> Flash Security
  211 000000C0         ;         <i> This bits define the security state of the
                        MCU.
  212 000000C0         ;     <o.2..3> FSLACC
  213 000000C0         ;       <2=> Freescale factory access denied
  214 000000C0         ;       <3=> Freescale factory access granted
  215 000000C0         ;         <i> Freescale Failure Analysis Access Code
  216 000000C0         ;         <i> This bits define the security state of the
                        MCU.
  217 000000C0         ;     <o.4..5> MEEN
  218 000000C0         ;       <2=> Mass erase is disabled
  219 000000C0         ;       <3=> Mass erase is enabled
  220 000000C0         ;         <i> Mass Erase Enable Bits
  221 000000C0         ;         <i> Enables and disables mass erase capability
                        of the FTFL module
  222 000000C0         ;     <o.6..7> KEYEN
  223 000000C0         ;       <2=> Backdoor key access enabled
  224 000000C0         ;       <3=> Backdoor key access disabled
  225 000000C0         ;         <i> Backdoor key Security Enable
  226 000000C0         ;         <i> These bits enable and disable backdoor key
                        access to the FTFL module.
  227 000000C0 000000FE 
                       FSEC    EQU              0xFE
  228 000000C0         ;   </h>
  229 000000C0         
  230 000000C0                 IF               :LNOT::DEF:RAM_TARGET
  231 000000C0                 AREA             |.ARM.__at_0x400|, CODE, READON
LY
  232 00000000 FF FF FF 
              FF               DCB              BackDoorK0, BackDoorK1, BackDoo
rK2, BackDoorK3
  233 00000004 FF FF FF 
              FF               DCB              BackDoorK4, BackDoorK5, BackDoo
rK6, BackDoorK7
  234 00000008 FF FF FF 
              FF               DCB              FPROT0,     FPROT1,     FPROT2,
     FPROT3
  235 0000000C FE FF FF 
              FF               DCB              FSEC,       FOPT,       0xFF,  
   0xFF
  236 00000010                 ENDIF
  237 00000010         
  238 00000010                 AREA             |.text|, CODE, READONLY



ARM Macro Assembler    Page 7 


  239 00000000         
  240 00000000         
  241 00000000         ; Reset Handler
  242 00000000         
  243 00000000         Reset_Handler
                               PROC
  244 00000000                 EXPORT           Reset_Handler             [WEAK
]
  245 00000000                 IMPORT           SystemInit
  246 00000000                 IMPORT           __main
  247 00000000 4804            LDR              R0, =SystemInit
  248 00000002 4780            BLX              R0
  249 00000004 4804            LDR              R0, =__main
  250 00000006 4700            BX               R0
  251 00000008                 ENDP
  252 00000008         
  253 00000008         
  254 00000008         ; Dummy Exception Handlers (infinite loops which can be 
                       modified)
  255 00000008         
  256 00000008         NMI_Handler
                               PROC
  257 00000008                 EXPORT           NMI_Handler               [WEAK
]
  258 00000008 E7FE            B                .
  259 0000000A                 ENDP
  261 0000000A         HardFault_Handler
                               PROC
  262 0000000A                 EXPORT           HardFault_Handler         [WEAK
]
  263 0000000A E7FE            B                .
  264 0000000C                 ENDP
  265 0000000C         SVC_Handler
                               PROC
  266 0000000C                 EXPORT           SVC_Handler               [WEAK
]
  267 0000000C E7FE            B                .
  268 0000000E                 ENDP
  269 0000000E         PendSV_Handler
                               PROC
  270 0000000E                 EXPORT           PendSV_Handler            [WEAK
]
  271 0000000E E7FE            B                .
  272 00000010                 ENDP
  273 00000010         SysTick_Handler
                               PROC
  274 00000010                 EXPORT           SysTick_Handler           [WEAK
]
  275 00000010 E7FE            B                .
  276 00000012                 ENDP
  277 00000012         
  278 00000012         Default_Handler
                               PROC
  279 00000012                 EXPORT           DMA0_IRQHandler     [WEAK]
  280 00000012                 EXPORT           DMA1_IRQHandler     [WEAK]
  281 00000012                 EXPORT           DMA2_IRQHandler     [WEAK]
  282 00000012                 EXPORT           DMA3_IRQHandler     [WEAK]
  283 00000012                 EXPORT           Reserved20_IRQHandler     [WEAK
]



ARM Macro Assembler    Page 8 


  284 00000012                 EXPORT           FTFA_IRQHandler     [WEAK]
  285 00000012                 EXPORT           LVD_LVW_IRQHandler     [WEAK]
  286 00000012                 EXPORT           LLW_IRQHandler     [WEAK]
  287 00000012                 EXPORT           I2C0_IRQHandler     [WEAK]
  288 00000012                 EXPORT           I2C1_IRQHandler     [WEAK]
  289 00000012                 EXPORT           SPI0_IRQHandler     [WEAK]
  290 00000012                 EXPORT           SPI1_IRQHandler     [WEAK]
  291 00000012                 EXPORT           UART0_IRQHandler     [WEAK]
  292 00000012                 EXPORT           UART1_IRQHandler     [WEAK]
  293 00000012                 EXPORT           UART2_IRQHandler     [WEAK]
  294 00000012                 EXPORT           ADC0_IRQHandler     [WEAK]
  295 00000012                 EXPORT           CMP0_IRQHandler     [WEAK]
  296 00000012                 EXPORT           TPM0_IRQHandler     [WEAK]
  297 00000012                 EXPORT           TPM1_IRQHandler     [WEAK]
  298 00000012                 EXPORT           TPM2_IRQHandler     [WEAK]
  299 00000012                 EXPORT           RTC_IRQHandler     [WEAK]
  300 00000012                 EXPORT           RTC_Seconds_IRQHandler     [WEA
K]
  301 00000012                 EXPORT           PIT_IRQHandler     [WEAK]
  302 00000012                 EXPORT           Reserved39_IRQHandler     [WEAK
]
  303 00000012                 EXPORT           USB0_IRQHandler     [WEAK]
  304 00000012                 EXPORT           DAC0_IRQHandler     [WEAK]
  305 00000012                 EXPORT           TSI0_IRQHandler     [WEAK]
  306 00000012                 EXPORT           MCG_IRQHandler     [WEAK]
  307 00000012                 EXPORT           LPTimer_IRQHandler     [WEAK]
  308 00000012                 EXPORT           Reserved45_IRQHandler     [WEAK
]
  309 00000012                 EXPORT           PORTA_IRQHandler     [WEAK]
  310 00000012                 EXPORT           PORTD_IRQHandler     [WEAK]
  311 00000012                 EXPORT           DefaultISR                     
 [WEAK]
  312 00000012         
  313 00000012         DMA0_IRQHandler
  314 00000012         DMA1_IRQHandler
  315 00000012         DMA2_IRQHandler
  316 00000012         DMA3_IRQHandler
  317 00000012         Reserved20_IRQHandler
  318 00000012         FTFA_IRQHandler
  319 00000012         LVD_LVW_IRQHandler
  320 00000012         LLW_IRQHandler
  321 00000012         I2C0_IRQHandler
  322 00000012         I2C1_IRQHandler
  323 00000012         SPI0_IRQHandler
  324 00000012         SPI1_IRQHandler
  325 00000012         UART0_IRQHandler
  326 00000012         UART1_IRQHandler
  327 00000012         UART2_IRQHandler
  328 00000012         ADC0_IRQHandler
  329 00000012         CMP0_IRQHandler
  330 00000012         TPM0_IRQHandler
  331 00000012         TPM1_IRQHandler
  332 00000012         TPM2_IRQHandler
  333 00000012         RTC_IRQHandler
  334 00000012         RTC_Seconds_IRQHandler
  335 00000012         PIT_IRQHandler
  336 00000012         Reserved39_IRQHandler
  337 00000012         USB0_IRQHandler
  338 00000012         DAC0_IRQHandler



ARM Macro Assembler    Page 9 


  339 00000012         TSI0_IRQHandler
  340 00000012         MCG_IRQHandler
  341 00000012         LPTimer_IRQHandler
  342 00000012         Reserved45_IRQHandler
  343 00000012         PORTA_IRQHandler
  344 00000012         PORTD_IRQHandler
  345 00000012         DefaultISR
  346 00000012         
  347 00000012 E7FE            B                .
  348 00000014         
  349 00000014                 ENDP
  350 00000014         
  351 00000014         
  352 00000014                 ALIGN
  353 00000014         
  354 00000014         
  355 00000014         ; User Initial Stack & Heap
  356 00000014         
  357 00000014                 IF               :DEF:__MICROLIB
  358 00000014         
  359 00000014                 EXPORT           __initial_sp
  360 00000014                 EXPORT           __heap_base
  361 00000014                 EXPORT           __heap_limit
  362 00000014         
  363 00000014                 ELSE
  377                          ENDIF
  378 00000014         
  379 00000014         
  380 00000014                 END
              00000000 
              00000000 
Command Line: --debug --xref --diag_suppress=9931 --cpu=Cortex-M0+ --apcs=inter
work --depend=.\objects\startup_mkl25z4.d -o.\objects\startup_mkl25z4.o -IC:\Us
ers\Hotriver\Desktop\PortingContest_FRDM-KL25Z_FRDM-KL26Z_forlock\LiteOS_Kernel
-master\projects\FRDM-KL25Z-KEIL\RTE -I"D:\Program Files (x86)\Keil\MDK\PACK\Ke
il\Kinetis_KLxx_DFP\1.10.0\Device\Include" -I"D:\Program Files (x86)\Keil\MDK\A
RM\CMSIS\Include" --predefine="__MICROLIB SETA 1" --predefine="__UVISION_VERSIO
N SETA 517" --predefine="MKL25Z128xxx4 SETA 1" --predefine="DEBUG SETA 1" --lis
t=.\listings\startup_mkl25z4.lst ..\..\platform\FRDM-KL25Z\library\startup_MKL2
5Z4.s



ARM Macro Assembler    Page 1 Alphabetic symbol ordering
Relocatable symbols

STACK 00000000

Symbol: STACK
   Definitions
      At line 21 in file ..\..\platform\FRDM-KL25Z\library\startup_MKL25Z4.s
   Uses
      None
Comment: STACK unused
Stack_Mem 00000000

Symbol: Stack_Mem
   Definitions
      At line 22 in file ..\..\platform\FRDM-KL25Z\library\startup_MKL25Z4.s
   Uses
      None
Comment: Stack_Mem unused
__initial_sp 00000400

Symbol: __initial_sp
   Definitions
      At line 23 in file ..\..\platform\FRDM-KL25Z\library\startup_MKL25Z4.s
   Uses
      At line 49 in file ..\..\platform\FRDM-KL25Z\library\startup_MKL25Z4.s
      At line 359 in file ..\..\platform\FRDM-KL25Z\library\startup_MKL25Z4.s

3 symbols



ARM Macro Assembler    Page 1 Alphabetic symbol ordering
Relocatable symbols

HEAP 00000000

Symbol: HEAP
   Definitions
      At line 32 in file ..\..\platform\FRDM-KL25Z\library\startup_MKL25Z4.s
   Uses
      None
Comment: HEAP unused
Heap_Mem 00000000

Symbol: Heap_Mem
   Definitions
      At line 34 in file ..\..\platform\FRDM-KL25Z\library\startup_MKL25Z4.s
   Uses
      None
Comment: Heap_Mem unused
__heap_base 00000000

Symbol: __heap_base
   Definitions
      At line 33 in file ..\..\platform\FRDM-KL25Z\library\startup_MKL25Z4.s
   Uses
      At line 360 in file ..\..\platform\FRDM-KL25Z\library\startup_MKL25Z4.s
Comment: __heap_base used once
__heap_limit 00000000

Symbol: __heap_limit
   Definitions
      At line 35 in file ..\..\platform\FRDM-KL25Z\library\startup_MKL25Z4.s
   Uses
      At line 361 in file ..\..\platform\FRDM-KL25Z\library\startup_MKL25Z4.s
Comment: __heap_limit used once
4 symbols



ARM Macro Assembler    Page 1 Alphabetic symbol ordering
Relocatable symbols

RESET 00000000

Symbol: RESET
   Definitions
      At line 44 in file ..\..\platform\FRDM-KL25Z\library\startup_MKL25Z4.s
   Uses
      None
Comment: RESET unused
__Vectors 00000000

Symbol: __Vectors
   Definitions
      At line 49 in file ..\..\platform\FRDM-KL25Z\library\startup_MKL25Z4.s
   Uses
      At line 45 in file ..\..\platform\FRDM-KL25Z\library\startup_MKL25Z4.s
      At line 101 in file ..\..\platform\FRDM-KL25Z\library\startup_MKL25Z4.s

__Vectors_End 000000C0

Symbol: __Vectors_End
   Definitions
      At line 99 in file ..\..\platform\FRDM-KL25Z\library\startup_MKL25Z4.s
   Uses
      At line 46 in file ..\..\platform\FRDM-KL25Z\library\startup_MKL25Z4.s
      At line 101 in file ..\..\platform\FRDM-KL25Z\library\startup_MKL25Z4.s

3 symbols



ARM Macro Assembler    Page 1 Alphabetic symbol ordering
Relocatable symbols

.ARM.__at_0x400 00000000

Symbol: .ARM.__at_0x400
   Definitions
      At line 231 in file ..\..\platform\FRDM-KL25Z\library\startup_MKL25Z4.s
   Uses
      None
Comment: .ARM.__at_0x400 unused
1 symbol



ARM Macro Assembler    Page 1 Alphabetic symbol ordering
Relocatable symbols

.text 00000000

Symbol: .text
   Definitions
      At line 238 in file ..\..\platform\FRDM-KL25Z\library\startup_MKL25Z4.s
   Uses
      None
Comment: .text unused
ADC0_IRQHandler 00000012

Symbol: ADC0_IRQHandler
   Definitions
      At line 328 in file ..\..\platform\FRDM-KL25Z\library\startup_MKL25Z4.s
   Uses
      At line 82 in file ..\..\platform\FRDM-KL25Z\library\startup_MKL25Z4.s
      At line 294 in file ..\..\platform\FRDM-KL25Z\library\startup_MKL25Z4.s

CMP0_IRQHandler 00000012

Symbol: CMP0_IRQHandler
   Definitions
      At line 329 in file ..\..\platform\FRDM-KL25Z\library\startup_MKL25Z4.s
   Uses
      At line 83 in file ..\..\platform\FRDM-KL25Z\library\startup_MKL25Z4.s
      At line 295 in file ..\..\platform\FRDM-KL25Z\library\startup_MKL25Z4.s

DAC0_IRQHandler 00000012

Symbol: DAC0_IRQHandler
   Definitions
      At line 338 in file ..\..\platform\FRDM-KL25Z\library\startup_MKL25Z4.s
   Uses
      At line 92 in file ..\..\platform\FRDM-KL25Z\library\startup_MKL25Z4.s
      At line 304 in file ..\..\platform\FRDM-KL25Z\library\startup_MKL25Z4.s

DMA0_IRQHandler 00000012

Symbol: DMA0_IRQHandler
   Definitions
      At line 313 in file ..\..\platform\FRDM-KL25Z\library\startup_MKL25Z4.s
   Uses
      At line 67 in file ..\..\platform\FRDM-KL25Z\library\startup_MKL25Z4.s
      At line 279 in file ..\..\platform\FRDM-KL25Z\library\startup_MKL25Z4.s

DMA1_IRQHandler 00000012

Symbol: DMA1_IRQHandler
   Definitions
      At line 314 in file ..\..\platform\FRDM-KL25Z\library\startup_MKL25Z4.s
   Uses
      At line 68 in file ..\..\platform\FRDM-KL25Z\library\startup_MKL25Z4.s
      At line 280 in file ..\..\platform\FRDM-KL25Z\library\startup_MKL25Z4.s

DMA2_IRQHandler 00000012

Symbol: DMA2_IRQHandler
   Definitions
      At line 315 in file ..\..\platform\FRDM-KL25Z\library\startup_MKL25Z4.s
   Uses



ARM Macro Assembler    Page 2 Alphabetic symbol ordering
Relocatable symbols

      At line 69 in file ..\..\platform\FRDM-KL25Z\library\startup_MKL25Z4.s
      At line 281 in file ..\..\platform\FRDM-KL25Z\library\startup_MKL25Z4.s

DMA3_IRQHandler 00000012

Symbol: DMA3_IRQHandler
   Definitions
      At line 316 in file ..\..\platform\FRDM-KL25Z\library\startup_MKL25Z4.s
   Uses
      At line 70 in file ..\..\platform\FRDM-KL25Z\library\startup_MKL25Z4.s
      At line 282 in file ..\..\platform\FRDM-KL25Z\library\startup_MKL25Z4.s

DefaultISR 00000012

Symbol: DefaultISR
   Definitions
      At line 345 in file ..\..\platform\FRDM-KL25Z\library\startup_MKL25Z4.s
   Uses
      At line 311 in file ..\..\platform\FRDM-KL25Z\library\startup_MKL25Z4.s
Comment: DefaultISR used once
Default_Handler 00000012

Symbol: Default_Handler
   Definitions
      At line 278 in file ..\..\platform\FRDM-KL25Z\library\startup_MKL25Z4.s
   Uses
      None
Comment: Default_Handler unused
FTFA_IRQHandler 00000012

Symbol: FTFA_IRQHandler
   Definitions
      At line 318 in file ..\..\platform\FRDM-KL25Z\library\startup_MKL25Z4.s
   Uses
      At line 72 in file ..\..\platform\FRDM-KL25Z\library\startup_MKL25Z4.s
      At line 284 in file ..\..\platform\FRDM-KL25Z\library\startup_MKL25Z4.s

HardFault_Handler 0000000A

Symbol: HardFault_Handler
   Definitions
      At line 261 in file ..\..\platform\FRDM-KL25Z\library\startup_MKL25Z4.s
   Uses
      At line 52 in file ..\..\platform\FRDM-KL25Z\library\startup_MKL25Z4.s
      At line 262 in file ..\..\platform\FRDM-KL25Z\library\startup_MKL25Z4.s

I2C0_IRQHandler 00000012

Symbol: I2C0_IRQHandler
   Definitions
      At line 321 in file ..\..\platform\FRDM-KL25Z\library\startup_MKL25Z4.s
   Uses
      At line 75 in file ..\..\platform\FRDM-KL25Z\library\startup_MKL25Z4.s
      At line 287 in file ..\..\platform\FRDM-KL25Z\library\startup_MKL25Z4.s

I2C1_IRQHandler 00000012

Symbol: I2C1_IRQHandler
   Definitions



ARM Macro Assembler    Page 3 Alphabetic symbol ordering
Relocatable symbols

      At line 322 in file ..\..\platform\FRDM-KL25Z\library\startup_MKL25Z4.s
   Uses
      At line 76 in file ..\..\platform\FRDM-KL25Z\library\startup_MKL25Z4.s
      At line 288 in file ..\..\platform\FRDM-KL25Z\library\startup_MKL25Z4.s

LLW_IRQHandler 00000012

Symbol: LLW_IRQHandler
   Definitions
      At line 320 in file ..\..\platform\FRDM-KL25Z\library\startup_MKL25Z4.s
   Uses
      At line 74 in file ..\..\platform\FRDM-KL25Z\library\startup_MKL25Z4.s
      At line 286 in file ..\..\platform\FRDM-KL25Z\library\startup_MKL25Z4.s

LPTimer_IRQHandler 00000012

Symbol: LPTimer_IRQHandler
   Definitions
      At line 341 in file ..\..\platform\FRDM-KL25Z\library\startup_MKL25Z4.s
   Uses
      At line 95 in file ..\..\platform\FRDM-KL25Z\library\startup_MKL25Z4.s
      At line 307 in file ..\..\platform\FRDM-KL25Z\library\startup_MKL25Z4.s

LVD_LVW_IRQHandler 00000012

Symbol: LVD_LVW_IRQHandler
   Definitions
      At line 319 in file ..\..\platform\FRDM-KL25Z\library\startup_MKL25Z4.s
   Uses
      At line 73 in file ..\..\platform\FRDM-KL25Z\library\startup_MKL25Z4.s
      At line 285 in file ..\..\platform\FRDM-KL25Z\library\startup_MKL25Z4.s

MCG_IRQHandler 00000012

Symbol: MCG_IRQHandler
   Definitions
      At line 340 in file ..\..\platform\FRDM-KL25Z\library\startup_MKL25Z4.s
   Uses
      At line 94 in file ..\..\platform\FRDM-KL25Z\library\startup_MKL25Z4.s
      At line 306 in file ..\..\platform\FRDM-KL25Z\library\startup_MKL25Z4.s

NMI_Handler 00000008

Symbol: NMI_Handler
   Definitions
      At line 256 in file ..\..\platform\FRDM-KL25Z\library\startup_MKL25Z4.s
   Uses
      At line 51 in file ..\..\platform\FRDM-KL25Z\library\startup_MKL25Z4.s
      At line 257 in file ..\..\platform\FRDM-KL25Z\library\startup_MKL25Z4.s

PIT_IRQHandler 00000012

Symbol: PIT_IRQHandler
   Definitions
      At line 335 in file ..\..\platform\FRDM-KL25Z\library\startup_MKL25Z4.s
   Uses
      At line 89 in file ..\..\platform\FRDM-KL25Z\library\startup_MKL25Z4.s
      At line 301 in file ..\..\platform\FRDM-KL25Z\library\startup_MKL25Z4.s




ARM Macro Assembler    Page 4 Alphabetic symbol ordering
Relocatable symbols

PORTA_IRQHandler 00000012

Symbol: PORTA_IRQHandler
   Definitions
      At line 343 in file ..\..\platform\FRDM-KL25Z\library\startup_MKL25Z4.s
   Uses
      At line 97 in file ..\..\platform\FRDM-KL25Z\library\startup_MKL25Z4.s
      At line 309 in file ..\..\platform\FRDM-KL25Z\library\startup_MKL25Z4.s

PORTD_IRQHandler 00000012

Symbol: PORTD_IRQHandler
   Definitions
      At line 344 in file ..\..\platform\FRDM-KL25Z\library\startup_MKL25Z4.s
   Uses
      At line 98 in file ..\..\platform\FRDM-KL25Z\library\startup_MKL25Z4.s
      At line 310 in file ..\..\platform\FRDM-KL25Z\library\startup_MKL25Z4.s

PendSV_Handler 0000000E

Symbol: PendSV_Handler
   Definitions
      At line 269 in file ..\..\platform\FRDM-KL25Z\library\startup_MKL25Z4.s
   Uses
      At line 63 in file ..\..\platform\FRDM-KL25Z\library\startup_MKL25Z4.s
      At line 270 in file ..\..\platform\FRDM-KL25Z\library\startup_MKL25Z4.s

RTC_IRQHandler 00000012

Symbol: RTC_IRQHandler
   Definitions
      At line 333 in file ..\..\platform\FRDM-KL25Z\library\startup_MKL25Z4.s
   Uses
      At line 87 in file ..\..\platform\FRDM-KL25Z\library\startup_MKL25Z4.s
      At line 299 in file ..\..\platform\FRDM-KL25Z\library\startup_MKL25Z4.s

RTC_Seconds_IRQHandler 00000012

Symbol: RTC_Seconds_IRQHandler
   Definitions
      At line 334 in file ..\..\platform\FRDM-KL25Z\library\startup_MKL25Z4.s
   Uses
      At line 88 in file ..\..\platform\FRDM-KL25Z\library\startup_MKL25Z4.s
      At line 300 in file ..\..\platform\FRDM-KL25Z\library\startup_MKL25Z4.s

Reserved20_IRQHandler 00000012

Symbol: Reserved20_IRQHandler
   Definitions
      At line 317 in file ..\..\platform\FRDM-KL25Z\library\startup_MKL25Z4.s
   Uses
      At line 71 in file ..\..\platform\FRDM-KL25Z\library\startup_MKL25Z4.s
      At line 283 in file ..\..\platform\FRDM-KL25Z\library\startup_MKL25Z4.s

Reserved39_IRQHandler 00000012

Symbol: Reserved39_IRQHandler
   Definitions
      At line 336 in file ..\..\platform\FRDM-KL25Z\library\startup_MKL25Z4.s



ARM Macro Assembler    Page 5 Alphabetic symbol ordering
Relocatable symbols

   Uses
      At line 90 in file ..\..\platform\FRDM-KL25Z\library\startup_MKL25Z4.s
      At line 302 in file ..\..\platform\FRDM-KL25Z\library\startup_MKL25Z4.s

Reserved45_IRQHandler 00000012

Symbol: Reserved45_IRQHandler
   Definitions
      At line 342 in file ..\..\platform\FRDM-KL25Z\library\startup_MKL25Z4.s
   Uses
      At line 96 in file ..\..\platform\FRDM-KL25Z\library\startup_MKL25Z4.s
      At line 308 in file ..\..\platform\FRDM-KL25Z\library\startup_MKL25Z4.s

Reset_Handler 00000000

Symbol: Reset_Handler
   Definitions
      At line 243 in file ..\..\platform\FRDM-KL25Z\library\startup_MKL25Z4.s
   Uses
      At line 50 in file ..\..\platform\FRDM-KL25Z\library\startup_MKL25Z4.s
      At line 244 in file ..\..\platform\FRDM-KL25Z\library\startup_MKL25Z4.s

SPI0_IRQHandler 00000012

Symbol: SPI0_IRQHandler
   Definitions
      At line 323 in file ..\..\platform\FRDM-KL25Z\library\startup_MKL25Z4.s
   Uses
      At line 77 in file ..\..\platform\FRDM-KL25Z\library\startup_MKL25Z4.s
      At line 289 in file ..\..\platform\FRDM-KL25Z\library\startup_MKL25Z4.s

SPI1_IRQHandler 00000012

Symbol: SPI1_IRQHandler
   Definitions
      At line 324 in file ..\..\platform\FRDM-KL25Z\library\startup_MKL25Z4.s
   Uses
      At line 78 in file ..\..\platform\FRDM-KL25Z\library\startup_MKL25Z4.s
      At line 290 in file ..\..\platform\FRDM-KL25Z\library\startup_MKL25Z4.s

SVC_Handler 0000000C

Symbol: SVC_Handler
   Definitions
      At line 265 in file ..\..\platform\FRDM-KL25Z\library\startup_MKL25Z4.s
   Uses
      At line 60 in file ..\..\platform\FRDM-KL25Z\library\startup_MKL25Z4.s
      At line 266 in file ..\..\platform\FRDM-KL25Z\library\startup_MKL25Z4.s

SysTick_Handler 00000010

Symbol: SysTick_Handler
   Definitions
      At line 273 in file ..\..\platform\FRDM-KL25Z\library\startup_MKL25Z4.s
   Uses
      At line 64 in file ..\..\platform\FRDM-KL25Z\library\startup_MKL25Z4.s
      At line 274 in file ..\..\platform\FRDM-KL25Z\library\startup_MKL25Z4.s

TPM0_IRQHandler 00000012



ARM Macro Assembler    Page 6 Alphabetic symbol ordering
Relocatable symbols


Symbol: TPM0_IRQHandler
   Definitions
      At line 330 in file ..\..\platform\FRDM-KL25Z\library\startup_MKL25Z4.s
   Uses
      At line 84 in file ..\..\platform\FRDM-KL25Z\library\startup_MKL25Z4.s
      At line 296 in file ..\..\platform\FRDM-KL25Z\library\startup_MKL25Z4.s

TPM1_IRQHandler 00000012

Symbol: TPM1_IRQHandler
   Definitions
      At line 331 in file ..\..\platform\FRDM-KL25Z\library\startup_MKL25Z4.s
   Uses
      At line 85 in file ..\..\platform\FRDM-KL25Z\library\startup_MKL25Z4.s
      At line 297 in file ..\..\platform\FRDM-KL25Z\library\startup_MKL25Z4.s

TPM2_IRQHandler 00000012

Symbol: TPM2_IRQHandler
   Definitions
      At line 332 in file ..\..\platform\FRDM-KL25Z\library\startup_MKL25Z4.s
   Uses
      At line 86 in file ..\..\platform\FRDM-KL25Z\library\startup_MKL25Z4.s
      At line 298 in file ..\..\platform\FRDM-KL25Z\library\startup_MKL25Z4.s

TSI0_IRQHandler 00000012

Symbol: TSI0_IRQHandler
   Definitions
      At line 339 in file ..\..\platform\FRDM-KL25Z\library\startup_MKL25Z4.s
   Uses
      At line 93 in file ..\..\platform\FRDM-KL25Z\library\startup_MKL25Z4.s
      At line 305 in file ..\..\platform\FRDM-KL25Z\library\startup_MKL25Z4.s

UART0_IRQHandler 00000012

Symbol: UART0_IRQHandler
   Definitions
      At line 325 in file ..\..\platform\FRDM-KL25Z\library\startup_MKL25Z4.s
   Uses
      At line 79 in file ..\..\platform\FRDM-KL25Z\library\startup_MKL25Z4.s
      At line 291 in file ..\..\platform\FRDM-KL25Z\library\startup_MKL25Z4.s

UART1_IRQHandler 00000012

Symbol: UART1_IRQHandler
   Definitions
      At line 326 in file ..\..\platform\FRDM-KL25Z\library\startup_MKL25Z4.s
   Uses
      At line 80 in file ..\..\platform\FRDM-KL25Z\library\startup_MKL25Z4.s
      At line 292 in file ..\..\platform\FRDM-KL25Z\library\startup_MKL25Z4.s

UART2_IRQHandler 00000012

Symbol: UART2_IRQHandler
   Definitions
      At line 327 in file ..\..\platform\FRDM-KL25Z\library\startup_MKL25Z4.s
   Uses



ARM Macro Assembler    Page 7 Alphabetic symbol ordering
Relocatable symbols

      At line 81 in file ..\..\platform\FRDM-KL25Z\library\startup_MKL25Z4.s
      At line 293 in file ..\..\platform\FRDM-KL25Z\library\startup_MKL25Z4.s

USB0_IRQHandler 00000012

Symbol: USB0_IRQHandler
   Definitions
      At line 337 in file ..\..\platform\FRDM-KL25Z\library\startup_MKL25Z4.s
   Uses
      At line 91 in file ..\..\platform\FRDM-KL25Z\library\startup_MKL25Z4.s
      At line 303 in file ..\..\platform\FRDM-KL25Z\library\startup_MKL25Z4.s

41 symbols



ARM Macro Assembler    Page 1 Alphabetic symbol ordering
Absolute symbols

BackDoorK0 000000FF

Symbol: BackDoorK0
   Definitions
      At line 115 in file ..\..\platform\FRDM-KL25Z\library\startup_MKL25Z4.s
   Uses
      At line 232 in file ..\..\platform\FRDM-KL25Z\library\startup_MKL25Z4.s
Comment: BackDoorK0 used once
BackDoorK1 000000FF

Symbol: BackDoorK1
   Definitions
      At line 116 in file ..\..\platform\FRDM-KL25Z\library\startup_MKL25Z4.s
   Uses
      At line 232 in file ..\..\platform\FRDM-KL25Z\library\startup_MKL25Z4.s
Comment: BackDoorK1 used once
BackDoorK2 000000FF

Symbol: BackDoorK2
   Definitions
      At line 117 in file ..\..\platform\FRDM-KL25Z\library\startup_MKL25Z4.s
   Uses
      At line 232 in file ..\..\platform\FRDM-KL25Z\library\startup_MKL25Z4.s
Comment: BackDoorK2 used once
BackDoorK3 000000FF

Symbol: BackDoorK3
   Definitions
      At line 118 in file ..\..\platform\FRDM-KL25Z\library\startup_MKL25Z4.s
   Uses
      At line 232 in file ..\..\platform\FRDM-KL25Z\library\startup_MKL25Z4.s
Comment: BackDoorK3 used once
BackDoorK4 000000FF

Symbol: BackDoorK4
   Definitions
      At line 119 in file ..\..\platform\FRDM-KL25Z\library\startup_MKL25Z4.s
   Uses
      At line 233 in file ..\..\platform\FRDM-KL25Z\library\startup_MKL25Z4.s
Comment: BackDoorK4 used once
BackDoorK5 000000FF

Symbol: BackDoorK5
   Definitions
      At line 120 in file ..\..\platform\FRDM-KL25Z\library\startup_MKL25Z4.s
   Uses
      At line 233 in file ..\..\platform\FRDM-KL25Z\library\startup_MKL25Z4.s
Comment: BackDoorK5 used once
BackDoorK6 000000FF

Symbol: BackDoorK6
   Definitions
      At line 121 in file ..\..\platform\FRDM-KL25Z\library\startup_MKL25Z4.s
   Uses
      At line 233 in file ..\..\platform\FRDM-KL25Z\library\startup_MKL25Z4.s
Comment: BackDoorK6 used once
BackDoorK7 000000FF

Symbol: BackDoorK7



ARM Macro Assembler    Page 2 Alphabetic symbol ordering
Absolute symbols

   Definitions
      At line 122 in file ..\..\platform\FRDM-KL25Z\library\startup_MKL25Z4.s
   Uses
      At line 233 in file ..\..\platform\FRDM-KL25Z\library\startup_MKL25Z4.s
Comment: BackDoorK7 used once
FOPT 000000FF

Symbol: FOPT
   Definitions
      At line 202 in file ..\..\platform\FRDM-KL25Z\library\startup_MKL25Z4.s
   Uses
      At line 235 in file ..\..\platform\FRDM-KL25Z\library\startup_MKL25Z4.s
Comment: FOPT used once
FPROT0 000000FF

Symbol: FPROT0
   Definitions
      At line 139 in file ..\..\platform\FRDM-KL25Z\library\startup_MKL25Z4.s
   Uses
      At line 234 in file ..\..\platform\FRDM-KL25Z\library\startup_MKL25Z4.s
Comment: FPROT0 used once
FPROT1 000000FF

Symbol: FPROT1
   Definitions
      At line 153 in file ..\..\platform\FRDM-KL25Z\library\startup_MKL25Z4.s
   Uses
      At line 234 in file ..\..\platform\FRDM-KL25Z\library\startup_MKL25Z4.s
Comment: FPROT1 used once
FPROT2 000000FF

Symbol: FPROT2
   Definitions
      At line 167 in file ..\..\platform\FRDM-KL25Z\library\startup_MKL25Z4.s
   Uses
      At line 234 in file ..\..\platform\FRDM-KL25Z\library\startup_MKL25Z4.s
Comment: FPROT2 used once
FPROT3 000000FF

Symbol: FPROT3
   Definitions
      At line 181 in file ..\..\platform\FRDM-KL25Z\library\startup_MKL25Z4.s
   Uses
      At line 234 in file ..\..\platform\FRDM-KL25Z\library\startup_MKL25Z4.s
Comment: FPROT3 used once
FSEC 000000FE

Symbol: FSEC
   Definitions
      At line 227 in file ..\..\platform\FRDM-KL25Z\library\startup_MKL25Z4.s
   Uses
      At line 235 in file ..\..\platform\FRDM-KL25Z\library\startup_MKL25Z4.s
Comment: FSEC used once
Heap_Size 00000000

Symbol: Heap_Size
   Definitions
      At line 30 in file ..\..\platform\FRDM-KL25Z\library\startup_MKL25Z4.s
   Uses



ARM Macro Assembler    Page 3 Alphabetic symbol ordering
Absolute symbols

      At line 34 in file ..\..\platform\FRDM-KL25Z\library\startup_MKL25Z4.s
Comment: Heap_Size used once
Stack_Size 00000400

Symbol: Stack_Size
   Definitions
      At line 19 in file ..\..\platform\FRDM-KL25Z\library\startup_MKL25Z4.s
   Uses
      At line 22 in file ..\..\platform\FRDM-KL25Z\library\startup_MKL25Z4.s
Comment: Stack_Size used once
__Vectors_Size 000000C0

Symbol: __Vectors_Size
   Definitions
      At line 101 in file ..\..\platform\FRDM-KL25Z\library\startup_MKL25Z4.s
   Uses
      At line 47 in file ..\..\platform\FRDM-KL25Z\library\startup_MKL25Z4.s
Comment: __Vectors_Size used once
nFPROT0 00000000

Symbol: nFPROT0
   Definitions
      At line 138 in file ..\..\platform\FRDM-KL25Z\library\startup_MKL25Z4.s
   Uses
      At line 139 in file ..\..\platform\FRDM-KL25Z\library\startup_MKL25Z4.s
Comment: nFPROT0 used once
nFPROT1 00000000

Symbol: nFPROT1
   Definitions
      At line 152 in file ..\..\platform\FRDM-KL25Z\library\startup_MKL25Z4.s
   Uses
      At line 153 in file ..\..\platform\FRDM-KL25Z\library\startup_MKL25Z4.s
Comment: nFPROT1 used once
nFPROT2 00000000

Symbol: nFPROT2
   Definitions
      At line 166 in file ..\..\platform\FRDM-KL25Z\library\startup_MKL25Z4.s
   Uses
      At line 167 in file ..\..\platform\FRDM-KL25Z\library\startup_MKL25Z4.s
Comment: nFPROT2 used once
nFPROT3 00000000

Symbol: nFPROT3
   Definitions
      At line 180 in file ..\..\platform\FRDM-KL25Z\library\startup_MKL25Z4.s
   Uses
      At line 181 in file ..\..\platform\FRDM-KL25Z\library\startup_MKL25Z4.s
Comment: nFPROT3 used once
21 symbols



ARM Macro Assembler    Page 1 Alphabetic symbol ordering
External symbols

SystemInit 00000000

Symbol: SystemInit
   Definitions
      At line 245 in file ..\..\platform\FRDM-KL25Z\library\startup_MKL25Z4.s
   Uses
      At line 247 in file ..\..\platform\FRDM-KL25Z\library\startup_MKL25Z4.s
Comment: SystemInit used once
__main 00000000

Symbol: __main
   Definitions
      At line 246 in file ..\..\platform\FRDM-KL25Z\library\startup_MKL25Z4.s
   Uses
      At line 249 in file ..\..\platform\FRDM-KL25Z\library\startup_MKL25Z4.s
Comment: __main used once
2 symbols
413 symbols in table
